#
# There is insufficient memory for the Java Runtime Environment to continue.
# Native memory allocation (mmap) failed to map 65536 bytes for Failed to commit metaspace.
# Possible reasons:
#   The system is out of physical RAM or swap space
#   The process is running with CompressedOops enabled, and the Java Heap may be blocking the growth of the native heap
# Possible solutions:
#   Reduce memory load on the system
#   Increase physical memory or swap space
#   Check if swap backing store is full
#   Decrease Java heap size (-Xmx/-Xms)
#   Decrease number of Java threads
#   Decrease Java thread stack sizes (-Xss)
#   Set larger code cache with -XX:ReservedCodeCacheSize=
#   JVM is running with Unscaled Compressed Oops mode in which the Java heap is
#     placed in the first 4GB address space. The Java Heap base address is the
#     maximum limit for the native heap growth. Please use -XX:HeapBaseMinAddress
#     to set the Java Heap base and to place the Java Heap above 4GB virtual address.
# This output file may be truncated or incomplete.
#
#  Out of Memory Error (virtualSpaceNode.cpp:110), pid=18168, tid=2516
#
# JRE version: OpenJDK Runtime Environment Temurin-17.0.6+10 (17.0.6+10) (build 17.0.6+10)
# Java VM: OpenJDK 64-Bit Server VM Temurin-17.0.6+10 (17.0.6+10, mixed mode, tiered, compressed oops, compressed class ptrs, parallel gc, windows-amd64)
# No core dump will be written. Minidumps are not enabled by default on client versions of Windows
#

---------------  S U M M A R Y ------------

Command Line: --add-modules=ALL-SYSTEM --add-opens=java.base/java.util=ALL-UNNAMED --add-opens=java.base/java.lang=ALL-UNNAMED --add-opens=java.base/sun.nio.fs=ALL-UNNAMED -Declipse.application=org.eclipse.jdt.ls.core.id1 -Dosgi.bundles.defaultStartLevel=4 -Declipse.product=org.eclipse.jdt.ls.core.product -Djava.import.generatesMetadataFilesAtProjectRoot=false -Dfile.encoding=utf8 -XX:+UseParallelGC -XX:GCTimeRatio=4 -XX:AdaptiveSizePolicyWeight=90 -Dsun.zip.disableMemoryMapping=true -Xmx1G -Xms100m -Xlog:disable -javaagent:c:\Users\Dell\.vscode\extensions\redhat.java-1.15.0-win32-x64\lombok\lombok-1.18.24.jar -XX:+HeapDumpOnOutOfMemoryError -XX:HeapDumpPath=c:\Users\Dell\AppData\Roaming\Code\User\workspaceStorage\260a88c1d7930a780f85555224e0a4b2\redhat.java c:\Users\Dell\.vscode\extensions\redhat.java-1.15.0-win32-x64\server\plugins\org.eclipse.equinox.launcher_1.6.400.v20210924-0641.jar -configuration c:\Users\Dell\AppData\Roaming\Code\User\globalStorage\redhat.java\1.15.0\config_win -data c:\Users\Dell\AppData\Roaming\Code\User\workspaceStorage\260a88c1d7930a780f85555224e0a4b2\redhat.java\jdt_ws

Host: Intel(R) Core(TM) i7-8565U CPU @ 1.80GHz, 8 cores, 15G,  Windows 11 , 64 bit Build 22621 (10.0.22621.1105)
Time: Wed Mar  1 15:06:16 2023 Egypt Standard Time elapsed time: 63.125477 seconds (0d 0h 1m 3s)

---------------  T H R E A D  ---------------

Current thread (0x00000211782cad90):  JavaThread "Worker-3: Building" [_thread_in_vm, id=2516, stack(0x0000001949700000,0x0000001949800000)]

Stack: [0x0000001949700000,0x0000001949800000]
Native frames: (J=compiled Java code, j=interpreted, Vv=VM code, C=native code)
V  [jvm.dll+0x67741a]
V  [jvm.dll+0x834434]
V  [jvm.dll+0x835bde]
V  [jvm.dll+0x836243]
V  [jvm.dll+0x2457b5]
V  [jvm.dll+0x8304cb]
V  [jvm.dll+0x61bca6]
V  [jvm.dll+0x1c05fe]
V  [jvm.dll+0x61e5f1]
V  [jvm.dll+0x61c646]
V  [jvm.dll+0x24320c]
V  [jvm.dll+0x6cd84d]
V  [jvm.dll+0x6ce27f]
V  [jvm.dll+0x36fd73]
V  [jvm.dll+0x36ef52]
V  [jvm.dll+0x36eef8]
V  [jvm.dll+0x37ed0a]
C  0x000002116a66ae1b

Java frames: (J=compiled Java code, j=interpreted, Vv=VM code)
j  org.eclipse.jdt.internal.core.builder.JavaBuilder.initializeBuilder(IZ)I+158
j  org.eclipse.jdt.internal.core.builder.JavaBuilder.build(ILjava/util/Map;Lorg/eclipse/core/runtime/IProgressMonitor;)[Lorg/eclipse/core/resources/IProject;+139
j  org.eclipse.core.internal.events.BuildManager$2.run()V+27
j  org.eclipse.core.runtime.SafeRunner.run(Lorg/eclipse/core/runtime/ISafeRunnable;)V+5
j  org.eclipse.core.internal.events.BuildManager.basicBuild(ILorg/eclipse/core/resources/IncrementalProjectBuilder;Ljava/util/Map;Lorg/eclipse/core/runtime/MultiStatus;Lorg/eclipse/core/runtime/IProgressMonitor;)V+499
j  org.eclipse.core.internal.events.BuildManager.basicBuild(Lorg/eclipse/core/resources/IBuildConfiguration;ILorg/eclipse/core/resources/IBuildContext;[Lorg/eclipse/core/resources/ICommand;Lorg/eclipse/core/runtime/MultiStatus;Lorg/eclipse/core/runtime/IProgressMonitor;)V+116
j  org.eclipse.core.internal.events.BuildManager$1.run()V+28
j  org.eclipse.core.runtime.SafeRunner.run(Lorg/eclipse/core/runtime/ISafeRunnable;)V+5
j  org.eclipse.core.internal.events.BuildManager.basicBuild(Lorg/eclipse/core/resources/IBuildConfiguration;ILorg/eclipse/core/resources/IBuildContext;Lorg/eclipse/core/runtime/MultiStatus;Lorg/eclipse/core/runtime/IProgressMonitor;)V+110
j  org.eclipse.core.internal.events.BuildManager.basicBuildLoop([Lorg/eclipse/core/resources/IBuildConfiguration;[Lorg/eclipse/core/resources/IBuildConfiguration;ILorg/eclipse/core/runtime/MultiStatus;Lorg/eclipse/core/runtime/IProgressMonitor;IZ)V+119
j  org.eclipse.core.internal.events.BuildManager.basicBuildLoop([Lorg/eclipse/core/resources/IBuildConfiguration;[Lorg/eclipse/core/resources/IBuildConfiguration;ILorg/eclipse/core/runtime/MultiStatus;Lorg/eclipse/core/runtime/IProgressMonitor;)V+102
j  org.eclipse.core.internal.events.BuildManager.build([Lorg/eclipse/core/resources/IBuildConfiguration;[Lorg/eclipse/core/resources/IBuildConfiguration;ILorg/eclipse/core/runtime/IProgressMonitor;)Lorg/eclipse/core/runtime/IStatus;+51
j  org.eclipse.core.internal.events.AutoBuildJob.doBuild(Lorg/eclipse/core/runtime/IProgressMonitor;)V+101
j  org.eclipse.core.internal.events.AutoBuildJob.run(Lorg/eclipse/core/runtime/IProgressMonitor;)Lorg/eclipse/core/runtime/IStatus;+63
j  org.eclipse.core.internal.jobs.Worker.run()V+32
v  ~StubRoutines::call_stub

---------------  P R O C E S S  ---------------

Threads class SMR info:
_java_thread_list=0x000002117c32fcf0, length=29, elements={
0x00000211604c7070, 0x0000021174315f40, 0x0000021174317290, 0x0000021175c76680,
0x0000021175c78f50, 0x0000021175c79810, 0x0000021175c7a0d0, 0x0000021175c7acc0,
0x0000021175cddbb0, 0x0000021175cdec30, 0x0000021175df4770, 0x0000021176dd8050,
0x000002117800a4c0, 0x0000021177594020, 0x000002117817f730, 0x000002117826ceb0,
0x0000021178336140, 0x00000211783f0730, 0x00000211782c90b0, 0x00000211782c9f20,
0x00000211782cb260, 0x00000211782cad90, 0x00000211782cb730, 0x00000211782c7d70,
0x00000211782c8240, 0x00000211782c9580, 0x00000211782ca8c0, 0x000002117a498cc0,
0x000002117a497980
}

Java Threads: ( => current thread )
  0x00000211604c7070 JavaThread "main" [_thread_blocked, id=4832, stack(0x0000001947600000,0x0000001947700000)]
  0x0000021174315f40 JavaThread "Reference Handler" daemon [_thread_blocked, id=9840, stack(0x0000001947900000,0x0000001947a00000)]
  0x0000021174317290 JavaThread "Finalizer" daemon [_thread_blocked, id=13612, stack(0x0000001947a00000,0x0000001947b00000)]
  0x0000021175c76680 JavaThread "Signal Dispatcher" daemon [_thread_blocked, id=10076, stack(0x0000001947b00000,0x0000001947c00000)]
  0x0000021175c78f50 JavaThread "Attach Listener" daemon [_thread_blocked, id=4872, stack(0x0000001947c00000,0x0000001947d00000)]
  0x0000021175c79810 JavaThread "Service Thread" daemon [_thread_blocked, id=15728, stack(0x0000001947d00000,0x0000001947e00000)]
  0x0000021175c7a0d0 JavaThread "Monitor Deflation Thread" daemon [_thread_blocked, id=4944, stack(0x0000001947e00000,0x0000001947f00000)]
  0x0000021175c7acc0 JavaThread "C2 CompilerThread0" daemon [_thread_blocked, id=18892, stack(0x0000001947f00000,0x0000001948000000)]
  0x0000021175cddbb0 JavaThread "C1 CompilerThread0" daemon [_thread_blocked, id=16852, stack(0x0000001948000000,0x0000001948100000)]
  0x0000021175cdec30 JavaThread "Sweeper thread" daemon [_thread_blocked, id=19220, stack(0x0000001948100000,0x0000001948200000)]
  0x0000021175df4770 JavaThread "Common-Cleaner" daemon [_thread_blocked, id=13584, stack(0x0000001948200000,0x0000001948300000)]
  0x0000021176dd8050 JavaThread "Notification Thread" daemon [_thread_blocked, id=11400, stack(0x0000001948300000,0x0000001948400000)]
  0x000002117800a4c0 JavaThread "Active Thread: Equinox Container: 4d66d0d8-2b5a-44e3-bd8a-b596d286ec5d" [_thread_blocked, id=18516, stack(0x0000001948c00000,0x0000001948d00000)]
  0x0000021177594020 JavaThread "Framework Event Dispatcher: Equinox Container: 4d66d0d8-2b5a-44e3-bd8a-b596d286ec5d" daemon [_thread_blocked, id=16884, stack(0x0000001948d00000,0x0000001948e00000)]
  0x000002117817f730 JavaThread "Start Level: Equinox Container: 4d66d0d8-2b5a-44e3-bd8a-b596d286ec5d" daemon [_thread_blocked, id=8200, stack(0x0000001948e00000,0x0000001948f00000)]
  0x000002117826ceb0 JavaThread "SCR Component Actor" daemon [_thread_blocked, id=9848, stack(0x0000001948f00000,0x0000001949000000)]
  0x0000021178336140 JavaThread "Worker-JM" [_thread_blocked, id=9452, stack(0x0000001949200000,0x0000001949300000)]
  0x00000211783f0730 JavaThread "Worker-0" [_thread_blocked, id=4116, stack(0x0000001948500000,0x0000001948600000)]
  0x00000211782c90b0 JavaThread "Worker-1" [_thread_blocked, id=11376, stack(0x0000001949300000,0x0000001949400000)]
  0x00000211782c9f20 JavaThread "Java indexing" daemon [_thread_blocked, id=18756, stack(0x0000001949400000,0x0000001949500000)]
  0x00000211782cb260 JavaThread "Worker-2: Initialize workspace" [_thread_in_vm, id=3300, stack(0x0000001949600000,0x0000001949700000)]
=>0x00000211782cad90 JavaThread "Worker-3: Building" [_thread_in_vm, id=2516, stack(0x0000001949700000,0x0000001949800000)]
  0x00000211782cb730 JavaThread "JNA Cleaner" daemon [_thread_blocked, id=18420, stack(0x0000001949800000,0x0000001949900000)]
  0x00000211782c7d70 JavaThread "pool-2-thread-1" [_thread_blocked, id=9604, stack(0x0000001949900000,0x0000001949a00000)]
  0x00000211782c8240 JavaThread "pool-1-thread-1" [_thread_in_vm, id=10664, stack(0x0000001949b00000,0x0000001949c00000)]
  0x00000211782c9580 JavaThread "Timer-0" [_thread_blocked, id=368, stack(0x0000001949100000,0x0000001949200000)]
  0x00000211782ca8c0 JavaThread "Exec process" [_thread_blocked, id=17260, stack(0x0000001949e00000,0x0000001949f00000)]
  0x000002117a498cc0 JavaThread "Exec process Thread 2" [_thread_blocked, id=3732, stack(0x0000001949f00000,0x000000194a000000)]
  0x000002117a497980 JavaThread "Exec process Thread 3" [_thread_blocked, id=6216, stack(0x000000194a000000,0x000000194a100000)]

Other Threads:
  0x0000021175c414b0 VMThread "VM Thread" [stack: 0x0000001947800000,0x0000001947900000] [id=18500]
  0x0000021176dd8520 WatcherThread [stack: 0x0000001948400000,0x0000001948500000] [id=8228]
  0x00000211604dbb30 GCTaskThread "GC Thread#0" [stack: 0x0000001947700000,0x0000001947800000] [id=4164]
  0x00000211773e50e0 GCTaskThread "GC Thread#1" [stack: 0x0000001948600000,0x0000001948700000] [id=16920]
  0x0000021177519700 GCTaskThread "GC Thread#2" [stack: 0x0000001948700000,0x0000001948800000] [id=5428]
  0x000002117800bea0 GCTaskThread "GC Thread#3" [stack: 0x0000001948800000,0x0000001948900000] [id=2012]
  0x000002117800c150 GCTaskThread "GC Thread#4" [stack: 0x0000001948900000,0x0000001948a00000] [id=11428]
  0x000002117800c400 GCTaskThread "GC Thread#5" [stack: 0x0000001948a00000,0x0000001948b00000] [id=14956]
  0x000002117800c6b0 GCTaskThread "GC Thread#6" [stack: 0x0000001948b00000,0x0000001948c00000] [id=13604]
  0x00000211781d1780 GCTaskThread "GC Thread#7" [stack: 0x0000001949000000,0x0000001949100000] [id=3884]

Threads with active compile tasks:

VM state: not at safepoint (normal execution)

VM Mutex/Monitor currently owned by a thread:  ([mutex/lock_event])
[0x00000211604c1200] Metaspace_lock - owner thread: 0x00000211782cad90

Heap address: 0x00000000c0000000, size: 1024 MB, Compressed Oops mode: 32-bit

CDS archive(s) not mapped
Compressed class space mapped at: 0x0000000100000000-0x0000000140000000, reserved size: 1073741824
Narrow klass base: 0x0000000000000000, Narrow klass shift: 3, Narrow klass range: 0x140000000

GC Precious Log:
 CPUs: 8 total, 8 available
 Memory: 16257M
 Large Page Support: Disabled
 NUMA Support: Disabled
 Compressed Oops: Enabled (32-bit)
 Alignments: Space 512K, Generation 512K, Heap 2M
 Heap Min Capacity: 100M
 Heap Initial Capacity: 100M
 Heap Max Capacity: 1G
 Pre-touch: Disabled
 Parallel Workers: 8

Heap:
 PSYoungGen      total 21504K, used 7628K [0x00000000eab00000, 0x00000000ec680000, 0x0000000100000000)
  eden space 20480K, 34% used [0x00000000eab00000,0x00000000eb1e3218,0x00000000ebf00000)
  from space 1024K, 56% used [0x00000000ec580000,0x00000000ec610000,0x00000000ec680000)
  to   space 1024K, 0% used [0x00000000ec480000,0x00000000ec480000,0x00000000ec580000)
 ParOldGen       total 68608K, used 43466K [0x00000000c0000000, 0x00000000c4300000, 0x00000000eab00000)
  object space 68608K, 63% used [0x00000000c0000000,0x00000000c2a72a90,0x00000000c4300000)
 Metaspace       used 56169K, committed 57152K, reserved 1105920K
  class space    used 6556K, committed 7040K, reserved 1048576K

Card table byte_map: [0x000002115fe40000,0x0000021160050000] _byte_map_base: 0x000002115f840000

Marking Bits: (ParMarkBitMap*) 0x00007ffa418c3e70
 Begin Bits: [0x0000021172120000, 0x0000021173120000)
 End Bits:   [0x0000021173120000, 0x0000021174120000)

Polling page: 0x000002115e410000

Metaspace:

Usage:
  Non-class:     48.45 MB used.
      Class:      6.40 MB used.
       Both:     54.85 MB used.

Virtual space:
  Non-class space:       56.00 MB reserved,      48.94 MB ( 87%) committed,  7 nodes.
      Class space:        1.00 GB reserved,       6.88 MB ( <1%) committed,  1 nodes.
             Both:        1.05 GB reserved,      55.81 MB (  5%) committed. 

Chunk freelists:
   Non-Class:  2.80 MB
       Class:  1.10 MB
        Both:  3.90 MB

MaxMetaspaceSize: unlimited
CompressedClassSpaceSize: 1.00 GB
Initial GC threshold: 21.00 MB
Current GC threshold: 58.88 MB
CDS: off
MetaspaceReclaimPolicy: balanced
 - commit_granule_bytes: 65536.
 - commit_granule_words: 8192.
 - virtual_space_node_default_size: 1048576.
 - enlarge_chunks_in_place: 1.
 - new_chunks_are_fully_committed: 0.
 - uncommit_free_chunks: 1.
 - use_allocation_guard: 0.
 - handle_deallocations: 1.


Internal statistics:

num_allocs_failed_limit: 10.
num_arena_births: 428.
num_arena_deaths: 14.
num_vsnodes_births: 8.
num_vsnodes_deaths: 0.
num_space_committed: 893.
num_space_uncommitted: 0.
num_chunks_returned_to_freelist: 24.
num_chunks_taken_from_freelist: 2482.
num_chunk_merges: 14.
num_chunk_splits: 1606.
num_chunks_enlarged: 1042.
num_purges: 2.
num_inconsistent_stats: 0.

CodeHeap 'non-profiled nmethods': size=120000Kb used=3093Kb max_used=3093Kb free=116906Kb
 bounds [0x000002116abf0000, 0x000002116af00000, 0x0000021172120000]
CodeHeap 'profiled nmethods': size=120000Kb used=9343Kb max_used=10281Kb free=110656Kb
 bounds [0x0000021163120000, 0x0000021163b30000, 0x000002116a650000]
CodeHeap 'non-nmethods': size=5760Kb used=1298Kb max_used=1365Kb free=4462Kb
 bounds [0x000002116a650000, 0x000002116a8c0000, 0x000002116abf0000]
 total_blobs=5479 nmethods=4854 adapters=537
 compilation: enabled
              stopped_count=0, restarted_count=0
 full_count=0

Compilation events (20 events):
Event: 63.072 Thread 0x0000021175cddbb0 nmethod 5683 0x0000021163981c90 code [0x0000021163981e80, 0x0000021163982538]
Event: 63.072 Thread 0x0000021175cddbb0 5684       1       org.eclipse.core.internal.preferences.ImmutableMap$EmptyMap::get (2 bytes)
Event: 63.072 Thread 0x0000021175cddbb0 nmethod 5684 0x000002116aef3490 code [0x000002116aef3620, 0x000002116aef36f8]
Event: 63.074 Thread 0x0000021175cddbb0 5686       3       java.util.ImmutableCollections$AbstractImmutableList::<init> (5 bytes)
Event: 63.074 Thread 0x0000021175cddbb0 nmethod 5686 0x00000211634c6f10 code [0x00000211634c70c0, 0x00000211634c72f8]
Event: 63.082 Thread 0x0000021175c7acc0 nmethod 5682 0x000002116aef3a90 code [0x000002116aef3c20, 0x000002116aef4478]
Event: 63.085 Thread 0x0000021175cddbb0 5687       1       java.util.Calendar::getFirstDayOfWeek (5 bytes)
Event: 63.085 Thread 0x0000021175cddbb0 nmethod 5687 0x000002116aef4790 code [0x000002116aef4920, 0x000002116aef49f8]
Event: 63.086 Thread 0x0000021175cddbb0 5688       1       java.util.Calendar::getMinimalDaysInFirstWeek (5 bytes)
Event: 63.086 Thread 0x0000021175cddbb0 nmethod 5688 0x000002116aef4a90 code [0x000002116aef4c20, 0x000002116aef4cf8]
Event: 63.105 Thread 0x0000021175cddbb0 5689       3       java.util.concurrent.ConcurrentHashMap$Traverser::<init> (36 bytes)
Event: 63.105 Thread 0x0000021175cddbb0 nmethod 5689 0x0000021163981890 code [0x0000021163981a20, 0x0000021163981bb8]
Event: 63.106 Thread 0x0000021175cddbb0 5690       3       org.eclipse.core.internal.preferences.DefaultPreferences::getScopeRelativePath (43 bytes)
Event: 63.107 Thread 0x0000021175cddbb0 nmethod 5690 0x0000021163980c10 code [0x0000021163980e40, 0x00000211639815c8]
Event: 63.107 Thread 0x0000021175cddbb0 5691       3       org.eclipse.core.internal.registry.RegistryObjectManager::getHandles (235 bytes)
Event: 63.109 Thread 0x0000021175cddbb0 nmethod 5691 0x00000211639ee090 code [0x00000211639ee360, 0x00000211639ef888]
Event: 63.113 Thread 0x0000021175cddbb0 5692       3       org.eclipse.osgi.internal.framework.FilterImpl::match (19 bytes)
Event: 63.114 Thread 0x0000021175cddbb0 nmethod 5692 0x00000211632f0810 code [0x00000211632f0a40, 0x00000211632f1538]
Event: 63.114 Thread 0x0000021175cddbb0 5693       3       org.eclipse.osgi.internal.framework.FilterImpl$ServiceReferenceMap::asMap (27 bytes)
Event: 63.115 Thread 0x0000021175cddbb0 nmethod 5693 0x00000211632efa10 code [0x00000211632efc20, 0x00000211632f0528]

GC Heap History (20 events):
Event: 10.898 GC heap before
{Heap before GC invocations=19 (full 2):
 PSYoungGen      total 23040K, used 22624K [0x00000000eab00000, 0x00000000ec400000, 0x0000000100000000)
  eden space 20480K, 100% used [0x00000000eab00000,0x00000000ebf00000,0x00000000ebf00000)
  from space 2560K, 83% used [0x00000000ec180000,0x00000000ec398010,0x00000000ec400000)
  to   space 2560K, 0% used [0x00000000ebf00000,0x00000000ebf00000,0x00000000ec180000)
 ParOldGen       total 68608K, used 19532K [0x00000000c0000000, 0x00000000c4300000, 0x00000000eab00000)
  object space 68608K, 28% used [0x00000000c0000000,0x00000000c1313150,0x00000000c4300000)
 Metaspace       used 46799K, committed 47680K, reserved 1097728K
  class space    used 5083K, committed 5504K, reserved 1048576K
}
Event: 10.902 GC heap after
{Heap after GC invocations=19 (full 2):
 PSYoungGen      total 23040K, used 2400K [0x00000000eab00000, 0x00000000ec400000, 0x0000000100000000)
  eden space 20480K, 0% used [0x00000000eab00000,0x00000000eab00000,0x00000000ebf00000)
  from space 2560K, 93% used [0x00000000ebf00000,0x00000000ec158010,0x00000000ec180000)
  to   space 2560K, 0% used [0x00000000ec180000,0x00000000ec180000,0x00000000ec400000)
 ParOldGen       total 68608K, used 21528K [0x00000000c0000000, 0x00000000c4300000, 0x00000000eab00000)
  object space 68608K, 31% used [0x00000000c0000000,0x00000000c1506278,0x00000000c4300000)
 Metaspace       used 46799K, committed 47680K, reserved 1097728K
  class space    used 5083K, committed 5504K, reserved 1048576K
}
Event: 11.038 GC heap before
{Heap before GC invocations=20 (full 2):
 PSYoungGen      total 23040K, used 22880K [0x00000000eab00000, 0x00000000ec400000, 0x0000000100000000)
  eden space 20480K, 100% used [0x00000000eab00000,0x00000000ebf00000,0x00000000ebf00000)
  from space 2560K, 93% used [0x00000000ebf00000,0x00000000ec158010,0x00000000ec180000)
  to   space 2560K, 0% used [0x00000000ec180000,0x00000000ec180000,0x00000000ec400000)
 ParOldGen       total 68608K, used 21528K [0x00000000c0000000, 0x00000000c4300000, 0x00000000eab00000)
  object space 68608K, 31% used [0x00000000c0000000,0x00000000c1506278,0x00000000c4300000)
 Metaspace       used 46799K, committed 47680K, reserved 1097728K
  class space    used 5083K, committed 5504K, reserved 1048576K
}
Event: 11.044 GC heap after
{Heap after GC invocations=20 (full 2):
 PSYoungGen      total 23040K, used 2272K [0x00000000eab00000, 0x00000000ec400000, 0x0000000100000000)
  eden space 20480K, 0% used [0x00000000eab00000,0x00000000eab00000,0x00000000ebf00000)
  from space 2560K, 88% used [0x00000000ec180000,0x00000000ec3b8000,0x00000000ec400000)
  to   space 2560K, 0% used [0x00000000ebf00000,0x00000000ebf00000,0x00000000ec180000)
 ParOldGen       total 68608K, used 23819K [0x00000000c0000000, 0x00000000c4300000, 0x00000000eab00000)
  object space 68608K, 34% used [0x00000000c0000000,0x00000000c1742ff8,0x00000000c4300000)
 Metaspace       used 46799K, committed 47680K, reserved 1097728K
  class space    used 5083K, committed 5504K, reserved 1048576K
}
Event: 11.133 GC heap before
{Heap before GC invocations=21 (full 2):
 PSYoungGen      total 23040K, used 22752K [0x00000000eab00000, 0x00000000ec400000, 0x0000000100000000)
  eden space 20480K, 100% used [0x00000000eab00000,0x00000000ebf00000,0x00000000ebf00000)
  from space 2560K, 88% used [0x00000000ec180000,0x00000000ec3b8000,0x00000000ec400000)
  to   space 2560K, 0% used [0x00000000ebf00000,0x00000000ebf00000,0x00000000ec180000)
 ParOldGen       total 68608K, used 23819K [0x00000000c0000000, 0x00000000c4300000, 0x00000000eab00000)
  object space 68608K, 34% used [0x00000000c0000000,0x00000000c1742ff8,0x00000000c4300000)
 Metaspace       used 46799K, committed 47680K, reserved 1097728K
  class space    used 5083K, committed 5504K, reserved 1048576K
}
Event: 11.138 GC heap after
{Heap after GC invocations=21 (full 2):
 PSYoungGen      total 23040K, used 2464K [0x00000000eab00000, 0x00000000ec400000, 0x0000000100000000)
  eden space 20480K, 0% used [0x00000000eab00000,0x00000000eab00000,0x00000000ebf00000)
  from space 2560K, 96% used [0x00000000ebf00000,0x00000000ec168010,0x00000000ec180000)
  to   space 2560K, 0% used [0x00000000ec180000,0x00000000ec180000,0x00000000ec400000)
 ParOldGen       total 68608K, used 25947K [0x00000000c0000000, 0x00000000c4300000, 0x00000000eab00000)
  object space 68608K, 37% used [0x00000000c0000000,0x00000000c1956ff8,0x00000000c4300000)
 Metaspace       used 46799K, committed 47680K, reserved 1097728K
  class space    used 5083K, committed 5504K, reserved 1048576K
}
Event: 11.605 GC heap before
{Heap before GC invocations=22 (full 2):
 PSYoungGen      total 23040K, used 22944K [0x00000000eab00000, 0x00000000ec400000, 0x0000000100000000)
  eden space 20480K, 100% used [0x00000000eab00000,0x00000000ebf00000,0x00000000ebf00000)
  from space 2560K, 96% used [0x00000000ebf00000,0x00000000ec168010,0x00000000ec180000)
  to   space 2560K, 0% used [0x00000000ec180000,0x00000000ec180000,0x00000000ec400000)
 ParOldGen       total 68608K, used 25947K [0x00000000c0000000, 0x00000000c4300000, 0x00000000eab00000)
  object space 68608K, 37% used [0x00000000c0000000,0x00000000c1956ff8,0x00000000c4300000)
 Metaspace       used 47325K, committed 48256K, reserved 1097728K
  class space    used 5139K, committed 5568K, reserved 1048576K
}
Event: 11.610 GC heap after
{Heap after GC invocations=22 (full 2):
 PSYoungGen      total 23040K, used 2304K [0x00000000eab00000, 0x00000000ec400000, 0x0000000100000000)
  eden space 20480K, 0% used [0x00000000eab00000,0x00000000eab00000,0x00000000ebf00000)
  from space 2560K, 90% used [0x00000000ec180000,0x00000000ec3c0000,0x00000000ec400000)
  to   space 2560K, 0% used [0x00000000ebf00000,0x00000000ebf00000,0x00000000ec180000)
 ParOldGen       total 68608K, used 28322K [0x00000000c0000000, 0x00000000c4300000, 0x00000000eab00000)
  object space 68608K, 41% used [0x00000000c0000000,0x00000000c1ba8888,0x00000000c4300000)
 Metaspace       used 47325K, committed 48256K, reserved 1097728K
  class space    used 5139K, committed 5568K, reserved 1048576K
}
Event: 31.143 GC heap before
{Heap before GC invocations=23 (full 2):
 PSYoungGen      total 23040K, used 22784K [0x00000000eab00000, 0x00000000ec400000, 0x0000000100000000)
  eden space 20480K, 100% used [0x00000000eab00000,0x00000000ebf00000,0x00000000ebf00000)
  from space 2560K, 90% used [0x00000000ec180000,0x00000000ec3c0000,0x00000000ec400000)
  to   space 2560K, 0% used [0x00000000ebf00000,0x00000000ebf00000,0x00000000ec180000)
 ParOldGen       total 68608K, used 28322K [0x00000000c0000000, 0x00000000c4300000, 0x00000000eab00000)
  object space 68608K, 41% used [0x00000000c0000000,0x00000000c1ba8888,0x00000000c4300000)
 Metaspace       used 48632K, committed 49536K, reserved 1097728K
  class space    used 5364K, committed 5760K, reserved 1048576K
}
Event: 31.149 GC heap after
{Heap after GC invocations=23 (full 2):
 PSYoungGen      total 23040K, used 2550K [0x00000000eab00000, 0x00000000ed400000, 0x0000000100000000)
  eden space 20480K, 0% used [0x00000000eab00000,0x00000000eab00000,0x00000000ebf00000)
  from space 2560K, 99% used [0x00000000ebf00000,0x00000000ec17d918,0x00000000ec180000)
  to   space 10752K, 0% used [0x00000000ec980000,0x00000000ec980000,0x00000000ed400000)
 ParOldGen       total 68608K, used 35265K [0x00000000c0000000, 0x00000000c4300000, 0x00000000eab00000)
  object space 68608K, 51% used [0x00000000c0000000,0x00000000c22706a8,0x00000000c4300000)
 Metaspace       used 48632K, committed 49536K, reserved 1097728K
  class space    used 5364K, committed 5760K, reserved 1048576K
}
Event: 32.089 GC heap before
{Heap before GC invocations=24 (full 2):
 PSYoungGen      total 23040K, used 23030K [0x00000000eab00000, 0x00000000ed400000, 0x0000000100000000)
  eden space 20480K, 100% used [0x00000000eab00000,0x00000000ebf00000,0x00000000ebf00000)
  from space 2560K, 99% used [0x00000000ebf00000,0x00000000ec17d918,0x00000000ec180000)
  to   space 10752K, 0% used [0x00000000ec980000,0x00000000ec980000,0x00000000ed400000)
 ParOldGen       total 68608K, used 35265K [0x00000000c0000000, 0x00000000c4300000, 0x00000000eab00000)
  object space 68608K, 51% used [0x00000000c0000000,0x00000000c22706a8,0x00000000c4300000)
 Metaspace       used 50308K, committed 51200K, reserved 1097728K
  class space    used 5646K, committed 6080K, reserved 1048576K
}
Event: 32.093 GC heap after
{Heap after GC invocations=24 (full 2):
 PSYoungGen      total 21504K, used 704K [0x00000000eab00000, 0x00000000eca80000, 0x0000000100000000)
  eden space 20480K, 0% used [0x00000000eab00000,0x00000000eab00000,0x00000000ebf00000)
  from space 1024K, 68% used [0x00000000ec980000,0x00000000eca30000,0x00000000eca80000)
  to   space 4096K, 0% used [0x00000000ec280000,0x00000000ec280000,0x00000000ec680000)
 ParOldGen       total 68608K, used 37768K [0x00000000c0000000, 0x00000000c4300000, 0x00000000eab00000)
  object space 68608K, 55% used [0x00000000c0000000,0x00000000c24e2300,0x00000000c4300000)
 Metaspace       used 50308K, committed 51200K, reserved 1097728K
  class space    used 5646K, committed 6080K, reserved 1048576K
}
Event: 46.216 GC heap before
{Heap before GC invocations=25 (full 2):
 PSYoungGen      total 21504K, used 21184K [0x00000000eab00000, 0x00000000eca80000, 0x0000000100000000)
  eden space 20480K, 100% used [0x00000000eab00000,0x00000000ebf00000,0x00000000ebf00000)
  from space 1024K, 68% used [0x00000000ec980000,0x00000000eca30000,0x00000000eca80000)
  to   space 4096K, 0% used [0x00000000ec280000,0x00000000ec280000,0x00000000ec680000)
 ParOldGen       total 68608K, used 37768K [0x00000000c0000000, 0x00000000c4300000, 0x00000000eab00000)
  object space 68608K, 55% used [0x00000000c0000000,0x00000000c24e2300,0x00000000c4300000)
 Metaspace       used 50330K, committed 51264K, reserved 1097728K
  class space    used 5646K, committed 6080K, reserved 1048576K
}
Event: 46.219 GC heap after
{Heap after GC invocations=25 (full 2):
 PSYoungGen      total 24576K, used 2049K [0x00000000eab00000, 0x00000000eca00000, 0x0000000100000000)
  eden space 20480K, 0% used [0x00000000eab00000,0x00000000eab00000,0x00000000ebf00000)
  from space 4096K, 50% used [0x00000000ec280000,0x00000000ec480428,0x00000000ec680000)
  to   space 2560K, 0% used [0x00000000ec780000,0x00000000ec780000,0x00000000eca00000)
 ParOldGen       total 68608K, used 38381K [0x00000000c0000000, 0x00000000c4300000, 0x00000000eab00000)
  object space 68608K, 55% used [0x00000000c0000000,0x00000000c257b620,0x00000000c4300000)
 Metaspace       used 50330K, committed 51264K, reserved 1097728K
  class space    used 5646K, committed 6080K, reserved 1048576K
}
Event: 57.344 GC heap before
{Heap before GC invocations=26 (full 2):
 PSYoungGen      total 24576K, used 22529K [0x00000000eab00000, 0x00000000eca00000, 0x0000000100000000)
  eden space 20480K, 100% used [0x00000000eab00000,0x00000000ebf00000,0x00000000ebf00000)
  from space 4096K, 50% used [0x00000000ec280000,0x00000000ec480428,0x00000000ec680000)
  to   space 2560K, 0% used [0x00000000ec780000,0x00000000ec780000,0x00000000eca00000)
 ParOldGen       total 68608K, used 38381K [0x00000000c0000000, 0x00000000c4300000, 0x00000000eab00000)
  object space 68608K, 55% used [0x00000000c0000000,0x00000000c257b620,0x00000000c4300000)
 Metaspace       used 51359K, committed 52224K, reserved 1097728K
  class space    used 5860K, committed 6272K, reserved 1048576K
}
Event: 57.351 GC heap after
{Heap after GC invocations=26 (full 2):
 PSYoungGen      total 23040K, used 2535K [0x00000000eab00000, 0x00000000eca00000, 0x0000000100000000)
  eden space 20480K, 0% used [0x00000000eab00000,0x00000000eab00000,0x00000000ebf00000)
  from space 2560K, 99% used [0x00000000ec780000,0x00000000ec9f9cd0,0x00000000eca00000)
  to   space 5632K, 0% used [0x00000000ebf00000,0x00000000ebf00000,0x00000000ec480000)
 ParOldGen       total 68608K, used 40524K [0x00000000c0000000, 0x00000000c4300000, 0x00000000eab00000)
  object space 68608K, 59% used [0x00000000c0000000,0x00000000c2793068,0x00000000c4300000)
 Metaspace       used 51359K, committed 52224K, reserved 1097728K
  class space    used 5860K, committed 6272K, reserved 1048576K
}
Event: 58.176 GC heap before
{Heap before GC invocations=27 (full 2):
 PSYoungGen      total 23040K, used 23015K [0x00000000eab00000, 0x00000000eca00000, 0x0000000100000000)
  eden space 20480K, 100% used [0x00000000eab00000,0x00000000ebf00000,0x00000000ebf00000)
  from space 2560K, 99% used [0x00000000ec780000,0x00000000ec9f9cd0,0x00000000eca00000)
  to   space 5632K, 0% used [0x00000000ebf00000,0x00000000ebf00000,0x00000000ec480000)
 ParOldGen       total 68608K, used 40524K [0x00000000c0000000, 0x00000000c4300000, 0x00000000eab00000)
  object space 68608K, 59% used [0x00000000c0000000,0x00000000c2793068,0x00000000c4300000)
 Metaspace       used 53705K, committed 54656K, reserved 1097728K
  class space    used 6248K, committed 6656K, reserved 1048576K
}
Event: 58.180 GC heap after
{Heap after GC invocations=27 (full 2):
 PSYoungGen      total 26112K, used 672K [0x00000000eab00000, 0x00000000ec800000, 0x0000000100000000)
  eden space 20480K, 0% used [0x00000000eab00000,0x00000000eab00000,0x00000000ebf00000)
  from space 5632K, 11% used [0x00000000ebf00000,0x00000000ebfa8000,0x00000000ec480000)
  to   space 2560K, 0% used [0x00000000ec580000,0x00000000ec580000,0x00000000ec800000)
 ParOldGen       total 68608K, used 42947K [0x00000000c0000000, 0x00000000c4300000, 0x00000000eab00000)
  object space 68608K, 62% used [0x00000000c0000000,0x00000000c29f0d80,0x00000000c4300000)
 Metaspace       used 53705K, committed 54656K, reserved 1097728K
  class space    used 6248K, committed 6656K, reserved 1048576K
}
Event: 62.525 GC heap before
{Heap before GC invocations=28 (full 2):
 PSYoungGen      total 26112K, used 21152K [0x00000000eab00000, 0x00000000ec800000, 0x0000000100000000)
  eden space 20480K, 100% used [0x00000000eab00000,0x00000000ebf00000,0x00000000ebf00000)
  from space 5632K, 11% used [0x00000000ebf00000,0x00000000ebfa8000,0x00000000ec480000)
  to   space 2560K, 0% used [0x00000000ec580000,0x00000000ec580000,0x00000000ec800000)
 ParOldGen       total 68608K, used 42947K [0x00000000c0000000, 0x00000000c4300000, 0x00000000eab00000)
  object space 68608K, 62% used [0x00000000c0000000,0x00000000c29f0d80,0x00000000c4300000)
 Metaspace       used 55466K, committed 56320K, reserved 1105920K
  class space    used 6470K, committed 6848K, reserved 1048576K
}
Event: 62.526 GC heap after
{Heap after GC invocations=28 (full 2):
 PSYoungGen      total 21504K, used 576K [0x00000000eab00000, 0x00000000ec680000, 0x0000000100000000)
  eden space 20480K, 0% used [0x00000000eab00000,0x00000000eab00000,0x00000000ebf00000)
  from space 1024K, 56% used [0x00000000ec580000,0x00000000ec610000,0x00000000ec680000)
  to   space 1024K, 0% used [0x00000000ec480000,0x00000000ec480000,0x00000000ec580000)
 ParOldGen       total 68608K, used 43466K [0x00000000c0000000, 0x00000000c4300000, 0x00000000eab00000)
  object space 68608K, 63% used [0x00000000c0000000,0x00000000c2a72a90,0x00000000c4300000)
 Metaspace       used 55466K, committed 56320K, reserved 1105920K
  class space    used 6470K, committed 6848K, reserved 1048576K
}

Dll operation events (13 events):
Event: 0.026 Loaded shared library c:\Users\Dell\.vscode\extensions\redhat.java-1.15.0-win32-x64\jre\17.0.6-win32-x86_64\bin\java.dll
Event: 0.481 Loaded shared library c:\Users\Dell\.vscode\extensions\redhat.java-1.15.0-win32-x64\jre\17.0.6-win32-x86_64\bin\zip.dll
Event: 0.489 Loaded shared library C:\Users\Dell\.vscode\extensions\redhat.java-1.15.0-win32-x64\jre\17.0.6-win32-x86_64\bin\instrument.dll
Event: 0.528 Loaded shared library C:\Users\Dell\.vscode\extensions\redhat.java-1.15.0-win32-x64\jre\17.0.6-win32-x86_64\bin\net.dll
Event: 0.542 Loaded shared library C:\Users\Dell\.vscode\extensions\redhat.java-1.15.0-win32-x64\jre\17.0.6-win32-x86_64\bin\nio.dll
Event: 0.554 Loaded shared library C:\Users\Dell\.vscode\extensions\redhat.java-1.15.0-win32-x64\jre\17.0.6-win32-x86_64\bin\zip.dll
Event: 0.588 Loaded shared library C:\Users\Dell\.vscode\extensions\redhat.java-1.15.0-win32-x64\jre\17.0.6-win32-x86_64\bin\jimage.dll
Event: 0.763 Loaded shared library c:\Users\Dell\.vscode\extensions\redhat.java-1.15.0-win32-x64\jre\17.0.6-win32-x86_64\bin\verify.dll
Event: 3.146 Loaded shared library C:\Users\Dell\AppData\Roaming\Code\User\globalStorage\redhat.java\1.15.0\config_win\org.eclipse.equinox.launcher\org.eclipse.equinox.launcher.win32.win32.x86_64_1.2.700.v20221108-1024\eclipse_11801.dll
Event: 8.428 Loaded shared library C:\Users\Dell\AppData\Local\Temp\jna-2126305\jna448730174102742640.dll
Event: 31.384 Loaded shared library C:\Users\Dell\.gradle\native\e1d6ef7f7dcc3fd88c89a11ec53ec762bb8ba0a96d01ffa2cd45eb1d1d8dd5c5\windows-amd64\native-platform.dll
Event: 57.498 Loaded shared library C:\Users\Dell\.vscode\extensions\redhat.java-1.15.0-win32-x64\jre\17.0.6-win32-x86_64\bin\management.dll
Event: 57.505 Loaded shared library C:\Users\Dell\.vscode\extensions\redhat.java-1.15.0-win32-x64\jre\17.0.6-win32-x86_64\bin\management_ext.dll

Deoptimization events (20 events):
Event: 62.745 Thread 0x00000211783f0730 Uncommon trap: trap_request=0xffffffc6 fr.pc=0x000002116adc2978 relative=0x0000000000000798
Event: 62.745 Thread 0x00000211783f0730 Uncommon trap: reason=bimorphic_or_optimized_type_check action=maybe_recompile pc=0x000002116adc2978 method=java.util.HashMap.removeNode(ILjava/lang/Object;Ljava/lang/Object;ZZ)Ljava/util/HashMap$Node; @ 68 c2
Event: 62.745 Thread 0x00000211783f0730 DEOPT PACKING pc=0x000002116adc2978 sp=0x00000019485fe410
Event: 62.745 Thread 0x00000211783f0730 DEOPT UNPACKING pc=0x000002116a6a66a3 sp=0x00000019485fe318 mode 2
Event: 62.754 Thread 0x00000211783f0730 Uncommon trap: trap_request=0xffffffc6 fr.pc=0x000002116adc2978 relative=0x0000000000000798
Event: 62.754 Thread 0x00000211783f0730 Uncommon trap: reason=bimorphic_or_optimized_type_check action=maybe_recompile pc=0x000002116adc2978 method=java.util.HashMap.removeNode(ILjava/lang/Object;Ljava/lang/Object;ZZ)Ljava/util/HashMap$Node; @ 68 c2
Event: 62.754 Thread 0x00000211783f0730 DEOPT PACKING pc=0x000002116adc2978 sp=0x00000019485fe6f0
Event: 62.754 Thread 0x00000211783f0730 DEOPT UNPACKING pc=0x000002116a6a66a3 sp=0x00000019485fe5f8 mode 2
Event: 62.755 Thread 0x00000211783f0730 Uncommon trap: trap_request=0xffffffc6 fr.pc=0x000002116adc2978 relative=0x0000000000000798
Event: 62.755 Thread 0x00000211783f0730 Uncommon trap: reason=bimorphic_or_optimized_type_check action=maybe_recompile pc=0x000002116adc2978 method=java.util.HashMap.removeNode(ILjava/lang/Object;Ljava/lang/Object;ZZ)Ljava/util/HashMap$Node; @ 68 c2
Event: 62.755 Thread 0x00000211783f0730 DEOPT PACKING pc=0x000002116adc2978 sp=0x00000019485fe410
Event: 62.755 Thread 0x00000211783f0730 DEOPT UNPACKING pc=0x000002116a6a66a3 sp=0x00000019485fe318 mode 2
Event: 63.044 Thread 0x00000211782cad90 Uncommon trap: trap_request=0xffffff76 fr.pc=0x000002116ad538b4 relative=0x0000000000000674
Event: 63.044 Thread 0x00000211782cad90 Uncommon trap: reason=predicate action=maybe_recompile pc=0x000002116ad538b4 method=java.util.TreeMap.getEntryUsingComparator(Ljava/lang/Object;)Ljava/util/TreeMap$Entry; @ 19 c2
Event: 63.044 Thread 0x00000211782cad90 DEOPT PACKING pc=0x000002116ad538b4 sp=0x00000019497fedb0
Event: 63.044 Thread 0x00000211782cad90 DEOPT UNPACKING pc=0x000002116a6a66a3 sp=0x00000019497fec78 mode 2
Event: 63.047 Thread 0x00000211782cad90 Uncommon trap: trap_request=0xffffffbe fr.pc=0x000002116ae9bde4 relative=0x0000000000000764
Event: 63.047 Thread 0x00000211782cad90 Uncommon trap: reason=profile_predicate action=maybe_recompile pc=0x000002116ae9bde4 method=java.util.TreeMap.getEntryUsingComparator(Ljava/lang/Object;)Ljava/util/TreeMap$Entry; @ 19 c2
Event: 63.047 Thread 0x00000211782cad90 DEOPT PACKING pc=0x000002116ae9bde4 sp=0x00000019497fed50
Event: 63.047 Thread 0x00000211782cad90 DEOPT UNPACKING pc=0x000002116a6a66a3 sp=0x00000019497fec80 mode 2

Classes unloaded (7 events):
Event: 4.837 Thread 0x0000021175c414b0 Unloading class 0x0000000100216400 'java/lang/invoke/LambdaForm$MH+0x0000000100216400'
Event: 4.837 Thread 0x0000021175c414b0 Unloading class 0x0000000100216000 'java/lang/invoke/LambdaForm$MH+0x0000000100216000'
Event: 4.837 Thread 0x0000021175c414b0 Unloading class 0x0000000100215c00 'java/lang/invoke/LambdaForm$MH+0x0000000100215c00'
Event: 4.837 Thread 0x0000021175c414b0 Unloading class 0x0000000100215400 'java/lang/invoke/LambdaForm$MH+0x0000000100215400'
Event: 4.837 Thread 0x0000021175c414b0 Unloading class 0x0000000100215000 'java/lang/invoke/LambdaForm$BMH+0x0000000100215000'
Event: 4.837 Thread 0x0000021175c414b0 Unloading class 0x0000000100214c00 'java/lang/invoke/LambdaForm$DMH+0x0000000100214c00'
Event: 4.837 Thread 0x0000021175c414b0 Unloading class 0x0000000100212000 'java/lang/invoke/LambdaForm$DMH+0x0000000100212000'

Classes redefined (0 events):
No events

Internal exceptions (20 events):
Event: 62.604 Thread 0x00000211782cad90 Exception <a 'sun/nio/fs/WindowsException'{0x00000000eac7ed80}> (0x00000000eac7ed80) 
thrown [s\src\hotspot\share\prims\jni.cpp, line 516]
Event: 62.604 Thread 0x00000211782cad90 Exception <a 'sun/nio/fs/WindowsException'{0x00000000eac826f8}> (0x00000000eac826f8) 
thrown [s\src\hotspot\share\prims\jni.cpp, line 516]
Event: 62.605 Thread 0x00000211782cad90 Exception <a 'sun/nio/fs/WindowsException'{0x00000000eac86a68}> (0x00000000eac86a68) 
thrown [s\src\hotspot\share\prims\jni.cpp, line 516]
Event: 62.606 Thread 0x00000211782cad90 Exception <a 'sun/nio/fs/WindowsException'{0x00000000eac8a6d8}> (0x00000000eac8a6d8) 
thrown [s\src\hotspot\share\prims\jni.cpp, line 516]
Event: 62.606 Thread 0x00000211782cad90 Exception <a 'sun/nio/fs/WindowsException'{0x00000000eac8e3d8}> (0x00000000eac8e3d8) 
thrown [s\src\hotspot\share\prims\jni.cpp, line 516]
Event: 62.608 Thread 0x00000211782cad90 Exception <a 'sun/nio/fs/WindowsException'{0x00000000eac92160}> (0x00000000eac92160) 
thrown [s\src\hotspot\share\prims\jni.cpp, line 516]
Event: 62.609 Thread 0x00000211782cad90 Exception <a 'sun/nio/fs/WindowsException'{0x00000000eac95ee8}> (0x00000000eac95ee8) 
thrown [s\src\hotspot\share\prims\jni.cpp, line 516]
Event: 62.609 Thread 0x00000211782cad90 Exception <a 'sun/nio/fs/WindowsException'{0x00000000eac9daf0}> (0x00000000eac9daf0) 
thrown [s\src\hotspot\share\prims\jni.cpp, line 516]
Event: 62.610 Thread 0x00000211782cad90 Exception <a 'sun/nio/fs/WindowsException'{0x00000000eaca2108}> (0x00000000eaca2108) 
thrown [s\src\hotspot\share\prims\jni.cpp, line 516]
Event: 62.625 Thread 0x00000211782c90b0 Exception <a 'java/lang/NoSuchMethodError'{0x00000000eaced7c8}: 'int java.lang.invoke.DirectMethodHandle$Holder.invokeVirtual(java.lang.Object, java.lang.Object)'> (0x00000000eaced7c8) 
thrown [s\src\hotspot\share\interpreter\linkResolver.cpp, line 759]
Event: 62.626 Thread 0x00000211782cad90 Exception <a 'sun/nio/fs/WindowsException'{0x00000000eacdad18}> (0x00000000eacdad18) 
thrown [s\src\hotspot\share\prims\jni.cpp, line 516]
Event: 62.645 Thread 0x00000211782cad90 Exception <a 'sun/nio/fs/WindowsException'{0x00000000ead2dd90}> (0x00000000ead2dd90) 
thrown [s\src\hotspot\share\prims\jni.cpp, line 516]
Event: 62.737 Thread 0x00000211782c8240 Exception <a 'sun/nio/fs/WindowsException'{0x00000000eaf24d30}> (0x00000000eaf24d30) 
thrown [s\src\hotspot\share\prims\jni.cpp, line 516]
Event: 62.771 Thread 0x00000211783f0730 Exception <a 'java/io/FileNotFoundException'{0x00000000eaf737e0}> (0x00000000eaf737e0) 
thrown [s\src\hotspot\share\prims\jni.cpp, line 516]
Event: 62.772 Thread 0x00000211783f0730 Exception <a 'java/io/FileNotFoundException'{0x00000000eaf74aa8}> (0x00000000eaf74aa8) 
thrown [s\src\hotspot\share\prims\jni.cpp, line 516]
Event: 62.924 Thread 0x00000211782c8240 Exception <a 'sun/nio/fs/WindowsException'{0x00000000eafea9e0}> (0x00000000eafea9e0) 
thrown [s\src\hotspot\share\prims\jni.cpp, line 516]
Event: 63.073 Thread 0x00000211782cad90 Exception <a 'java/lang/NoSuchMethodError'{0x00000000eb0d2b80}: 'int java.lang.invoke.DirectMethodHandle$Holder.invokeStatic(java.lang.Object)'> (0x00000000eb0d2b80) 
thrown [s\src\hotspot\share\interpreter\linkResolver.cpp, line 759]
Event: 63.103 Thread 0x00000211782cad90 Exception <a 'java/io/FileNotFoundException'{0x00000000eb152788}> (0x00000000eb152788) 
thrown [s\src\hotspot\share\prims\jni.cpp, line 516]
Event: 63.104 Thread 0x00000211782cad90 Exception <a 'java/io/FileNotFoundException'{0x00000000eb154548}> (0x00000000eb154548) 
thrown [s\src\hotspot\share\prims\jni.cpp, line 516]
Event: 63.105 Thread 0x00000211782cad90 Exception <a 'java/io/FileNotFoundException'{0x00000000eb155ad0}> (0x00000000eb155ad0) 
thrown [s\src\hotspot\share\prims\jni.cpp, line 516]

VM Operations (20 events):
Event: 57.344 Executing VM operation: ParallelGCFailedAllocation
Event: 57.351 Executing VM operation: ParallelGCFailedAllocation done
Event: 57.519 Executing VM operation: HandshakeAllThreads
Event: 57.519 Executing VM operation: HandshakeAllThreads done
Event: 58.176 Executing VM operation: ParallelGCFailedAllocation
Event: 58.180 Executing VM operation: ParallelGCFailedAllocation done
Event: 58.589 Executing VM operation: HandshakeAllThreads
Event: 58.589 Executing VM operation: HandshakeAllThreads done
Event: 59.598 Executing VM operation: Cleanup
Event: 59.599 Executing VM operation: Cleanup done
Event: 60.613 Executing VM operation: Cleanup
Event: 60.613 Executing VM operation: Cleanup done
Event: 61.619 Executing VM operation: Cleanup
Event: 61.620 Executing VM operation: Cleanup done
Event: 62.073 Executing VM operation: HandshakeAllThreads
Event: 62.073 Executing VM operation: HandshakeAllThreads done
Event: 62.074 Executing VM operation: HandshakeAllThreads
Event: 62.075 Executing VM operation: HandshakeAllThreads done
Event: 62.521 Executing VM operation: ParallelGCFailedAllocation
Event: 62.526 Executing VM operation: ParallelGCFailedAllocation done

Events (20 events):
Event: 62.084 loading class java/text/NumberFormat$Field
Event: 62.084 loading class java/text/NumberFormat$Field done
Event: 62.626 loading class java/util/stream/SortedOps$SizedRefSortingSink
Event: 62.626 loading class sun/nio/cs/ISO_8859_1$Encoder
Event: 62.626 loading class java/util/stream/SortedOps$SizedRefSortingSink done
Event: 62.626 loading class sun/nio/cs/ISO_8859_1$Encoder done
Event: 62.626 loading class sun/nio/cs/Surrogate$Parser
Event: 62.627 loading class sun/nio/cs/Surrogate$Parser done
Event: 62.627 loading class sun/nio/cs/Surrogate
Event: 62.627 loading class sun/nio/cs/Surrogate done
Event: 62.630 loading class java/nio/channels/Channels$1
Event: 62.630 loading class java/nio/channels/Channels$1 done
Event: 62.631 loading class java/nio/file/StandardCopyOption
Event: 62.631 loading class java/nio/file/StandardCopyOption done
Event: 62.631 loading class sun/nio/fs/WindowsFileCopy
Event: 62.631 loading class sun/nio/fs/WindowsFileCopy done
Event: 62.689 Thread 0x0000021176eca0f0 Thread added: 0x0000021176eca0f0
Event: 62.697 loading class java/util/ArrayDeque$DeqSpliterator
Event: 62.697 loading class java/util/ArrayDeque$DeqSpliterator done
Event: 62.920 Thread 0x0000021176eca0f0 Thread exited: 0x0000021176eca0f0


Dynamic libraries:
0x00007ff67af00000 - 0x00007ff67af0e000 	c:\Users\Dell\.vscode\extensions\redhat.java-1.15.0-win32-x64\jre\17.0.6-win32-x86_64\bin\java.exe
0x00007ffa93cd0000 - 0x00007ffa93ee4000 	C:\WINDOWS\SYSTEM32\ntdll.dll
0x00007ffa6dd10000 - 0x00007ffa6dd27000 	C:\Program Files\Avast Software\Avast\aswhook.dll
0x00007ffa93330000 - 0x00007ffa933f3000 	C:\WINDOWS\System32\KERNEL32.DLL
0x00007ffa91370000 - 0x00007ffa9170d000 	C:\WINDOWS\System32\KERNELBASE.dll
0x00007ffa919a0000 - 0x00007ffa91ab1000 	C:\WINDOWS\System32\ucrtbase.dll
0x00007ffa898e0000 - 0x00007ffa898f7000 	c:\Users\Dell\.vscode\extensions\redhat.java-1.15.0-win32-x64\jre\17.0.6-win32-x86_64\bin\jli.dll
0x00007ffa938b0000 - 0x00007ffa93a5d000 	C:\WINDOWS\System32\USER32.dll
0x00007ffa91790000 - 0x00007ffa917b6000 	C:\WINDOWS\System32\win32u.dll
0x00007ffa93660000 - 0x00007ffa93689000 	C:\WINDOWS\System32\GDI32.dll
0x00007ffa91190000 - 0x00007ffa912a2000 	C:\WINDOWS\System32\gdi32full.dll
0x00007ffa910f0000 - 0x00007ffa9118a000 	C:\WINDOWS\System32\msvcp_win.dll
0x00007ffa7f7c0000 - 0x00007ffa7f7d9000 	c:\Users\Dell\.vscode\extensions\redhat.java-1.15.0-win32-x64\jre\17.0.6-win32-x86_64\bin\VCRUNTIME140.dll
0x00007ffa68c40000 - 0x00007ffa68ece000 	C:\WINDOWS\WinSxS\amd64_microsoft.windows.common-controls_6595b64144ccf1df_6.0.22621.608_none_a9444ca7c10bb01d\COMCTL32.dll
0x00007ffa91f90000 - 0x00007ffa92037000 	C:\WINDOWS\System32\msvcrt.dll
0x00007ffa92540000 - 0x00007ffa92572000 	C:\WINDOWS\System32\IMM32.DLL
0x0000000058960000 - 0x000000005896c000 	C:\Program Files (x86)\360\Total Security\safemon\SafeWrapper.dll
0x00007ffa93be0000 - 0x00007ffa93c8e000 	C:\WINDOWS\System32\ADVAPI32.dll
0x00007ffa91ac0000 - 0x00007ffa91b64000 	C:\WINDOWS\System32\sechost.dll
0x00007ffa93440000 - 0x00007ffa93555000 	C:\WINDOWS\System32\RPCRT4.dll
0x00007ffa34ab0000 - 0x00007ffa34b42000 	C:\Program Files (x86)\360\Total Security\safemon\libzdtp64.dll
0x00007ffa92ae0000 - 0x00007ffa932cf000 	C:\WINDOWS\System32\SHELL32.dll
0x00007ffa93850000 - 0x00007ffa938ae000 	C:\WINDOWS\System32\SHLWAPI.dll
0x00007ffa88770000 - 0x00007ffa8877a000 	C:\WINDOWS\SYSTEM32\VERSION.dll
0x00007ffa8e010000 - 0x00007ffa8e01c000 	c:\Users\Dell\.vscode\extensions\redhat.java-1.15.0-win32-x64\jre\17.0.6-win32-x86_64\bin\vcruntime140_1.dll
0x00007ffa7bee0000 - 0x00007ffa7bf71000 	c:\Users\Dell\.vscode\extensions\redhat.java-1.15.0-win32-x64\jre\17.0.6-win32-x86_64\bin\msvcp140.dll
0x00007ffa40d40000 - 0x00007ffa41987000 	c:\Users\Dell\.vscode\extensions\redhat.java-1.15.0-win32-x64\jre\17.0.6-win32-x86_64\bin\server\jvm.dll
0x00007ffa7c2f0000 - 0x00007ffa7c2f9000 	C:\WINDOWS\SYSTEM32\WSOCK32.dll
0x00007ffa935e0000 - 0x00007ffa93651000 	C:\WINDOWS\System32\WS2_32.dll
0x00007ffa89830000 - 0x00007ffa89864000 	C:\WINDOWS\SYSTEM32\WINMM.dll
0x00007ffa90230000 - 0x00007ffa90248000 	C:\WINDOWS\SYSTEM32\kernel.appcore.dll
0x00007ffa8df50000 - 0x00007ffa8df5a000 	c:\Users\Dell\.vscode\extensions\redhat.java-1.15.0-win32-x64\jre\17.0.6-win32-x86_64\bin\jimage.dll
0x00007ffa8eb00000 - 0x00007ffa8ed2e000 	C:\WINDOWS\SYSTEM32\DBGHELP.DLL
0x00007ffa91b70000 - 0x00007ffa91efa000 	C:\WINDOWS\System32\combase.dll
0x00007ffa92580000 - 0x00007ffa92657000 	C:\WINDOWS\System32\OLEAUT32.dll
0x00007ffa858a0000 - 0x00007ffa858d2000 	C:\WINDOWS\SYSTEM32\dbgcore.DLL
0x00007ffa91710000 - 0x00007ffa9178b000 	C:\WINDOWS\System32\bcryptPrimitives.dll
0x00007ffa7bed0000 - 0x00007ffa7bede000 	c:\Users\Dell\.vscode\extensions\redhat.java-1.15.0-win32-x64\jre\17.0.6-win32-x86_64\bin\instrument.dll
0x00007ffa7be80000 - 0x00007ffa7bea5000 	c:\Users\Dell\.vscode\extensions\redhat.java-1.15.0-win32-x64\jre\17.0.6-win32-x86_64\bin\java.dll
0x00007ffa7be60000 - 0x00007ffa7be78000 	c:\Users\Dell\.vscode\extensions\redhat.java-1.15.0-win32-x64\jre\17.0.6-win32-x86_64\bin\zip.dll
0x00007ffa8f120000 - 0x00007ffa8f9e8000 	C:\WINDOWS\SYSTEM32\windows.storage.dll
0x00007ffa8efe0000 - 0x00007ffa8f11e000 	C:\WINDOWS\SYSTEM32\wintypes.dll
0x00007ffa92040000 - 0x00007ffa92131000 	C:\WINDOWS\System32\SHCORE.dll
0x00007ffa91020000 - 0x00007ffa91041000 	C:\WINDOWS\SYSTEM32\profapi.dll
0x00007ffa7bdd0000 - 0x00007ffa7bde9000 	C:\Users\Dell\.vscode\extensions\redhat.java-1.15.0-win32-x64\jre\17.0.6-win32-x86_64\bin\net.dll
0x00007ffa89f30000 - 0x00007ffa8a05f000 	C:\WINDOWS\SYSTEM32\WINHTTP.dll
0x00007ffa906a0000 - 0x00007ffa90709000 	C:\WINDOWS\system32\mswsock.dll
0x00007ffa7ba10000 - 0x00007ffa7ba25000 	C:\Users\Dell\.vscode\extensions\redhat.java-1.15.0-win32-x64\jre\17.0.6-win32-x86_64\bin\nio.dll
0x00007ffa7ba00000 - 0x00007ffa7ba10000 	c:\Users\Dell\.vscode\extensions\redhat.java-1.15.0-win32-x64\jre\17.0.6-win32-x86_64\bin\verify.dll
0x00007ffa78290000 - 0x00007ffa782ce000 	C:\Users\Dell\AppData\Roaming\Code\User\globalStorage\redhat.java\1.15.0\config_win\org.eclipse.equinox.launcher\org.eclipse.equinox.launcher.win32.win32.x86_64_1.2.700.v20221108-1024\eclipse_11801.dll
0x00007ffa92140000 - 0x00007ffa922dc000 	C:\WINDOWS\System32\ole32.dll
0x00007ffa908f0000 - 0x00007ffa9090b000 	C:\WINDOWS\SYSTEM32\CRYPTSP.dll
0x00007ffa901a0000 - 0x00007ffa901d5000 	C:\WINDOWS\system32\rsaenh.dll
0x00007ffa90790000 - 0x00007ffa907b8000 	C:\WINDOWS\SYSTEM32\USERENV.dll
0x00007ffa90ab0000 - 0x00007ffa90ad8000 	C:\WINDOWS\SYSTEM32\bcrypt.dll
0x00007ffa90910000 - 0x00007ffa9091c000 	C:\WINDOWS\SYSTEM32\CRYPTBASE.dll
0x00007ffa8fcb0000 - 0x00007ffa8fcdd000 	C:\WINDOWS\SYSTEM32\IPHLPAPI.DLL
0x00007ffa92400000 - 0x00007ffa92409000 	C:\WINDOWS\System32\NSI.dll
0x00007ffa8a530000 - 0x00007ffa8a549000 	C:\WINDOWS\SYSTEM32\dhcpcsvc6.DLL
0x00007ffa89db0000 - 0x00007ffa89dcf000 	C:\WINDOWS\SYSTEM32\dhcpcsvc.DLL
0x00007ffa8fd20000 - 0x00007ffa8fe12000 	C:\WINDOWS\SYSTEM32\DNSAPI.dll
0x00007ffa7b810000 - 0x00007ffa7b855000 	C:\Users\Dell\AppData\Local\Temp\jna-2126305\jna448730174102742640.dll
0x00007ffa92530000 - 0x00007ffa92538000 	C:\WINDOWS\System32\PSAPI.DLL
0x00007ffa6daf0000 - 0x00007ffa6db17000 	C:\Users\Dell\.gradle\native\e1d6ef7f7dcc3fd88c89a11ec53ec762bb8ba0a96d01ffa2cd45eb1d1d8dd5c5\windows-amd64\native-platform.dll
0x00007ffa7bda0000 - 0x00007ffa7bda9000 	C:\Users\Dell\.vscode\extensions\redhat.java-1.15.0-win32-x64\jre\17.0.6-win32-x86_64\bin\management.dll
0x00007ffa7b9f0000 - 0x00007ffa7b9fb000 	C:\Users\Dell\.vscode\extensions\redhat.java-1.15.0-win32-x64\jre\17.0.6-win32-x86_64\bin\management_ext.dll

dbghelp: loaded successfully - version: 4.0.5 - missing functions: none
symbol engine: initialized successfully - sym options: 0x614 - pdb path: .;c:\Users\Dell\.vscode\extensions\redhat.java-1.15.0-win32-x64\jre\17.0.6-win32-x86_64\bin;C:\WINDOWS\SYSTEM32;C:\Program Files\Avast Software\Avast;C:\WINDOWS\WinSxS\amd64_microsoft.windows.common-controls_6595b64144ccf1df_6.0.22621.608_none_a9444ca7c10bb01d;C:\Program Files (x86)\360\Total Security\safemon;c:\Users\Dell\.vscode\extensions\redhat.java-1.15.0-win32-x64\jre\17.0.6-win32-x86_64\bin\server;C:\Users\Dell\AppData\Roaming\Code\User\globalStorage\redhat.java\1.15.0\config_win\org.eclipse.equinox.launcher\org.eclipse.equinox.launcher.win32.win32.x86_64_1.2.700.v20221108-1024;C:\Users\Dell\AppData\Local\Temp\jna-2126305;C:\Users\Dell\.gradle\native\e1d6ef7f7dcc3fd88c89a11ec53ec762bb8ba0a96d01ffa2cd45eb1d1d8dd5c5\windows-amd64

VM Arguments:
jvm_args: --add-modules=ALL-SYSTEM --add-opens=java.base/java.util=ALL-UNNAMED --add-opens=java.base/java.lang=ALL-UNNAMED --add-opens=java.base/sun.nio.fs=ALL-UNNAMED -Declipse.application=org.eclipse.jdt.ls.core.id1 -Dosgi.bundles.defaultStartLevel=4 -Declipse.product=org.eclipse.jdt.ls.core.product -Djava.import.generatesMetadataFilesAtProjectRoot=false -Dfile.encoding=utf8 -XX:+UseParallelGC -XX:GCTimeRatio=4 -XX:AdaptiveSizePolicyWeight=90 -Dsun.zip.disableMemoryMapping=true -Xmx1G -Xms100m -Xlog:disable -javaagent:c:\Users\Dell\.vscode\extensions\redhat.java-1.15.0-win32-x64\lombok\lombok-1.18.24.jar -XX:+HeapDumpOnOutOfMemoryError -XX:HeapDumpPath=c:\Users\Dell\AppData\Roaming\Code\User\workspaceStorage\260a88c1d7930a780f85555224e0a4b2\redhat.java 
java_command: c:\Users\Dell\.vscode\extensions\redhat.java-1.15.0-win32-x64\server\plugins\org.eclipse.equinox.launcher_1.6.400.v20210924-0641.jar -configuration c:\Users\Dell\AppData\Roaming\Code\User\globalStorage\redhat.java\1.15.0\config_win -data c:\Users\Dell\AppData\Roaming\Code\User\workspaceStorage\260a88c1d7930a780f85555224e0a4b2\redhat.java\jdt_ws
java_class_path (initial): c:\Users\Dell\.vscode\extensions\redhat.java-1.15.0-win32-x64\server\plugins\org.eclipse.equinox.launcher_1.6.400.v20210924-0641.jar
Launcher Type: SUN_STANDARD

[Global flags]
    uintx AdaptiveSizePolicyWeight                 = 90                                        {product} {command line}
     intx CICompilerCount                          = 4                                         {product} {ergonomic}
    uintx GCTimeRatio                              = 4                                         {product} {command line}
     bool HeapDumpOnOutOfMemoryError               = true                                   {manageable} {command line}
    ccstr HeapDumpPath                             = c:\Users\Dell\AppData\Roaming\Code\User\workspaceStorage\260a88c1d7930a780f85555224e0a4b2\redhat.java         {manageable} {command line}
   size_t InitialHeapSize                          = 104857600                                 {product} {command line}
   size_t MaxHeapSize                              = 1073741824                                {product} {command line}
   size_t MaxNewSize                               = 357564416                                 {product} {ergonomic}
   size_t MinHeapDeltaBytes                        = 524288                                    {product} {ergonomic}
   size_t MinHeapSize                              = 104857600                                 {product} {command line}
   size_t NewSize                                  = 34603008                                  {product} {ergonomic}
    uintx NonNMethodCodeHeapSize                   = 5839372                                {pd product} {ergonomic}
    uintx NonProfiledCodeHeapSize                  = 122909434                              {pd product} {ergonomic}
   size_t OldSize                                  = 70254592                                  {product} {ergonomic}
    uintx ProfiledCodeHeapSize                     = 122909434                              {pd product} {ergonomic}
    uintx ReservedCodeCacheSize                    = 251658240                              {pd product} {ergonomic}
     bool SegmentedCodeCache                       = true                                      {product} {ergonomic}
   size_t SoftMaxHeapSize                          = 1073741824                             {manageable} {ergonomic}
     bool UseCompressedClassPointers               = true                           {product lp64_product} {ergonomic}
     bool UseCompressedOops                        = true                           {product lp64_product} {ergonomic}
     bool UseLargePagesIndividualAllocation        = false                                  {pd product} {ergonomic}
     bool UseParallelGC                            = true                                      {product} {command line}

Logging:
Log output configuration:
 #0: stdout all=off uptime,level,tags
 #1: stderr all=off uptime,level,tags

Environment Variables:
JAVA_HOME=C:\Program Files\Java\jdk-15
PATH=G:\oracle\product\10.2.0\db_8\bin;G:\oracle\product\10.2.0\db_7\bin;G:\oracle\product\10.2.0\db_6\bin;G:\oracle\product\10.2.0\db_1\bin;C:\Users\Dell\AppData\Local\Programs\Python\Python38-32;C:\Program Files\Common Files\Oracle\Java\javapath;C:\Program Files (x86)\Common Files\Oracle\Java\javapath;C:\Windows\system32;C:\Windows;C:\Windows\System32\Wbem;C:\Windows\System32\WindowsPowerShell\v1.0\;C:\Windows\System32\OpenSSH\;C:\Program Files (x86)\NVIDIA Corporation\PhysX\Common;C:\WINDOWS\system32;C:\WINDOWS;C:\WINDOWS\System32\Wbem;C:\WINDOWS\System32\WindowsPowerShell\v1.0\;C:\WINDOWS\System32\OpenSSH\;C:\Program Files (x86)\Windows Live\Shared;G:\MEGA11;C:\src\flutter\bin;C:\Program Files\Git\cmd;C:\Program Files\Microsoft SQL Server\130\Tools\Binn\;C:\Program Files\Java\jdk-15\bin;C:\src\flutter\bin;C:\tools\dart-sdk\bin;F:\Downloads\gradle-7.5.1-bin\gradle-7.5.1\bin;C:\Users\Dell\AppData\Local\Programs\Microsoft VS Code\bin;C:\Users\Dell\AppData\Local\Android\Sdk;C:\Program Files\Java\jdk-15;C:\Program Files\Android\Android Studio2\jre\bin;C:\Program Files (x86)\Java\jre1.8.0_351;F:\Downloads\dartsdk-windows-x64-release\dart-sdk;C:\moe2014\bin;C:\Users\Dell\AppData\Local\Microsoft\WindowsApps;C:\Program Files\JetBrains\PyCharm 2022.3\bin;;C:\tools\dart-sdk\bin;
USERNAME=Dell
OS=Windows_NT
PROCESSOR_IDENTIFIER=Intel64 Family 6 Model 142 Stepping 12, GenuineIntel
TMP=C:\Users\Dell\AppData\Local\Temp
TEMP=C:\Users\Dell\AppData\Local\Temp



---------------  S Y S T E M  ---------------

OS:
 Windows 11 , 64 bit Build 22621 (10.0.22621.1105)
OS uptime: 0 days 2:03 hours

CPU: total 8 (initial active 8) (4 cores per cpu, 2 threads per core) family 6 model 142 stepping 12 microcode 0xde, cx8, cmov, fxsr, ht, mmx, 3dnowpref, sse, sse2, sse3, ssse3, sse4.1, sse4.2, popcnt, lzcnt, tsc, tscinvbit, avx, avx2, aes, erms, clmul, bmi1, bmi2, adx, fma, vzeroupper, clflush, clflushopt

Memory: 4k page, system-wide physical 16257M (3645M free)
TotalPageFile size 17757M (AvailPageFile size 221M)
current process WorkingSet (physical memory assigned to process): 215M, peak: 232M
current process commit charge ("private bytes"): 289M, peak: 307M

vm_info: OpenJDK 64-Bit Server VM (17.0.6+10) for windows-amd64 JRE (17.0.6+10), built on Jan 18 2023 10:08:59 by "temurin" with MS VC++ 16.7 (VS2019)

END.
