#
# There is insufficient memory for the Java Runtime Environment to continue.
# Native memory allocation (malloc) failed to allocate 958576 bytes for Chunk::new
# Possible reasons:
#   The system is out of physical RAM or swap space
#   The process is running with CompressedOops enabled, and the Java Heap may be blocking the growth of the native heap
# Possible solutions:
#   Reduce memory load on the system
#   Increase physical memory or swap space
#   Check if swap backing store is full
#   Decrease Java heap size (-Xmx/-Xms)
#   Decrease number of Java threads
#   Decrease Java thread stack sizes (-Xss)
#   Set larger code cache with -XX:ReservedCodeCacheSize=
#   JVM is running with Unscaled Compressed Oops mode in which the Java heap is
#     placed in the first 4GB address space. The Java Heap base address is the
#     maximum limit for the native heap growth. Please use -XX:HeapBaseMinAddress
#     to set the Java Heap base and to place the Java Heap above 4GB virtual address.
# This output file may be truncated or incomplete.
#
#  Out of Memory Error (./src/hotspot/share/memory/arena.cpp:197), pid=22816, tid=21940
#
# JRE version: OpenJDK Runtime Environment (11.0.13) (build 11.0.13+0-b1751.21-8125866)
# Java VM: OpenJDK 64-Bit Server VM (11.0.13+0-b1751.21-8125866, mixed mode, tiered, compressed oops, g1 gc, windows-amd64)
# No core dump will be written. Minidumps are not enabled by default on client versions of Windows
#

---------------  S U M M A R Y ------------

Command Line: --add-opens=java.base/java.util=ALL-UNNAMED --add-opens=java.base/java.lang=ALL-UNNAMED --add-opens=java.base/java.lang.invoke=ALL-UNNAMED --add-opens=java.base/java.util=ALL-UNNAMED --add-opens=java.prefs/java.util.prefs=ALL-UNNAMED --add-opens=java.prefs/java.util.prefs=ALL-UNNAMED --add-opens=java.base/java.nio.charset=ALL-UNNAMED --add-opens=java.base/java.net=ALL-UNNAMED --add-opens=java.base/java.util.concurrent.atomic=ALL-UNNAMED -Xmx1536M -Dfile.encoding=windows-1252 -Duser.country=US -Duser.language=en -Duser.variant org.gradle.launcher.daemon.bootstrap.GradleDaemon 7.4

Host: Intel(R) Core(TM) i7-8565U CPU @ 1.80GHz, 8 cores, 15G,  Windows 11 , 64 bit Build 22621 (10.0.22621.1344)
Time: Mon Mar 20 15:56:50 2023 Egypt Standard Time elapsed time: 6.276653 seconds (0d 0h 0m 6s)

---------------  T H R E A D  ---------------

Current thread (0x0000016124d35000):  JavaThread "C2 CompilerThread1" daemon [_thread_in_native, id=21940, stack(0x000000430d400000,0x000000430d500000)]


Current CompileTask:
C2:   6276 2004       4       java.net.URLClassLoader$1::run (5 bytes)

Stack: [0x000000430d400000,0x000000430d500000]
Native frames: (J=compiled Java code, j=interpreted, Vv=VM code, C=native code)
V  [jvm.dll+0x6100fa]
V  [jvm.dll+0x747090]
V  [jvm.dll+0x7486ad]
V  [jvm.dll+0x748d83]
V  [jvm.dll+0x24ab48]
V  [jvm.dll+0xc04dc]
V  [jvm.dll+0xc0a0c]
V  [jvm.dll+0x2bfab4]
V  [jvm.dll+0x524238]
V  [jvm.dll+0x20b193]
V  [jvm.dll+0x204ca0]
V  [jvm.dll+0x2023c2]
V  [jvm.dll+0x188e01]
V  [jvm.dll+0x21106b]
V  [jvm.dll+0x20f8c1]
V  [jvm.dll+0x70de0f]
V  [jvm.dll+0x706a75]
V  [jvm.dll+0x60ed66]
C  [ucrtbase.dll+0x29363]
C  [KERNEL32.DLL+0x126bd]
C  [ntdll.dll+0x5a9f8]


---------------  P R O C E S S  ---------------

Threads class SMR info:
_java_thread_list=0x0000016126367250, length=25, elements={
0x0000016109f6a800, 0x0000016123975800, 0x000001612397f000, 0x00000161239d9800,
0x00000161239dd000, 0x00000161239e0800, 0x00000161239e6000, 0x00000161239e7800,
0x00000161239e9800, 0x0000016123b44000, 0x0000016126668000, 0x0000016124269800,
0x0000016125950800, 0x00000161255bc800, 0x0000016125ae6800, 0x0000016125c85800,
0x0000016125da7000, 0x0000016125f4d800, 0x0000016125f5e800, 0x0000016126fe1800,
0x000001612581d800, 0x000001612581a800, 0x0000016125819800, 0x0000016124d35000,
0x0000016126303800
}

Java Threads: ( => current thread )
  0x0000016109f6a800 JavaThread "main" [_thread_blocked, id=23828, stack(0x000000430ae00000,0x000000430af00000)]
  0x0000016123975800 JavaThread "Reference Handler" daemon [_thread_blocked, id=4628, stack(0x000000430b500000,0x000000430b600000)]
  0x000001612397f000 JavaThread "Finalizer" daemon [_thread_blocked, id=23296, stack(0x000000430b600000,0x000000430b700000)]
  0x00000161239d9800 JavaThread "Signal Dispatcher" daemon [_thread_blocked, id=23376, stack(0x000000430b700000,0x000000430b800000)]
  0x00000161239dd000 JavaThread "Attach Listener" daemon [_thread_blocked, id=25804, stack(0x000000430b800000,0x000000430b900000)]
  0x00000161239e0800 JavaThread "Service Thread" daemon [_thread_blocked, id=26972, stack(0x000000430b900000,0x000000430ba00000)]
  0x00000161239e6000 JavaThread "C2 CompilerThread0" daemon [_thread_in_native, id=28500, stack(0x000000430ba00000,0x000000430bb00000)]
  0x00000161239e7800 JavaThread "C1 CompilerThread0" daemon [_thread_blocked, id=7344, stack(0x000000430bb00000,0x000000430bc00000)]
  0x00000161239e9800 JavaThread "Sweeper thread" daemon [_thread_blocked, id=18940, stack(0x000000430bc00000,0x000000430bd00000)]
  0x0000016123b44000 JavaThread "Common-Cleaner" daemon [_thread_blocked, id=14928, stack(0x000000430bd00000,0x000000430be00000)]
  0x0000016126668000 JavaThread "Daemon health stats" [_thread_blocked, id=26892, stack(0x000000430c600000,0x000000430c700000)]
  0x0000016124269800 JavaThread "Incoming local TCP Connector on port 5447" [_thread_in_native, id=5740, stack(0x000000430bf00000,0x000000430c000000)]
  0x0000016125950800 JavaThread "Daemon periodic checks" [_thread_blocked, id=300, stack(0x000000430c500000,0x000000430c600000)]
  0x00000161255bc800 JavaThread "Daemon" [_thread_blocked, id=11776, stack(0x000000430c700000,0x000000430c800000)]
  0x0000016125ae6800 JavaThread "Handler for socket connection from /127.0.0.1:5447 to /127.0.0.1:5450" [_thread_in_native, id=25952, stack(0x000000430c800000,0x000000430c900000)]
  0x0000016125c85800 JavaThread "Cancel handler" [_thread_blocked, id=22968, stack(0x000000430c900000,0x000000430ca00000)]
  0x0000016125da7000 JavaThread "Daemon worker" [_thread_in_Java, id=14128, stack(0x000000430ca00000,0x000000430cb00000)]
  0x0000016125f4d800 JavaThread "Asynchronous log dispatcher for DefaultDaemonConnection: socket connection from /127.0.0.1:5447 to /127.0.0.1:5450" [_thread_blocked, id=16252, stack(0x000000430cb00000,0x000000430cc00000)]
  0x0000016125f5e800 JavaThread "Stdin handler" [_thread_blocked, id=24740, stack(0x000000430cc00000,0x000000430cd00000)]
  0x0000016126fe1800 JavaThread "Daemon client event forwarder" [_thread_blocked, id=11884, stack(0x000000430cd00000,0x000000430ce00000)]
  0x000001612581d800 JavaThread "Cache worker for journal cache (C:\Users\Dell\.gradle\caches\journal-1)" [_thread_blocked, id=14060, stack(0x000000430d000000,0x000000430d100000)]
  0x000001612581a800 JavaThread "File lock request listener" [_thread_in_native, id=8980, stack(0x000000430d100000,0x000000430d200000)]
  0x0000016125819800 JavaThread "Cache worker for file hash cache (C:\Users\Dell\.gradle\caches\7.4\fileHashes)" [_thread_blocked, id=19196, stack(0x000000430d200000,0x000000430d300000)]
=>0x0000016124d35000 JavaThread "C2 CompilerThread1" daemon [_thread_in_native, id=21940, stack(0x000000430d400000,0x000000430d500000)]
  0x0000016126303800 JavaThread "C2 CompilerThread2" daemon [_thread_in_native, id=14156, stack(0x000000430d500000,0x000000430d600000)]

Other Threads:
  0x000001612394e000 VMThread "VM Thread" [stack: 0x000000430b400000,0x000000430b500000] [id=24656]
  0x0000016123b68000 WatcherThread [stack: 0x000000430be00000,0x000000430bf00000] [id=14992]
  0x0000016109f81000 GCTaskThread "GC Thread#0" [stack: 0x000000430af00000,0x000000430b000000] [id=12820]
  0x000001612466a800 GCTaskThread "GC Thread#1" [stack: 0x000000430c000000,0x000000430c100000] [id=25052]
  0x0000016124669000 GCTaskThread "GC Thread#2" [stack: 0x000000430c100000,0x000000430c200000] [id=19060]
  0x000001612466b000 GCTaskThread "GC Thread#3" [stack: 0x000000430c200000,0x000000430c300000] [id=2312]
  0x000001612466c000 GCTaskThread "GC Thread#4" [stack: 0x000000430c300000,0x000000430c400000] [id=24976]
  0x000001612466d800 GCTaskThread "GC Thread#5" [stack: 0x000000430c400000,0x000000430c500000] [id=19568]
  0x000001612466c800 GCTaskThread "GC Thread#6" [stack: 0x000000430ce00000,0x000000430cf00000] [id=4344]
  0x000001612466e000 GCTaskThread "GC Thread#7" [stack: 0x000000430cf00000,0x000000430d000000] [id=1628]
  0x0000016109faa000 ConcurrentGCThread "G1 Main Marker" [stack: 0x000000430b000000,0x000000430b100000] [id=27704]
  0x0000016109fab000 ConcurrentGCThread "G1 Conc#0" [stack: 0x000000430b100000,0x000000430b200000] [id=25292]
  0x000001612466a000 ConcurrentGCThread "G1 Conc#1" [stack: 0x000000430d300000,0x000000430d400000] [id=5244]
  0x0000016122fb6800 ConcurrentGCThread "G1 Refine#0" [stack: 0x000000430b200000,0x000000430b300000] [id=24204]
  0x0000016122fb7800 ConcurrentGCThread "G1 Young RemSet Sampling" [stack: 0x000000430b300000,0x000000430b400000] [id=9124]

Threads with active compile tasks:
C2 CompilerThread0   6338 2085       4       jdk.internal.ref.PhantomCleanable::<init> (49 bytes)
C2 CompilerThread1   6338 2004       4       java.net.URLClassLoader$1::run (5 bytes)
C2 CompilerThread2   6338 2034       4       java.io.DataOutputStream::writeShort (35 bytes)

VM state:not at safepoint (normal execution)

VM Mutex/Monitor currently owned by a thread: None

Heap address: 0x00000000a0000000, size: 1536 MB, Compressed Oops mode: 32-bit
Narrow klass base: 0x0000000000000000, Narrow klass shift: 3
Compressed class space size: 1073741824 Address: 0x0000000100000000

Heap:
 garbage-first heap   total 262144K, used 23886K [0x00000000a0000000, 0x0000000100000000)
  region size 1024K, 9 young (9216K), 2 survivors (2048K)
 Metaspace       used 23915K, capacity 24440K, committed 24700K, reserved 1071104K
  class space    used 3012K, capacity 3221K, committed 3276K, reserved 1048576K
Heap Regions: E=young(eden), S=young(survivor), O=old, HS=humongous(starts), HC=humongous(continues), CS=collection set, F=free, A=archive, TAMS=top-at-mark-start (previous, next)
|   0|0x00000000a0000000, 0x00000000a0100000, 0x00000000a0100000|100%| O|  |TAMS 0x00000000a0100000, 0x00000000a0000000| Untracked 
|   1|0x00000000a0100000, 0x00000000a0200000, 0x00000000a0200000|100%| O|  |TAMS 0x00000000a0200000, 0x00000000a0100000| Untracked 
|   2|0x00000000a0200000, 0x00000000a0300000, 0x00000000a0300000|100%| O|  |TAMS 0x00000000a0300000, 0x00000000a0200000| Untracked 
|   3|0x00000000a0300000, 0x00000000a0400000, 0x00000000a0400000|100%|HS|  |TAMS 0x00000000a0400000, 0x00000000a0300000| Complete 
|   4|0x00000000a0400000, 0x00000000a0500000, 0x00000000a0500000|100%|HC|  |TAMS 0x00000000a0500000, 0x00000000a0400000| Complete 
|   5|0x00000000a0500000, 0x00000000a0600000, 0x00000000a0600000|100%|HC|  |TAMS 0x00000000a0600000, 0x00000000a0500000| Complete 
|   6|0x00000000a0600000, 0x00000000a0700000, 0x00000000a0700000|100%| O|  |TAMS 0x00000000a0700000, 0x00000000a0600000| Untracked 
|   7|0x00000000a0700000, 0x00000000a0800000, 0x00000000a0800000|100%| O|  |TAMS 0x00000000a0800000, 0x00000000a0700000| Untracked 
|   8|0x00000000a0800000, 0x00000000a0900000, 0x00000000a0900000|100%| O|  |TAMS 0x00000000a0900000, 0x00000000a0800000| Untracked 
|   9|0x00000000a0900000, 0x00000000a0a00000, 0x00000000a0a00000|100%| O|  |TAMS 0x00000000a0a00000, 0x00000000a0900000| Untracked 
|  10|0x00000000a0a00000, 0x00000000a0b00000, 0x00000000a0b00000|100%| O|  |TAMS 0x00000000a0b00000, 0x00000000a0a00000| Untracked 
|  11|0x00000000a0b00000, 0x00000000a0c00000, 0x00000000a0c00000|100%| O|  |TAMS 0x00000000a0c00000, 0x00000000a0b00000| Untracked 
|  12|0x00000000a0c00000, 0x00000000a0d00000, 0x00000000a0d00000|100%| O|  |TAMS 0x00000000a0d00000, 0x00000000a0c00000| Untracked 
|  13|0x00000000a0d00000, 0x00000000a0e00000, 0x00000000a0e00000|100%| O|  |TAMS 0x00000000a0e00000, 0x00000000a0d00000| Untracked 
|  14|0x00000000a0e00000, 0x00000000a0f00000, 0x00000000a0f00000|100%| O|  |TAMS 0x00000000a0f00000, 0x00000000a0e00000| Untracked 
|  15|0x00000000a0f00000, 0x00000000a0fe8200, 0x00000000a1000000| 90%| O|  |TAMS 0x00000000a0fe8200, 0x00000000a0f00000| Untracked 
|  16|0x00000000a1000000, 0x00000000a1000000, 0x00000000a1100000|  0%| F|  |TAMS 0x00000000a1000000, 0x00000000a1000000| Untracked 
|  17|0x00000000a1100000, 0x00000000a1100000, 0x00000000a1200000|  0%| F|  |TAMS 0x00000000a1100000, 0x00000000a1100000| Untracked 
|  18|0x00000000a1200000, 0x00000000a1200000, 0x00000000a1300000|  0%| F|  |TAMS 0x00000000a1200000, 0x00000000a1200000| Untracked 
|  19|0x00000000a1300000, 0x00000000a1300000, 0x00000000a1400000|  0%| F|  |TAMS 0x00000000a1300000, 0x00000000a1300000| Untracked 
|  20|0x00000000a1400000, 0x00000000a1400000, 0x00000000a1500000|  0%| F|  |TAMS 0x00000000a1400000, 0x00000000a1400000| Untracked 
|  21|0x00000000a1500000, 0x00000000a1500000, 0x00000000a1600000|  0%| F|  |TAMS 0x00000000a1500000, 0x00000000a1500000| Untracked 
|  22|0x00000000a1600000, 0x00000000a1600000, 0x00000000a1700000|  0%| F|  |TAMS 0x00000000a1600000, 0x00000000a1600000| Untracked 
|  23|0x00000000a1700000, 0x00000000a1700000, 0x00000000a1800000|  0%| F|  |TAMS 0x00000000a1700000, 0x00000000a1700000| Untracked 
|  24|0x00000000a1800000, 0x00000000a1800000, 0x00000000a1900000|  0%| F|  |TAMS 0x00000000a1800000, 0x00000000a1800000| Untracked 
|  25|0x00000000a1900000, 0x00000000a1900000, 0x00000000a1a00000|  0%| F|  |TAMS 0x00000000a1900000, 0x00000000a1900000| Untracked 
|  26|0x00000000a1a00000, 0x00000000a1a00000, 0x00000000a1b00000|  0%| F|  |TAMS 0x00000000a1a00000, 0x00000000a1a00000| Untracked 
|  27|0x00000000a1b00000, 0x00000000a1b00000, 0x00000000a1c00000|  0%| F|  |TAMS 0x00000000a1b00000, 0x00000000a1b00000| Untracked 
|  28|0x00000000a1c00000, 0x00000000a1c00000, 0x00000000a1d00000|  0%| F|  |TAMS 0x00000000a1c00000, 0x00000000a1c00000| Untracked 
|  29|0x00000000a1d00000, 0x00000000a1d00000, 0x00000000a1e00000|  0%| F|  |TAMS 0x00000000a1d00000, 0x00000000a1d00000| Untracked 
|  30|0x00000000a1e00000, 0x00000000a1e00000, 0x00000000a1f00000|  0%| F|  |TAMS 0x00000000a1e00000, 0x00000000a1e00000| Untracked 
|  31|0x00000000a1f00000, 0x00000000a1f00000, 0x00000000a2000000|  0%| F|  |TAMS 0x00000000a1f00000, 0x00000000a1f00000| Untracked 
|  32|0x00000000a2000000, 0x00000000a2000000, 0x00000000a2100000|  0%| F|  |TAMS 0x00000000a2000000, 0x00000000a2000000| Untracked 
|  33|0x00000000a2100000, 0x00000000a2100000, 0x00000000a2200000|  0%| F|  |TAMS 0x00000000a2100000, 0x00000000a2100000| Untracked 
|  34|0x00000000a2200000, 0x00000000a2200000, 0x00000000a2300000|  0%| F|  |TAMS 0x00000000a2200000, 0x00000000a2200000| Untracked 
|  35|0x00000000a2300000, 0x00000000a2300000, 0x00000000a2400000|  0%| F|  |TAMS 0x00000000a2300000, 0x00000000a2300000| Untracked 
|  36|0x00000000a2400000, 0x00000000a2400000, 0x00000000a2500000|  0%| F|  |TAMS 0x00000000a2400000, 0x00000000a2400000| Untracked 
|  37|0x00000000a2500000, 0x00000000a2500000, 0x00000000a2600000|  0%| F|  |TAMS 0x00000000a2500000, 0x00000000a2500000| Untracked 
|  38|0x00000000a2600000, 0x00000000a2600000, 0x00000000a2700000|  0%| F|  |TAMS 0x00000000a2600000, 0x00000000a2600000| Untracked 
|  39|0x00000000a2700000, 0x00000000a2700000, 0x00000000a2800000|  0%| F|  |TAMS 0x00000000a2700000, 0x00000000a2700000| Untracked 
|  40|0x00000000a2800000, 0x00000000a2800000, 0x00000000a2900000|  0%| F|  |TAMS 0x00000000a2800000, 0x00000000a2800000| Untracked 
|  41|0x00000000a2900000, 0x00000000a2900000, 0x00000000a2a00000|  0%| F|  |TAMS 0x00000000a2900000, 0x00000000a2900000| Untracked 
|  42|0x00000000a2a00000, 0x00000000a2a00000, 0x00000000a2b00000|  0%| F|  |TAMS 0x00000000a2a00000, 0x00000000a2a00000| Untracked 
|  43|0x00000000a2b00000, 0x00000000a2b00000, 0x00000000a2c00000|  0%| F|  |TAMS 0x00000000a2b00000, 0x00000000a2b00000| Untracked 
|  44|0x00000000a2c00000, 0x00000000a2c00000, 0x00000000a2d00000|  0%| F|  |TAMS 0x00000000a2c00000, 0x00000000a2c00000| Untracked 
|  45|0x00000000a2d00000, 0x00000000a2d00000, 0x00000000a2e00000|  0%| F|  |TAMS 0x00000000a2d00000, 0x00000000a2d00000| Untracked 
|  46|0x00000000a2e00000, 0x00000000a2e00000, 0x00000000a2f00000|  0%| F|  |TAMS 0x00000000a2e00000, 0x00000000a2e00000| Untracked 
|  47|0x00000000a2f00000, 0x00000000a2f00000, 0x00000000a3000000|  0%| F|  |TAMS 0x00000000a2f00000, 0x00000000a2f00000| Untracked 
|  48|0x00000000a3000000, 0x00000000a3000000, 0x00000000a3100000|  0%| F|  |TAMS 0x00000000a3000000, 0x00000000a3000000| Untracked 
|  49|0x00000000a3100000, 0x00000000a3100000, 0x00000000a3200000|  0%| F|  |TAMS 0x00000000a3100000, 0x00000000a3100000| Untracked 
|  50|0x00000000a3200000, 0x00000000a3200000, 0x00000000a3300000|  0%| F|  |TAMS 0x00000000a3200000, 0x00000000a3200000| Untracked 
|  51|0x00000000a3300000, 0x00000000a3300000, 0x00000000a3400000|  0%| F|  |TAMS 0x00000000a3300000, 0x00000000a3300000| Untracked 
|  52|0x00000000a3400000, 0x00000000a3400000, 0x00000000a3500000|  0%| F|  |TAMS 0x00000000a3400000, 0x00000000a3400000| Untracked 
|  53|0x00000000a3500000, 0x00000000a3500000, 0x00000000a3600000|  0%| F|  |TAMS 0x00000000a3500000, 0x00000000a3500000| Untracked 
|  54|0x00000000a3600000, 0x00000000a3600000, 0x00000000a3700000|  0%| F|  |TAMS 0x00000000a3600000, 0x00000000a3600000| Untracked 
|  55|0x00000000a3700000, 0x00000000a3700000, 0x00000000a3800000|  0%| F|  |TAMS 0x00000000a3700000, 0x00000000a3700000| Untracked 
|  56|0x00000000a3800000, 0x00000000a3800000, 0x00000000a3900000|  0%| F|  |TAMS 0x00000000a3800000, 0x00000000a3800000| Untracked 
|  57|0x00000000a3900000, 0x00000000a3900000, 0x00000000a3a00000|  0%| F|  |TAMS 0x00000000a3900000, 0x00000000a3900000| Untracked 
|  58|0x00000000a3a00000, 0x00000000a3a00000, 0x00000000a3b00000|  0%| F|  |TAMS 0x00000000a3a00000, 0x00000000a3a00000| Untracked 
|  59|0x00000000a3b00000, 0x00000000a3b00000, 0x00000000a3c00000|  0%| F|  |TAMS 0x00000000a3b00000, 0x00000000a3b00000| Untracked 
|  60|0x00000000a3c00000, 0x00000000a3c00000, 0x00000000a3d00000|  0%| F|  |TAMS 0x00000000a3c00000, 0x00000000a3c00000| Untracked 
|  61|0x00000000a3d00000, 0x00000000a3d00000, 0x00000000a3e00000|  0%| F|  |TAMS 0x00000000a3d00000, 0x00000000a3d00000| Untracked 
|  62|0x00000000a3e00000, 0x00000000a3e00000, 0x00000000a3f00000|  0%| F|  |TAMS 0x00000000a3e00000, 0x00000000a3e00000| Untracked 
|  63|0x00000000a3f00000, 0x00000000a3f00000, 0x00000000a4000000|  0%| F|  |TAMS 0x00000000a3f00000, 0x00000000a3f00000| Untracked 
|  64|0x00000000a4000000, 0x00000000a4000000, 0x00000000a4100000|  0%| F|  |TAMS 0x00000000a4000000, 0x00000000a4000000| Untracked 
|  65|0x00000000a4100000, 0x00000000a4100000, 0x00000000a4200000|  0%| F|  |TAMS 0x00000000a4100000, 0x00000000a4100000| Untracked 
|  66|0x00000000a4200000, 0x00000000a4200000, 0x00000000a4300000|  0%| F|  |TAMS 0x00000000a4200000, 0x00000000a4200000| Untracked 
|  67|0x00000000a4300000, 0x00000000a4300000, 0x00000000a4400000|  0%| F|  |TAMS 0x00000000a4300000, 0x00000000a4300000| Untracked 
|  68|0x00000000a4400000, 0x00000000a4400000, 0x00000000a4500000|  0%| F|  |TAMS 0x00000000a4400000, 0x00000000a4400000| Untracked 
|  69|0x00000000a4500000, 0x00000000a4500000, 0x00000000a4600000|  0%| F|  |TAMS 0x00000000a4500000, 0x00000000a4500000| Untracked 
|  70|0x00000000a4600000, 0x00000000a4600000, 0x00000000a4700000|  0%| F|  |TAMS 0x00000000a4600000, 0x00000000a4600000| Untracked 
|  71|0x00000000a4700000, 0x00000000a4700000, 0x00000000a4800000|  0%| F|  |TAMS 0x00000000a4700000, 0x00000000a4700000| Untracked 
|  72|0x00000000a4800000, 0x00000000a4800000, 0x00000000a4900000|  0%| F|  |TAMS 0x00000000a4800000, 0x00000000a4800000| Untracked 
|  73|0x00000000a4900000, 0x00000000a4900000, 0x00000000a4a00000|  0%| F|  |TAMS 0x00000000a4900000, 0x00000000a4900000| Untracked 
|  74|0x00000000a4a00000, 0x00000000a4a00000, 0x00000000a4b00000|  0%| F|  |TAMS 0x00000000a4a00000, 0x00000000a4a00000| Untracked 
|  75|0x00000000a4b00000, 0x00000000a4b00000, 0x00000000a4c00000|  0%| F|  |TAMS 0x00000000a4b00000, 0x00000000a4b00000| Untracked 
|  76|0x00000000a4c00000, 0x00000000a4c00000, 0x00000000a4d00000|  0%| F|  |TAMS 0x00000000a4c00000, 0x00000000a4c00000| Untracked 
|  77|0x00000000a4d00000, 0x00000000a4d00000, 0x00000000a4e00000|  0%| F|  |TAMS 0x00000000a4d00000, 0x00000000a4d00000| Untracked 
|  78|0x00000000a4e00000, 0x00000000a4e00000, 0x00000000a4f00000|  0%| F|  |TAMS 0x00000000a4e00000, 0x00000000a4e00000| Untracked 
|  79|0x00000000a4f00000, 0x00000000a4f00000, 0x00000000a5000000|  0%| F|  |TAMS 0x00000000a4f00000, 0x00000000a4f00000| Untracked 
|  80|0x00000000a5000000, 0x00000000a5000000, 0x00000000a5100000|  0%| F|  |TAMS 0x00000000a5000000, 0x00000000a5000000| Untracked 
|  81|0x00000000a5100000, 0x00000000a5100000, 0x00000000a5200000|  0%| F|  |TAMS 0x00000000a5100000, 0x00000000a5100000| Untracked 
|  82|0x00000000a5200000, 0x00000000a5200000, 0x00000000a5300000|  0%| F|  |TAMS 0x00000000a5200000, 0x00000000a5200000| Untracked 
|  83|0x00000000a5300000, 0x00000000a5300000, 0x00000000a5400000|  0%| F|  |TAMS 0x00000000a5300000, 0x00000000a5300000| Untracked 
|  84|0x00000000a5400000, 0x00000000a5400000, 0x00000000a5500000|  0%| F|  |TAMS 0x00000000a5400000, 0x00000000a5400000| Untracked 
|  85|0x00000000a5500000, 0x00000000a5500000, 0x00000000a5600000|  0%| F|  |TAMS 0x00000000a5500000, 0x00000000a5500000| Untracked 
|  86|0x00000000a5600000, 0x00000000a5600000, 0x00000000a5700000|  0%| F|  |TAMS 0x00000000a5600000, 0x00000000a5600000| Untracked 
|  87|0x00000000a5700000, 0x00000000a5700000, 0x00000000a5800000|  0%| F|  |TAMS 0x00000000a5700000, 0x00000000a5700000| Untracked 
|  88|0x00000000a5800000, 0x00000000a5800000, 0x00000000a5900000|  0%| F|  |TAMS 0x00000000a5800000, 0x00000000a5800000| Untracked 
|  89|0x00000000a5900000, 0x00000000a5900000, 0x00000000a5a00000|  0%| F|  |TAMS 0x00000000a5900000, 0x00000000a5900000| Untracked 
|  90|0x00000000a5a00000, 0x00000000a5a00000, 0x00000000a5b00000|  0%| F|  |TAMS 0x00000000a5a00000, 0x00000000a5a00000| Untracked 
|  91|0x00000000a5b00000, 0x00000000a5b00000, 0x00000000a5c00000|  0%| F|  |TAMS 0x00000000a5b00000, 0x00000000a5b00000| Untracked 
|  92|0x00000000a5c00000, 0x00000000a5c00000, 0x00000000a5d00000|  0%| F|  |TAMS 0x00000000a5c00000, 0x00000000a5c00000| Untracked 
|  93|0x00000000a5d00000, 0x00000000a5d00000, 0x00000000a5e00000|  0%| F|  |TAMS 0x00000000a5d00000, 0x00000000a5d00000| Untracked 
|  94|0x00000000a5e00000, 0x00000000a5e00000, 0x00000000a5f00000|  0%| F|  |TAMS 0x00000000a5e00000, 0x00000000a5e00000| Untracked 
|  95|0x00000000a5f00000, 0x00000000a5f00000, 0x00000000a6000000|  0%| F|  |TAMS 0x00000000a5f00000, 0x00000000a5f00000| Untracked 
|  96|0x00000000a6000000, 0x00000000a6000000, 0x00000000a6100000|  0%| F|  |TAMS 0x00000000a6000000, 0x00000000a6000000| Untracked 
|  97|0x00000000a6100000, 0x00000000a6100000, 0x00000000a6200000|  0%| F|  |TAMS 0x00000000a6100000, 0x00000000a6100000| Untracked 
|  98|0x00000000a6200000, 0x00000000a6200000, 0x00000000a6300000|  0%| F|  |TAMS 0x00000000a6200000, 0x00000000a6200000| Untracked 
|  99|0x00000000a6300000, 0x00000000a6300000, 0x00000000a6400000|  0%| F|  |TAMS 0x00000000a6300000, 0x00000000a6300000| Untracked 
| 100|0x00000000a6400000, 0x00000000a6400000, 0x00000000a6500000|  0%| F|  |TAMS 0x00000000a6400000, 0x00000000a6400000| Untracked 
| 101|0x00000000a6500000, 0x00000000a6500000, 0x00000000a6600000|  0%| F|  |TAMS 0x00000000a6500000, 0x00000000a6500000| Untracked 
| 102|0x00000000a6600000, 0x00000000a6600000, 0x00000000a6700000|  0%| F|  |TAMS 0x00000000a6600000, 0x00000000a6600000| Untracked 
| 103|0x00000000a6700000, 0x00000000a6700000, 0x00000000a6800000|  0%| F|  |TAMS 0x00000000a6700000, 0x00000000a6700000| Untracked 
| 104|0x00000000a6800000, 0x00000000a6800000, 0x00000000a6900000|  0%| F|  |TAMS 0x00000000a6800000, 0x00000000a6800000| Untracked 
| 105|0x00000000a6900000, 0x00000000a6900000, 0x00000000a6a00000|  0%| F|  |TAMS 0x00000000a6900000, 0x00000000a6900000| Untracked 
| 106|0x00000000a6a00000, 0x00000000a6a00000, 0x00000000a6b00000|  0%| F|  |TAMS 0x00000000a6a00000, 0x00000000a6a00000| Untracked 
| 107|0x00000000a6b00000, 0x00000000a6b00000, 0x00000000a6c00000|  0%| F|  |TAMS 0x00000000a6b00000, 0x00000000a6b00000| Untracked 
| 108|0x00000000a6c00000, 0x00000000a6c00000, 0x00000000a6d00000|  0%| F|  |TAMS 0x00000000a6c00000, 0x00000000a6c00000| Untracked 
| 109|0x00000000a6d00000, 0x00000000a6d00000, 0x00000000a6e00000|  0%| F|  |TAMS 0x00000000a6d00000, 0x00000000a6d00000| Untracked 
| 110|0x00000000a6e00000, 0x00000000a6e00000, 0x00000000a6f00000|  0%| F|  |TAMS 0x00000000a6e00000, 0x00000000a6e00000| Untracked 
| 111|0x00000000a6f00000, 0x00000000a6f00000, 0x00000000a7000000|  0%| F|  |TAMS 0x00000000a6f00000, 0x00000000a6f00000| Untracked 
| 112|0x00000000a7000000, 0x00000000a7000000, 0x00000000a7100000|  0%| F|  |TAMS 0x00000000a7000000, 0x00000000a7000000| Untracked 
| 113|0x00000000a7100000, 0x00000000a7100000, 0x00000000a7200000|  0%| F|  |TAMS 0x00000000a7100000, 0x00000000a7100000| Untracked 
| 114|0x00000000a7200000, 0x00000000a7200000, 0x00000000a7300000|  0%| F|  |TAMS 0x00000000a7200000, 0x00000000a7200000| Untracked 
| 115|0x00000000a7300000, 0x00000000a7300000, 0x00000000a7400000|  0%| F|  |TAMS 0x00000000a7300000, 0x00000000a7300000| Untracked 
| 116|0x00000000a7400000, 0x00000000a7400000, 0x00000000a7500000|  0%| F|  |TAMS 0x00000000a7400000, 0x00000000a7400000| Untracked 
| 117|0x00000000a7500000, 0x00000000a7500000, 0x00000000a7600000|  0%| F|  |TAMS 0x00000000a7500000, 0x00000000a7500000| Untracked 
| 118|0x00000000a7600000, 0x00000000a7600000, 0x00000000a7700000|  0%| F|  |TAMS 0x00000000a7600000, 0x00000000a7600000| Untracked 
| 119|0x00000000a7700000, 0x00000000a7700000, 0x00000000a7800000|  0%| F|  |TAMS 0x00000000a7700000, 0x00000000a7700000| Untracked 
| 120|0x00000000a7800000, 0x00000000a7800000, 0x00000000a7900000|  0%| F|  |TAMS 0x00000000a7800000, 0x00000000a7800000| Untracked 
| 121|0x00000000a7900000, 0x00000000a7900000, 0x00000000a7a00000|  0%| F|  |TAMS 0x00000000a7900000, 0x00000000a7900000| Untracked 
| 122|0x00000000a7a00000, 0x00000000a7a00000, 0x00000000a7b00000|  0%| F|  |TAMS 0x00000000a7a00000, 0x00000000a7a00000| Untracked 
| 123|0x00000000a7b00000, 0x00000000a7b00000, 0x00000000a7c00000|  0%| F|  |TAMS 0x00000000a7b00000, 0x00000000a7b00000| Untracked 
| 124|0x00000000a7c00000, 0x00000000a7c00000, 0x00000000a7d00000|  0%| F|  |TAMS 0x00000000a7c00000, 0x00000000a7c00000| Untracked 
| 125|0x00000000a7d00000, 0x00000000a7d00000, 0x00000000a7e00000|  0%| F|  |TAMS 0x00000000a7d00000, 0x00000000a7d00000| Untracked 
| 126|0x00000000a7e00000, 0x00000000a7e00000, 0x00000000a7f00000|  0%| F|  |TAMS 0x00000000a7e00000, 0x00000000a7e00000| Untracked 
| 127|0x00000000a7f00000, 0x00000000a7f00000, 0x00000000a8000000|  0%| F|  |TAMS 0x00000000a7f00000, 0x00000000a7f00000| Untracked 
| 128|0x00000000a8000000, 0x00000000a8000000, 0x00000000a8100000|  0%| F|  |TAMS 0x00000000a8000000, 0x00000000a8000000| Untracked 
| 129|0x00000000a8100000, 0x00000000a8100000, 0x00000000a8200000|  0%| F|  |TAMS 0x00000000a8100000, 0x00000000a8100000| Untracked 
| 130|0x00000000a8200000, 0x00000000a8200000, 0x00000000a8300000|  0%| F|  |TAMS 0x00000000a8200000, 0x00000000a8200000| Untracked 
| 131|0x00000000a8300000, 0x00000000a8300000, 0x00000000a8400000|  0%| F|  |TAMS 0x00000000a8300000, 0x00000000a8300000| Untracked 
| 132|0x00000000a8400000, 0x00000000a8400000, 0x00000000a8500000|  0%| F|  |TAMS 0x00000000a8400000, 0x00000000a8400000| Untracked 
| 133|0x00000000a8500000, 0x00000000a8500000, 0x00000000a8600000|  0%| F|  |TAMS 0x00000000a8500000, 0x00000000a8500000| Untracked 
| 134|0x00000000a8600000, 0x00000000a8600000, 0x00000000a8700000|  0%| F|  |TAMS 0x00000000a8600000, 0x00000000a8600000| Untracked 
| 135|0x00000000a8700000, 0x00000000a8700000, 0x00000000a8800000|  0%| F|  |TAMS 0x00000000a8700000, 0x00000000a8700000| Untracked 
| 136|0x00000000a8800000, 0x00000000a8800000, 0x00000000a8900000|  0%| F|  |TAMS 0x00000000a8800000, 0x00000000a8800000| Untracked 
| 137|0x00000000a8900000, 0x00000000a8900000, 0x00000000a8a00000|  0%| F|  |TAMS 0x00000000a8900000, 0x00000000a8900000| Untracked 
| 138|0x00000000a8a00000, 0x00000000a8a00000, 0x00000000a8b00000|  0%| F|  |TAMS 0x00000000a8a00000, 0x00000000a8a00000| Untracked 
| 139|0x00000000a8b00000, 0x00000000a8b00000, 0x00000000a8c00000|  0%| F|  |TAMS 0x00000000a8b00000, 0x00000000a8b00000| Untracked 
| 140|0x00000000a8c00000, 0x00000000a8c00000, 0x00000000a8d00000|  0%| F|  |TAMS 0x00000000a8c00000, 0x00000000a8c00000| Untracked 
| 141|0x00000000a8d00000, 0x00000000a8d00000, 0x00000000a8e00000|  0%| F|  |TAMS 0x00000000a8d00000, 0x00000000a8d00000| Untracked 
| 142|0x00000000a8e00000, 0x00000000a8e00000, 0x00000000a8f00000|  0%| F|  |TAMS 0x00000000a8e00000, 0x00000000a8e00000| Untracked 
| 143|0x00000000a8f00000, 0x00000000a8f00000, 0x00000000a9000000|  0%| F|  |TAMS 0x00000000a8f00000, 0x00000000a8f00000| Untracked 
| 144|0x00000000a9000000, 0x00000000a9000000, 0x00000000a9100000|  0%| F|  |TAMS 0x00000000a9000000, 0x00000000a9000000| Untracked 
| 145|0x00000000a9100000, 0x00000000a9100000, 0x00000000a9200000|  0%| F|  |TAMS 0x00000000a9100000, 0x00000000a9100000| Untracked 
| 146|0x00000000a9200000, 0x00000000a9200000, 0x00000000a9300000|  0%| F|  |TAMS 0x00000000a9200000, 0x00000000a9200000| Untracked 
| 147|0x00000000a9300000, 0x00000000a9300000, 0x00000000a9400000|  0%| F|  |TAMS 0x00000000a9300000, 0x00000000a9300000| Untracked 
| 148|0x00000000a9400000, 0x00000000a9400000, 0x00000000a9500000|  0%| F|  |TAMS 0x00000000a9400000, 0x00000000a9400000| Untracked 
| 149|0x00000000a9500000, 0x00000000a9500000, 0x00000000a9600000|  0%| F|  |TAMS 0x00000000a9500000, 0x00000000a9500000| Untracked 
| 150|0x00000000a9600000, 0x00000000a9600000, 0x00000000a9700000|  0%| F|  |TAMS 0x00000000a9600000, 0x00000000a9600000| Untracked 
| 151|0x00000000a9700000, 0x00000000a9700000, 0x00000000a9800000|  0%| F|  |TAMS 0x00000000a9700000, 0x00000000a9700000| Untracked 
| 152|0x00000000a9800000, 0x00000000a9800000, 0x00000000a9900000|  0%| F|  |TAMS 0x00000000a9800000, 0x00000000a9800000| Untracked 
| 153|0x00000000a9900000, 0x00000000a9900000, 0x00000000a9a00000|  0%| F|  |TAMS 0x00000000a9900000, 0x00000000a9900000| Untracked 
| 154|0x00000000a9a00000, 0x00000000a9a00000, 0x00000000a9b00000|  0%| F|  |TAMS 0x00000000a9a00000, 0x00000000a9a00000| Untracked 
| 155|0x00000000a9b00000, 0x00000000a9b00000, 0x00000000a9c00000|  0%| F|  |TAMS 0x00000000a9b00000, 0x00000000a9b00000| Untracked 
| 156|0x00000000a9c00000, 0x00000000a9c00000, 0x00000000a9d00000|  0%| F|  |TAMS 0x00000000a9c00000, 0x00000000a9c00000| Untracked 
| 157|0x00000000a9d00000, 0x00000000a9d00000, 0x00000000a9e00000|  0%| F|  |TAMS 0x00000000a9d00000, 0x00000000a9d00000| Untracked 
| 158|0x00000000a9e00000, 0x00000000a9e00000, 0x00000000a9f00000|  0%| F|  |TAMS 0x00000000a9e00000, 0x00000000a9e00000| Untracked 
| 159|0x00000000a9f00000, 0x00000000a9f00000, 0x00000000aa000000|  0%| F|  |TAMS 0x00000000a9f00000, 0x00000000a9f00000| Untracked 
| 160|0x00000000aa000000, 0x00000000aa000000, 0x00000000aa100000|  0%| F|  |TAMS 0x00000000aa000000, 0x00000000aa000000| Untracked 
| 161|0x00000000aa100000, 0x00000000aa100000, 0x00000000aa200000|  0%| F|  |TAMS 0x00000000aa100000, 0x00000000aa100000| Untracked 
| 162|0x00000000aa200000, 0x00000000aa200000, 0x00000000aa300000|  0%| F|  |TAMS 0x00000000aa200000, 0x00000000aa200000| Untracked 
| 163|0x00000000aa300000, 0x00000000aa300000, 0x00000000aa400000|  0%| F|  |TAMS 0x00000000aa300000, 0x00000000aa300000| Untracked 
| 164|0x00000000aa400000, 0x00000000aa400000, 0x00000000aa500000|  0%| F|  |TAMS 0x00000000aa400000, 0x00000000aa400000| Untracked 
| 165|0x00000000aa500000, 0x00000000aa500000, 0x00000000aa600000|  0%| F|  |TAMS 0x00000000aa500000, 0x00000000aa500000| Untracked 
| 166|0x00000000aa600000, 0x00000000aa600000, 0x00000000aa700000|  0%| F|  |TAMS 0x00000000aa600000, 0x00000000aa600000| Untracked 
| 167|0x00000000aa700000, 0x00000000aa700000, 0x00000000aa800000|  0%| F|  |TAMS 0x00000000aa700000, 0x00000000aa700000| Untracked 
| 168|0x00000000aa800000, 0x00000000aa800000, 0x00000000aa900000|  0%| F|  |TAMS 0x00000000aa800000, 0x00000000aa800000| Untracked 
| 169|0x00000000aa900000, 0x00000000aa900000, 0x00000000aaa00000|  0%| F|  |TAMS 0x00000000aa900000, 0x00000000aa900000| Untracked 
| 170|0x00000000aaa00000, 0x00000000aaa00000, 0x00000000aab00000|  0%| F|  |TAMS 0x00000000aaa00000, 0x00000000aaa00000| Untracked 
| 171|0x00000000aab00000, 0x00000000aab00000, 0x00000000aac00000|  0%| F|  |TAMS 0x00000000aab00000, 0x00000000aab00000| Untracked 
| 172|0x00000000aac00000, 0x00000000aac00000, 0x00000000aad00000|  0%| F|  |TAMS 0x00000000aac00000, 0x00000000aac00000| Untracked 
| 173|0x00000000aad00000, 0x00000000aad00000, 0x00000000aae00000|  0%| F|  |TAMS 0x00000000aad00000, 0x00000000aad00000| Untracked 
| 174|0x00000000aae00000, 0x00000000aae00000, 0x00000000aaf00000|  0%| F|  |TAMS 0x00000000aae00000, 0x00000000aae00000| Untracked 
| 175|0x00000000aaf00000, 0x00000000aaf00000, 0x00000000ab000000|  0%| F|  |TAMS 0x00000000aaf00000, 0x00000000aaf00000| Untracked 
| 176|0x00000000ab000000, 0x00000000ab000000, 0x00000000ab100000|  0%| F|  |TAMS 0x00000000ab000000, 0x00000000ab000000| Untracked 
| 177|0x00000000ab100000, 0x00000000ab100000, 0x00000000ab200000|  0%| F|  |TAMS 0x00000000ab100000, 0x00000000ab100000| Untracked 
| 178|0x00000000ab200000, 0x00000000ab200000, 0x00000000ab300000|  0%| F|  |TAMS 0x00000000ab200000, 0x00000000ab200000| Untracked 
| 179|0x00000000ab300000, 0x00000000ab300000, 0x00000000ab400000|  0%| F|  |TAMS 0x00000000ab300000, 0x00000000ab300000| Untracked 
| 180|0x00000000ab400000, 0x00000000ab400000, 0x00000000ab500000|  0%| F|  |TAMS 0x00000000ab400000, 0x00000000ab400000| Untracked 
| 181|0x00000000ab500000, 0x00000000ab500000, 0x00000000ab600000|  0%| F|  |TAMS 0x00000000ab500000, 0x00000000ab500000| Untracked 
| 182|0x00000000ab600000, 0x00000000ab600000, 0x00000000ab700000|  0%| F|  |TAMS 0x00000000ab600000, 0x00000000ab600000| Untracked 
| 183|0x00000000ab700000, 0x00000000ab700000, 0x00000000ab800000|  0%| F|  |TAMS 0x00000000ab700000, 0x00000000ab700000| Untracked 
| 184|0x00000000ab800000, 0x00000000ab800000, 0x00000000ab900000|  0%| F|  |TAMS 0x00000000ab800000, 0x00000000ab800000| Untracked 
| 185|0x00000000ab900000, 0x00000000ab900000, 0x00000000aba00000|  0%| F|  |TAMS 0x00000000ab900000, 0x00000000ab900000| Untracked 
| 186|0x00000000aba00000, 0x00000000aba00000, 0x00000000abb00000|  0%| F|  |TAMS 0x00000000aba00000, 0x00000000aba00000| Untracked 
| 187|0x00000000abb00000, 0x00000000abb00000, 0x00000000abc00000|  0%| F|  |TAMS 0x00000000abb00000, 0x00000000abb00000| Untracked 
| 188|0x00000000abc00000, 0x00000000abc00000, 0x00000000abd00000|  0%| F|  |TAMS 0x00000000abc00000, 0x00000000abc00000| Untracked 
| 189|0x00000000abd00000, 0x00000000abd00000, 0x00000000abe00000|  0%| F|  |TAMS 0x00000000abd00000, 0x00000000abd00000| Untracked 
| 190|0x00000000abe00000, 0x00000000abe00000, 0x00000000abf00000|  0%| F|  |TAMS 0x00000000abe00000, 0x00000000abe00000| Untracked 
| 191|0x00000000abf00000, 0x00000000abf00000, 0x00000000ac000000|  0%| F|  |TAMS 0x00000000abf00000, 0x00000000abf00000| Untracked 
| 192|0x00000000ac000000, 0x00000000ac000000, 0x00000000ac100000|  0%| F|  |TAMS 0x00000000ac000000, 0x00000000ac000000| Untracked 
| 193|0x00000000ac100000, 0x00000000ac100000, 0x00000000ac200000|  0%| F|  |TAMS 0x00000000ac100000, 0x00000000ac100000| Untracked 
| 194|0x00000000ac200000, 0x00000000ac200000, 0x00000000ac300000|  0%| F|  |TAMS 0x00000000ac200000, 0x00000000ac200000| Untracked 
| 195|0x00000000ac300000, 0x00000000ac300000, 0x00000000ac400000|  0%| F|  |TAMS 0x00000000ac300000, 0x00000000ac300000| Untracked 
| 196|0x00000000ac400000, 0x00000000ac400000, 0x00000000ac500000|  0%| F|  |TAMS 0x00000000ac400000, 0x00000000ac400000| Untracked 
| 197|0x00000000ac500000, 0x00000000ac500000, 0x00000000ac600000|  0%| F|  |TAMS 0x00000000ac500000, 0x00000000ac500000| Untracked 
| 198|0x00000000ac600000, 0x00000000ac600000, 0x00000000ac700000|  0%| F|  |TAMS 0x00000000ac600000, 0x00000000ac600000| Untracked 
| 199|0x00000000ac700000, 0x00000000ac700000, 0x00000000ac800000|  0%| F|  |TAMS 0x00000000ac700000, 0x00000000ac700000| Untracked 
| 200|0x00000000ac800000, 0x00000000ac800000, 0x00000000ac900000|  0%| F|  |TAMS 0x00000000ac800000, 0x00000000ac800000| Untracked 
| 201|0x00000000ac900000, 0x00000000ac900000, 0x00000000aca00000|  0%| F|  |TAMS 0x00000000ac900000, 0x00000000ac900000| Untracked 
| 202|0x00000000aca00000, 0x00000000aca00000, 0x00000000acb00000|  0%| F|  |TAMS 0x00000000aca00000, 0x00000000aca00000| Untracked 
| 203|0x00000000acb00000, 0x00000000acb00000, 0x00000000acc00000|  0%| F|  |TAMS 0x00000000acb00000, 0x00000000acb00000| Untracked 
| 204|0x00000000acc00000, 0x00000000acc00000, 0x00000000acd00000|  0%| F|  |TAMS 0x00000000acc00000, 0x00000000acc00000| Untracked 
| 205|0x00000000acd00000, 0x00000000acd00000, 0x00000000ace00000|  0%| F|  |TAMS 0x00000000acd00000, 0x00000000acd00000| Untracked 
| 206|0x00000000ace00000, 0x00000000ace00000, 0x00000000acf00000|  0%| F|  |TAMS 0x00000000ace00000, 0x00000000ace00000| Untracked 
| 207|0x00000000acf00000, 0x00000000acf00000, 0x00000000ad000000|  0%| F|  |TAMS 0x00000000acf00000, 0x00000000acf00000| Untracked 
| 208|0x00000000ad000000, 0x00000000ad000000, 0x00000000ad100000|  0%| F|  |TAMS 0x00000000ad000000, 0x00000000ad000000| Untracked 
| 209|0x00000000ad100000, 0x00000000ad100000, 0x00000000ad200000|  0%| F|  |TAMS 0x00000000ad100000, 0x00000000ad100000| Untracked 
| 210|0x00000000ad200000, 0x00000000ad200000, 0x00000000ad300000|  0%| F|  |TAMS 0x00000000ad200000, 0x00000000ad200000| Untracked 
| 211|0x00000000ad300000, 0x00000000ad300000, 0x00000000ad400000|  0%| F|  |TAMS 0x00000000ad300000, 0x00000000ad300000| Untracked 
| 212|0x00000000ad400000, 0x00000000ad400000, 0x00000000ad500000|  0%| F|  |TAMS 0x00000000ad400000, 0x00000000ad400000| Untracked 
| 213|0x00000000ad500000, 0x00000000ad500000, 0x00000000ad600000|  0%| F|  |TAMS 0x00000000ad500000, 0x00000000ad500000| Untracked 
| 214|0x00000000ad600000, 0x00000000ad600000, 0x00000000ad700000|  0%| F|  |TAMS 0x00000000ad600000, 0x00000000ad600000| Untracked 
| 215|0x00000000ad700000, 0x00000000ad700000, 0x00000000ad800000|  0%| F|  |TAMS 0x00000000ad700000, 0x00000000ad700000| Untracked 
| 216|0x00000000ad800000, 0x00000000ad800000, 0x00000000ad900000|  0%| F|  |TAMS 0x00000000ad800000, 0x00000000ad800000| Untracked 
| 217|0x00000000ad900000, 0x00000000ad900000, 0x00000000ada00000|  0%| F|  |TAMS 0x00000000ad900000, 0x00000000ad900000| Untracked 
| 218|0x00000000ada00000, 0x00000000ada00000, 0x00000000adb00000|  0%| F|  |TAMS 0x00000000ada00000, 0x00000000ada00000| Untracked 
| 219|0x00000000adb00000, 0x00000000adb00000, 0x00000000adc00000|  0%| F|  |TAMS 0x00000000adb00000, 0x00000000adb00000| Untracked 
| 220|0x00000000adc00000, 0x00000000adc00000, 0x00000000add00000|  0%| F|  |TAMS 0x00000000adc00000, 0x00000000adc00000| Untracked 
| 221|0x00000000add00000, 0x00000000add00000, 0x00000000ade00000|  0%| F|  |TAMS 0x00000000add00000, 0x00000000add00000| Untracked 
| 222|0x00000000ade00000, 0x00000000ade00000, 0x00000000adf00000|  0%| F|  |TAMS 0x00000000ade00000, 0x00000000ade00000| Untracked 
| 223|0x00000000adf00000, 0x00000000adf00000, 0x00000000ae000000|  0%| F|  |TAMS 0x00000000adf00000, 0x00000000adf00000| Untracked 
| 224|0x00000000ae000000, 0x00000000ae000000, 0x00000000ae100000|  0%| F|  |TAMS 0x00000000ae000000, 0x00000000ae000000| Untracked 
| 225|0x00000000ae100000, 0x00000000ae16b6d8, 0x00000000ae200000| 41%| S|CS|TAMS 0x00000000ae100000, 0x00000000ae100000| Complete 
| 226|0x00000000ae200000, 0x00000000ae300000, 0x00000000ae300000|100%| S|CS|TAMS 0x00000000ae200000, 0x00000000ae200000| Complete 
| 227|0x00000000ae300000, 0x00000000ae300000, 0x00000000ae400000|  0%| F|  |TAMS 0x00000000ae300000, 0x00000000ae300000| Untracked 
| 228|0x00000000ae400000, 0x00000000ae400000, 0x00000000ae500000|  0%| F|  |TAMS 0x00000000ae400000, 0x00000000ae400000| Untracked 
| 229|0x00000000ae500000, 0x00000000ae500000, 0x00000000ae600000|  0%| F|  |TAMS 0x00000000ae500000, 0x00000000ae500000| Untracked 
| 230|0x00000000ae600000, 0x00000000ae600000, 0x00000000ae700000|  0%| F|  |TAMS 0x00000000ae600000, 0x00000000ae600000| Untracked 
| 231|0x00000000ae700000, 0x00000000ae700000, 0x00000000ae800000|  0%| F|  |TAMS 0x00000000ae700000, 0x00000000ae700000| Untracked 
| 232|0x00000000ae800000, 0x00000000ae800000, 0x00000000ae900000|  0%| F|  |TAMS 0x00000000ae800000, 0x00000000ae800000| Untracked 
| 233|0x00000000ae900000, 0x00000000ae900000, 0x00000000aea00000|  0%| F|  |TAMS 0x00000000ae900000, 0x00000000ae900000| Untracked 
| 234|0x00000000aea00000, 0x00000000aea00000, 0x00000000aeb00000|  0%| F|  |TAMS 0x00000000aea00000, 0x00000000aea00000| Untracked 
| 235|0x00000000aeb00000, 0x00000000aeb00000, 0x00000000aec00000|  0%| F|  |TAMS 0x00000000aeb00000, 0x00000000aeb00000| Untracked 
| 236|0x00000000aec00000, 0x00000000aec00000, 0x00000000aed00000|  0%| F|  |TAMS 0x00000000aec00000, 0x00000000aec00000| Untracked 
| 237|0x00000000aed00000, 0x00000000aed00000, 0x00000000aee00000|  0%| F|  |TAMS 0x00000000aed00000, 0x00000000aed00000| Untracked 
| 238|0x00000000aee00000, 0x00000000aee00000, 0x00000000aef00000|  0%| F|  |TAMS 0x00000000aee00000, 0x00000000aee00000| Untracked 
| 239|0x00000000aef00000, 0x00000000aef00000, 0x00000000af000000|  0%| F|  |TAMS 0x00000000aef00000, 0x00000000aef00000| Untracked 
| 240|0x00000000af000000, 0x00000000af000000, 0x00000000af100000|  0%| F|  |TAMS 0x00000000af000000, 0x00000000af000000| Untracked 
| 241|0x00000000af100000, 0x00000000af100000, 0x00000000af200000|  0%| F|  |TAMS 0x00000000af100000, 0x00000000af100000| Untracked 
| 242|0x00000000af200000, 0x00000000af200000, 0x00000000af300000|  0%| F|  |TAMS 0x00000000af200000, 0x00000000af200000| Untracked 
| 243|0x00000000af300000, 0x00000000af300000, 0x00000000af400000|  0%| F|  |TAMS 0x00000000af300000, 0x00000000af300000| Untracked 
| 244|0x00000000af400000, 0x00000000af400000, 0x00000000af500000|  0%| F|  |TAMS 0x00000000af400000, 0x00000000af400000| Untracked 
| 245|0x00000000af500000, 0x00000000af500000, 0x00000000af600000|  0%| F|  |TAMS 0x00000000af500000, 0x00000000af500000| Untracked 
| 246|0x00000000af600000, 0x00000000af600000, 0x00000000af700000|  0%| F|  |TAMS 0x00000000af600000, 0x00000000af600000| Untracked 
| 247|0x00000000af700000, 0x00000000af700000, 0x00000000af800000|  0%| F|  |TAMS 0x00000000af700000, 0x00000000af700000| Untracked 
| 248|0x00000000af800000, 0x00000000af87b428, 0x00000000af900000| 48%| E|  |TAMS 0x00000000af800000, 0x00000000af800000| Complete 
| 249|0x00000000af900000, 0x00000000afa00000, 0x00000000afa00000|100%| E|CS|TAMS 0x00000000af900000, 0x00000000af900000| Complete 
| 250|0x00000000afa00000, 0x00000000afb00000, 0x00000000afb00000|100%| E|CS|TAMS 0x00000000afa00000, 0x00000000afa00000| Complete 
| 251|0x00000000afb00000, 0x00000000afc00000, 0x00000000afc00000|100%| E|CS|TAMS 0x00000000afb00000, 0x00000000afb00000| Complete 
| 252|0x00000000afc00000, 0x00000000afd00000, 0x00000000afd00000|100%| E|CS|TAMS 0x00000000afc00000, 0x00000000afc00000| Complete 
| 253|0x00000000afd00000, 0x00000000afe00000, 0x00000000afe00000|100%| E|CS|TAMS 0x00000000afd00000, 0x00000000afd00000| Complete 
| 254|0x00000000afe00000, 0x00000000aff00000, 0x00000000aff00000|100%| E|CS|TAMS 0x00000000afe00000, 0x00000000afe00000| Complete 
| 255|0x00000000aff00000, 0x00000000b0000000, 0x00000000b0000000|100%| E|CS|TAMS 0x00000000aff00000, 0x00000000aff00000| Complete 

Card table byte_map: [0x000001611d080000,0x000001611d380000] _byte_map_base: 0x000001611cb80000

Marking Bits (Prev, Next): (CMBitMap*) 0x0000016109fa3178, (CMBitMap*) 0x0000016109fa31b0
 Prev Bits: [0x000001611d680000, 0x000001611ee80000)
 Next Bits: [0x000001611ee80000, 0x0000016120680000)

Polling page: 0x0000016107ee0000

Metaspace:

Usage:
  Non-class:     20.78 MB capacity,    20.48 MB ( 99%) used,   264.02 KB (  1%) free+waste,    42.44 KB ( <1%) overhead. 
      Class:      3.15 MB capacity,     2.96 MB ( 94%) used,   171.57 KB (  5%) free+waste,    21.06 KB ( <1%) overhead. 
       Both:     23.93 MB capacity,    23.44 MB ( 98%) used,   435.59 KB (  2%) free+waste,    63.50 KB ( <1%) overhead. 

Virtual space:
  Non-class space:       22.00 MB reserved,      20.92 MB ( 95%) committed 
      Class space:        1.00 GB reserved,       3.20 MB ( <1%) committed 
             Both:        1.02 GB reserved,      24.12 MB (  2%) committed 

Chunk freelists:
   Non-Class:  13.00 KB
       Class:  11.00 KB
        Both:  24.00 KB

MaxMetaspaceSize: 17179869184.00 GB
CompressedClassSpaceSize: 1.00 GB
Initial GC threshold: 20.80 MB
Current GC threshold: 39.79 MB
CDS: off

CodeHeap 'non-profiled nmethods': size=120000Kb used=1078Kb max_used=1078Kb free=118921Kb
 bounds [0x0000016115520000, 0x0000016115790000, 0x000001611ca50000]
CodeHeap 'profiled nmethods': size=120000Kb used=4450Kb max_used=4450Kb free=115549Kb
 bounds [0x000001610dff0000, 0x000001610e450000, 0x0000016115520000]
CodeHeap 'non-nmethods': size=5760Kb used=1217Kb max_used=1252Kb free=4543Kb
 bounds [0x000001610da50000, 0x000001610dcc0000, 0x000001610dff0000]
 total_blobs=2581 nmethods=2090 adapters=403
 compilation: enabled
              stopped_count=0, restarted_count=0
 full_count=0

Compilation events (20 events):
Event: 6.176 Thread 0x00000161239e7800 2040       3       java.lang.invoke.TypeConvertingMethodAdapter::cast (42 bytes)
Event: 6.176 Thread 0x00000161239e7800 nmethod 2040 0x000001610e41f410 code [0x000001610e41f620, 0x000001610e41fa88]
Event: 6.178 Thread 0x00000161239e7800 2041       3       java.lang.reflect.ProxyGenerator$ExceptionTableEntry::<init> (26 bytes)
Event: 6.179 Thread 0x00000161239e7800 nmethod 2041 0x000001610e41fc10 code [0x000001610e41fdc0, 0x000001610e41ff38]
Event: 6.179 Thread 0x00000161239e7800 2042       3       java.lang.Class::forName (15 bytes)
Event: 6.180 Thread 0x00000161239e7800 nmethod 2042 0x000001610e420010 code [0x000001610e4201e0, 0x000001610e4203f8]
Event: 6.180 Thread 0x00000161239e7800 2043       3       java.lang.reflect.Method::getRoot (5 bytes)
Event: 6.180 Thread 0x00000161239e7800 nmethod 2043 0x000001610e420510 code [0x000001610e4206c0, 0x000001610e4207d8]
Event: 6.181 Thread 0x00000161239e7800 2045       3       sun.reflect.annotation.AnnotationInvocationHandler::invoke (178 bytes)
Event: 6.183 Thread 0x00000161239e7800 nmethod 2045 0x000001610e420890 code [0x000001610e420ba0, 0x000001610e421c08]
Event: 6.183 Thread 0x00000161239e7800 2047       3       java.lang.reflect.Executable::getAnnotation (23 bytes)
Event: 6.183 Thread 0x00000161239e7800 nmethod 2047 0x000001610e422190 code [0x000001610e4223c0, 0x000001610e422a28]
Event: 6.183 Thread 0x00000161239e7800 2048       3       java.lang.reflect.Method::getAnnotation (6 bytes)
Event: 6.184 Thread 0x00000161239e7800 nmethod 2048 0x000001610e422c90 code [0x000001610e422ec0, 0x000001610e423588]
Event: 6.184 Thread 0x00000161239e7800 2049       1       org.gradle.internal.instantiation.generator.AbstractClassGenerator$PropertyMetadata::getName (5 bytes)
Event: 6.184 Thread 0x00000161239e7800 nmethod 2049 0x000001611561c090 code [0x000001611561c240, 0x000001611561c2f8]
Event: 6.184 Thread 0x00000161239e7800 2046       1       java.lang.reflect.Method::getAnnotationBytes (5 bytes)
Event: 6.184 Thread 0x00000161239e7800 nmethod 2046 0x000001611561c390 code [0x000001611561c540, 0x000001611561c5f8]
Event: 6.184 Thread 0x00000161239e7800 2050       3       org.gradle.internal.reflect.MethodSet$MethodKey::hashCode (29 bytes)
Event: 6.185 Thread 0x00000161239e7800 nmethod 2050 0x000001610e423810 code [0x000001610e423a20, 0x000001610e4241e8]

GC Heap History (6 events):
Event: 1.382 GC heap before
{Heap before GC invocations=0 (full 0):
 garbage-first heap   total 262144K, used 29696K [0x00000000a0000000, 0x0000000100000000)
  region size 1024K, 24 young (24576K), 0 survivors (0K)
 Metaspace       used 9808K, capacity 9956K, committed 10112K, reserved 1058816K
  class space    used 1006K, capacity 1069K, committed 1152K, reserved 1048576K
}
Event: 1.387 GC heap after
{Heap after GC invocations=1 (full 0):
 garbage-first heap   total 262144K, used 9385K [0x00000000a0000000, 0x0000000100000000)
  region size 1024K, 3 young (3072K), 3 survivors (3072K)
 Metaspace       used 9808K, capacity 9956K, committed 10112K, reserved 1058816K
  class space    used 1006K, capacity 1069K, committed 1152K, reserved 1048576K
}
Event: 5.367 GC heap before
{Heap before GC invocations=1 (full 0):
 garbage-first heap   total 262144K, used 95401K [0x00000000a0000000, 0x0000000100000000)
  region size 1024K, 87 young (89088K), 3 survivors (3072K)
 Metaspace       used 19130K, capacity 19526K, committed 19584K, reserved 1067008K
  class space    used 2279K, capacity 2408K, committed 2432K, reserved 1048576K
}
Event: 5.377 GC heap after
{Heap after GC invocations=2 (full 0):
 garbage-first heap   total 262144K, used 16880K [0x00000000a0000000, 0x0000000100000000)
  region size 1024K, 11 young (11264K), 11 survivors (11264K)
 Metaspace       used 19130K, capacity 19526K, committed 19584K, reserved 1067008K
  class space    used 2279K, capacity 2408K, committed 2432K, reserved 1048576K
}
Event: 5.669 GC heap before
{Heap before GC invocations=2 (full 0):
 garbage-first heap   total 262144K, used 30192K [0x00000000a0000000, 0x0000000100000000)
  region size 1024K, 25 young (25600K), 11 survivors (11264K)
 Metaspace       used 20713K, capacity 21180K, committed 21296K, reserved 1069056K
  class space    used 2499K, capacity 2666K, committed 2688K, reserved 1048576K
}
Event: 5.690 GC heap after
{Heap after GC invocations=3 (full 0):
 garbage-first heap   total 262144K, used 17196K [0x00000000a0000000, 0x0000000100000000)
  region size 1024K, 1 young (1024K), 1 survivors (1024K)
 Metaspace       used 20713K, capacity 21180K, committed 21296K, reserved 1069056K
  class space    used 2499K, capacity 2666K, committed 2688K, reserved 1048576K
}

Deoptimization events (20 events):
Event: 5.558 Thread 0x0000016125da7000 Uncommon trap: trap_request=0xffffff4d fr.pc=0x000001611553c8b0 relative=0x0000000000000a10
Event: 5.558 Thread 0x0000016125da7000 Uncommon trap: reason=unstable_if action=reinterpret pc=0x000001611553c8b0 method=java.io.WinNTFileSystem.resolve(Ljava/lang/String;Ljava/lang/String;)Ljava/lang/String; @ 19 c2
Event: 5.558 Thread 0x0000016125da7000 DEOPT PACKING pc=0x000001611553c8b0 sp=0x000000430cafb3e0
Event: 5.558 Thread 0x0000016125da7000 DEOPT UNPACKING pc=0x000001610da9a1af sp=0x000000430cafb378 mode 2
Event: 5.559 Thread 0x0000016125da7000 Uncommon trap: trap_request=0xffffffc6 fr.pc=0x0000016115599fa4 relative=0x0000000000000084
Event: 5.559 Thread 0x0000016125da7000 Uncommon trap: reason=bimorphic_or_optimized_type_check action=maybe_recompile pc=0x0000016115599fa4 method=java.util.AbstractList$Itr.hasNext()Z @ 8 c2
Event: 5.559 Thread 0x0000016125da7000 DEOPT PACKING pc=0x0000016115599fa4 sp=0x000000430cafa9a0
Event: 5.559 Thread 0x0000016125da7000 DEOPT UNPACKING pc=0x000001610da9a1af sp=0x000000430cafa938 mode 2
Event: 5.559 Thread 0x0000016125da7000 Uncommon trap: trap_request=0xffffffc6 fr.pc=0x000001611559a354 relative=0x0000000000000114
Event: 5.559 Thread 0x0000016125da7000 Uncommon trap: reason=bimorphic_or_optimized_type_check action=maybe_recompile pc=0x000001611559a354 method=java.util.AbstractList$Itr.next()Ljava/lang/Object; @ 14 c2
Event: 5.559 Thread 0x0000016125da7000 DEOPT PACKING pc=0x000001611559a354 sp=0x000000430cafa990
Event: 5.559 Thread 0x0000016125da7000 DEOPT UNPACKING pc=0x000001610da9a1af sp=0x000000430cafa928 mode 2
Event: 5.560 Thread 0x0000016125da7000 Uncommon trap: trap_request=0xffffff4d fr.pc=0x0000016115595c84 relative=0x00000000000005c4
Event: 5.560 Thread 0x0000016125da7000 Uncommon trap: reason=unstable_if action=reinterpret pc=0x0000016115595c84 method=java.io.File.getName()Ljava/lang/String; @ 16 c2
Event: 5.560 Thread 0x0000016125da7000 DEOPT PACKING pc=0x0000016115595c84 sp=0x000000430cafb370
Event: 5.560 Thread 0x0000016125da7000 DEOPT UNPACKING pc=0x000001610da9a1af sp=0x000000430cafb340 mode 2
Event: 5.560 Thread 0x0000016125da7000 Uncommon trap: trap_request=0xffffff4d fr.pc=0x0000016115593734 relative=0x0000000000000474
Event: 5.560 Thread 0x0000016125da7000 Uncommon trap: reason=unstable_if action=reinterpret pc=0x0000016115593734 method=java.lang.String.substring(I)Ljava/lang/String; @ 34 c2
Event: 5.560 Thread 0x0000016125da7000 DEOPT PACKING pc=0x0000016115593734 sp=0x000000430cafb2f0
Event: 5.560 Thread 0x0000016125da7000 DEOPT UNPACKING pc=0x000001610da9a1af sp=0x000000430cafb2c8 mode 2

Classes redefined (0 events):
No events

Internal exceptions (20 events):
Event: 1.126 Thread 0x0000016109f6a800 Exception <a 'java/lang/NoSuchMethodError'{0x00000000aed4cb50}: 'java.lang.Object java.lang.invoke.Invokers$Holder.invoker(java.lang.Object, java.lang.Object, java.lang.Object)'> (0x00000000aed4cb50) thrown at [./src/hotspot/share/interpreter/linkResolver.cpp, line 773]
Event: 1.132 Thread 0x0000016109f6a800 Exception <a 'java/lang/NoSuchMethodError'{0x00000000aed5dbc8}: 'void java.lang.invoke.DelegatingMethodHandle$Holder.delegate(java.lang.Object, java.lang.Object, int, java.lang.Object)'> (0x00000000aed5dbc8) thrown at [./src/hotspot/share/interpreter/linkResolver.cpp, line 773]
Event: 2.435 Thread 0x0000016109f6a800 Exception <a 'java/security/PrivilegedActionException'{0x00000000ad9a89b8}> (0x00000000ad9a89b8) thrown at [./src/hotspot/share/prims/jvm.cpp, line 1306]
Event: 2.435 Thread 0x0000016109f6a800 Exception <a 'java/security/PrivilegedActionException'{0x00000000ad9a8f30}> (0x00000000ad9a8f30) thrown at [./src/hotspot/share/prims/jvm.cpp, line 1306]
Event: 2.806 Thread 0x0000016109f6a800 Exception <a 'java/lang/NoSuchMethodError'{0x00000000ac71e258}: 'java.lang.Object java.lang.invoke.DirectMethodHandle$Holder.invokeStaticInit(java.lang.Object, java.lang.Object, java.lang.Object)'> (0x00000000ac71e258) thrown at [./src/hotspot/share/interpreter/linkResolver.cpp, line 773]
Event: 3.038 Thread 0x0000016109f6a800 Exception <a 'java/lang/NoSuchMethodError'{0x00000000ac1a1098}: 'java.lang.Object java.lang.invoke.DirectMethodHandle$Holder.invokeStaticInit(java.lang.Object, int, int, int, int)'> (0x00000000ac1a1098) thrown at [./src/hotspot/share/interpreter/linkResolver.cpp, line 773]
Event: 3.648 Thread 0x0000016109f6a800 Exception <a 'java/lang/NoSuchMethodError'{0x00000000ac1fe160}: 'java.lang.Object java.lang.invoke.DirectMethodHandle$Holder.invokeStaticInit(java.lang.Object, java.lang.Object, int, int, int, int)'> (0x00000000ac1fe160) thrown at [./src/hotspot/share/interpreter/linkResolver.cpp, line 773]
Event: 4.863 Thread 0x0000016109f6a800 Exception <a 'java/io/IOException'{0x00000000abfdfa00}> (0x00000000abfdfa00) thrown at [./src/hotspot/share/prims/jni.cpp, line 616]
Event: 5.050 Thread 0x0000016125da7000 Exception <a 'java/lang/NoSuchMethodError'{0x00000000ab8e4b20}: 'long java.lang.invoke.DirectMethodHandle$Holder.invokeInterface(java.lang.Object, java.lang.Object)'> (0x00000000ab8e4b20) thrown at [./src/hotspot/share/interpreter/linkResolver.cpp, line 773]
Event: 5.051 Thread 0x0000016125da7000 Exception <a 'java/lang/NoSuchMethodError'{0x00000000ab8f1bc0}: 'void java.lang.invoke.DelegatingMethodHandle$Holder.reinvoke_L(java.lang.Object, java.lang.Object, java.lang.Object, java.lang.Object, java.lang.Object, java.lang.Object, java.lang.Object)'> (0x00000000ab8f1bc0) thrown at [./src/hotspot/share/interpreter/linkResolver.cpp, line 773]
Event: 5.450 Thread 0x0000016125da7000 Exception <a 'java/lang/NoSuchMethodError'{0x00000000af9deeb0}: 'void java.lang.invoke.DirectMethodHandle$Holder.invokeStaticInit(java.lang.Object)'> (0x00000000af9deeb0) thrown at [./src/hotspot/share/interpreter/linkResolver.cpp, line 773]
Event: 5.470 Thread 0x0000016125da7000 Exception <a 'java/lang/NoSuchMethodError'{0x00000000af88c500}: 'java.lang.Object java.lang.invoke.DirectMethodHandle$Holder.invokeStatic(java.lang.Object, java.lang.Object, java.lang.Object, int)'> (0x00000000af88c500) thrown at [./src/hotspot/share/interpreter/linkResolver.cpp, line 773]
Event: 5.470 Thread 0x0000016125da7000 Exception <a 'java/lang/NoSuchMethodError'{0x00000000af890c18}: 'java.lang.Object java.lang.invoke.DirectMethodHandle$Holder.invokeSpecial(java.lang.Object, java.lang.Object, java.lang.Object, java.lang.Object, int)'> (0x00000000af890c18) thrown at [./src/hotspot/share/interpreter/linkResolver.cpp, line 773]
Event: 5.470 Thread 0x0000016125da7000 Exception <a 'java/lang/NoSuchMethodError'{0x00000000af894b50}: 'java.lang.Object java.lang.invoke.Invokers$Holder.linkToTargetMethod(java.lang.Object, java.lang.Object, int, java.lang.Object)'> (0x00000000af894b50) thrown at [./src/hotspot/share/interpreter/linkResolver.cpp, line 773]
Event: 5.658 Thread 0x0000016125da7000 Exception <a 'java/lang/NoSuchMethodError'{0x00000000af2d9518}: 'int java.lang.invoke.DirectMethodHandle$Holder.invokeSpecialIFC(java.lang.Object, java.lang.Object, java.lang.Object, java.lang.Object)'> (0x00000000af2d9518) thrown at [./src/hotspot/share/interpreter/linkResolver.cpp, line 773]
Event: 5.663 Thread 0x0000016125da7000 Exception <a 'java/lang/NoSuchMethodError'{0x00000000af2e7a88}: 'java.lang.Object java.lang.invoke.DirectMethodHandle$Holder.invokeInterface(java.lang.Object, java.lang.Object, java.lang.Object)'> (0x00000000af2e7a88) thrown at [./src/hotspot/share/interpreter/linkResolver.cpp, line 773]
Event: 5.663 Thread 0x0000016125da7000 Exception <a 'java/lang/IncompatibleClassChangeError'{0x00000000af2eaf60}: Found class java.lang.Object, but interface was expected> (0x00000000af2eaf60) thrown at [./src/hotspot/share/interpreter/linkResolver.cpp, line 839]
Event: 5.931 Thread 0x0000016125da7000 Exception <a 'java/lang/NoSuchMethodError'{0x00000000af74e150}: 'void java.lang.invoke.DirectMethodHandle$Holder.invokeSpecial(java.lang.Object, java.lang.Object, java.lang.Object, java.lang.Object, java.lang.Object)'> (0x00000000af74e150) thrown at [./src/hotspot/share/interpreter/linkResolver.cpp, line 773]
Event: 6.001 Thread 0x0000016125da7000 Exception <a 'java/lang/NoSuchMethodError'{0x00000000af59ba38}: 'java.lang.Object java.lang.invoke.DirectMethodHandle$Holder.invokeSpecial(java.lang.Object, java.lang.Object, java.lang.Object, java.lang.Object, java.lang.Object, java.lang.Object, java.lang.Object, java.lang.Object, java.lang.Object)'> (0x00000000af59ba38) thrown at [./src/hotspot/share/interpreter/linkResolver.cpp, line 773]
Event: 6.109 Thread 0x0000016125da7000 Exception <a 'java/lang/NoSuchMethodError'{0x00000000aea71168}: 'java.lang.Object java.lang.invoke.DirectMethodHandle$Holder.invokeVirtual(java.lang.Object, java.lang.Object, java.lang.Object, java.lang.Object)'> (0x00000000aea71168) thrown at [./src/hotspot/share/interpreter/linkResolver.cpp, line 773]

Events (20 events):
Event: 6.202 loading class org/objectweb/asm/MethodWriter
Event: 6.202 loading class org/objectweb/asm/MethodWriter done
Event: 6.204 loading class org/objectweb/asm/ClassTooLargeException
Event: 6.204 loading class org/objectweb/asm/ClassTooLargeException done
Event: 6.205 loading class org/objectweb/asm/SymbolTable
Event: 6.205 loading class org/objectweb/asm/SymbolTable done
Event: 6.207 loading class org/objectweb/asm/Symbol
Event: 6.207 loading class org/objectweb/asm/Symbol done
Event: 6.207 loading class org/objectweb/asm/SymbolTable$Entry
Event: 6.207 loading class org/objectweb/asm/SymbolTable$Entry done
Event: 6.209 loading class org/objectweb/asm/ByteVector
Event: 6.209 loading class org/objectweb/asm/ByteVector done
Event: 6.212 loading class org/objectweb/asm/MethodTooLargeException
Event: 6.212 loading class org/objectweb/asm/MethodTooLargeException done
Event: 6.215 loading class org/objectweb/asm/Frame
Event: 6.215 loading class org/objectweb/asm/Frame done
Event: 6.216 loading class org/objectweb/asm/CurrentFrame
Event: 6.216 loading class org/objectweb/asm/CurrentFrame done
Event: 6.217 loading class org/objectweb/asm/Label
Event: 6.217 loading class org/objectweb/asm/Label done


Dynamic libraries:
0x00007ff6e6550000 - 0x00007ff6e655a000 	C:\Program Files\Android\Android Studio\jre\bin\java.exe
0x00007fffb01f0000 - 0x00007fffb0404000 	C:\WINDOWS\SYSTEM32\ntdll.dll
0x00007fff69740000 - 0x00007fff69759000 	C:\Program Files\Avast Software\Avast\aswhook.dll
0x00007fffae460000 - 0x00007fffae523000 	C:\WINDOWS\System32\KERNEL32.DLL
0x00007fffad6e0000 - 0x00007fffada7c000 	C:\WINDOWS\System32\KERNELBASE.dll
0x00007fffadbf0000 - 0x00007fffadd01000 	C:\WINDOWS\System32\ucrtbase.dll
0x00007fffa9cf0000 - 0x00007fffa9d09000 	C:\Program Files\Android\Android Studio\jre\bin\jli.dll
0x00007fffa9cd0000 - 0x00007fffa9ce7000 	C:\Program Files\Android\Android Studio\jre\bin\VCRUNTIME140.dll
0x00007fffaff80000 - 0x00007fffb012d000 	C:\WINDOWS\System32\USER32.dll
0x00007fffad630000 - 0x00007fffad656000 	C:\WINDOWS\System32\win32u.dll
0x00007fffae670000 - 0x00007fffae699000 	C:\WINDOWS\System32\GDI32.dll
0x00007fff8abf0000 - 0x00007fff8ae7e000 	C:\WINDOWS\WinSxS\amd64_microsoft.windows.common-controls_6595b64144ccf1df_6.0.22621.608_none_a9444ca7c10bb01d\COMCTL32.dll
0x00007fffadd10000 - 0x00007fffade23000 	C:\WINDOWS\System32\gdi32full.dll
0x00007fffae530000 - 0x00007fffae5d7000 	C:\WINDOWS\System32\msvcrt.dll
0x00007fffadea0000 - 0x00007fffadf3a000 	C:\WINDOWS\System32\msvcp_win.dll
0x00007fffae7c0000 - 0x00007fffae7f1000 	C:\WINDOWS\System32\IMM32.DLL
0x0000000077ff0000 - 0x0000000077ffc000 	C:\Program Files (x86)\360\Total Security\safemon\SafeWrapper.dll
0x00007fffafed0000 - 0x00007fffaff7e000 	C:\WINDOWS\System32\ADVAPI32.dll
0x00007fffafd40000 - 0x00007fffafde4000 	C:\WINDOWS\System32\sechost.dll
0x00007fffae6a0000 - 0x00007fffae7b5000 	C:\WINDOWS\System32\RPCRT4.dll
0x00007fff21b80000 - 0x00007fff21c12000 	C:\Program Files (x86)\360\Total Security\safemon\libzdtp64.dll
0x00007fffaf0b0000 - 0x00007fffaf8a0000 	C:\WINDOWS\System32\SHELL32.dll
0x00007fffae400000 - 0x00007fffae45e000 	C:\WINDOWS\System32\SHLWAPI.dll
0x00007fffa4dd0000 - 0x00007fffa4dda000 	C:\WINDOWS\SYSTEM32\VERSION.dll
0x00007fff95880000 - 0x00007fff9591d000 	C:\Program Files\Android\Android Studio\jre\bin\msvcp140.dll
0x00007fff5e5e0000 - 0x00007fff5f0e2000 	C:\Program Files\Android\Android Studio\jre\bin\server\jvm.dll
0x00007fffae2d0000 - 0x00007fffae2d8000 	C:\WINDOWS\System32\PSAPI.DLL
0x00007fff9a230000 - 0x00007fff9a239000 	C:\WINDOWS\SYSTEM32\WSOCK32.dll
0x00007fffa5c60000 - 0x00007fffa5c94000 	C:\WINDOWS\SYSTEM32\WINMM.dll
0x00007fffb0130000 - 0x00007fffb01a1000 	C:\WINDOWS\System32\WS2_32.dll
0x00007fffac770000 - 0x00007fffac788000 	C:\WINDOWS\SYSTEM32\kernel.appcore.dll
0x00007fffa9cb0000 - 0x00007fffa9cc1000 	C:\Program Files\Android\Android Studio\jre\bin\verify.dll
0x00007fffab030000 - 0x00007fffab25e000 	C:\WINDOWS\SYSTEM32\DBGHELP.DLL
0x00007fffaf8b0000 - 0x00007fffafc39000 	C:\WINDOWS\System32\combase.dll
0x00007fffafdf0000 - 0x00007fffafec7000 	C:\WINDOWS\System32\OLEAUT32.dll
0x00007fffa2290000 - 0x00007fffa22c2000 	C:\WINDOWS\SYSTEM32\dbgcore.DLL
0x00007fffad660000 - 0x00007fffad6db000 	C:\WINDOWS\System32\bcryptPrimitives.dll
0x00007fffa8920000 - 0x00007fffa8949000 	C:\Program Files\Android\Android Studio\jre\bin\java.dll
0x00007fffa9ca0000 - 0x00007fffa9cab000 	C:\Program Files\Android\Android Studio\jre\bin\jimage.dll
0x00007fffa8a90000 - 0x00007fffa8aa8000 	C:\Program Files\Android\Android Studio\jre\bin\zip.dll
0x00007fffab650000 - 0x00007fffabf1e000 	C:\WINDOWS\SYSTEM32\windows.storage.dll
0x00007fffab510000 - 0x00007fffab64e000 	C:\WINDOWS\SYSTEM32\wintypes.dll
0x00007fffafc40000 - 0x00007fffafd31000 	C:\WINDOWS\System32\SHCORE.dll
0x00007fffad560000 - 0x00007fffad581000 	C:\WINDOWS\SYSTEM32\profapi.dll
0x00007fff9ec10000 - 0x00007fff9ec2a000 	C:\Program Files\Android\Android Studio\jre\bin\net.dll
0x00007fffa50f0000 - 0x00007fffa521f000 	C:\WINDOWS\SYSTEM32\WINHTTP.dll
0x00007fffacbe0000 - 0x00007fffacc49000 	C:\WINDOWS\system32\mswsock.dll
0x00007fff9ebf0000 - 0x00007fff9ec04000 	C:\Program Files\Android\Android Studio\jre\bin\nio.dll
0x00007fff7cb70000 - 0x00007fff7cb97000 	C:\Users\Dell\.gradle\native\e1d6ef7f7dcc3fd88c89a11ec53ec762bb8ba0a96d01ffa2cd45eb1d1d8dd5c5\windows-amd64\native-platform.dll
0x00007fff50f40000 - 0x00007fff51084000 	C:\Users\Dell\.gradle\native\0d407fdbe67a94daf76414ababcb853783967236a71b16ec16e742cd7a986fd3\windows-amd64\native-platform-file-events.dll
0x00007fffa9c50000 - 0x00007fffa9c5a000 	C:\Program Files\Android\Android Studio\jre\bin\management.dll
0x00007fffa8910000 - 0x00007fffa891d000 	C:\Program Files\Android\Android Studio\jre\bin\management_ext.dll
0x00007ffface40000 - 0x00007ffface5b000 	C:\WINDOWS\SYSTEM32\CRYPTSP.dll
0x00007fffac6e0000 - 0x00007fffac715000 	C:\WINDOWS\system32\rsaenh.dll
0x00007fffacce0000 - 0x00007fffacd08000 	C:\WINDOWS\SYSTEM32\USERENV.dll
0x00007fffad000000 - 0x00007fffad028000 	C:\WINDOWS\SYSTEM32\bcrypt.dll
0x00007ffface60000 - 0x00007ffface6c000 	C:\WINDOWS\SYSTEM32\CRYPTBASE.dll
0x00007fffac1e0000 - 0x00007fffac20d000 	C:\WINDOWS\SYSTEM32\IPHLPAPI.DLL
0x00007fffaee90000 - 0x00007fffaee99000 	C:\WINDOWS\System32\NSI.dll
0x00007fffa4f40000 - 0x00007fffa4f59000 	C:\WINDOWS\SYSTEM32\dhcpcsvc6.DLL
0x00007fffa4f20000 - 0x00007fffa4f3f000 	C:\WINDOWS\SYSTEM32\dhcpcsvc.DLL
0x00007fffac250000 - 0x00007fffac343000 	C:\WINDOWS\SYSTEM32\DNSAPI.dll

dbghelp: loaded successfully - version: 4.0.5 - missing functions: none
symbol engine: initialized successfully - sym options: 0x614 - pdb path: .;C:\Program Files\Android\Android Studio\jre\bin;C:\WINDOWS\SYSTEM32;C:\Program Files\Avast Software\Avast;C:\WINDOWS\WinSxS\amd64_microsoft.windows.common-controls_6595b64144ccf1df_6.0.22621.608_none_a9444ca7c10bb01d;C:\Program Files (x86)\360\Total Security\safemon;C:\Program Files\Android\Android Studio\jre\bin\server;C:\Users\Dell\.gradle\native\e1d6ef7f7dcc3fd88c89a11ec53ec762bb8ba0a96d01ffa2cd45eb1d1d8dd5c5\windows-amd64;C:\Users\Dell\.gradle\native\0d407fdbe67a94daf76414ababcb853783967236a71b16ec16e742cd7a986fd3\windows-amd64

VM Arguments:
jvm_args: --add-opens=java.base/java.util=ALL-UNNAMED --add-opens=java.base/java.lang=ALL-UNNAMED --add-opens=java.base/java.lang.invoke=ALL-UNNAMED --add-opens=java.base/java.util=ALL-UNNAMED --add-opens=java.prefs/java.util.prefs=ALL-UNNAMED --add-opens=java.prefs/java.util.prefs=ALL-UNNAMED --add-opens=java.base/java.nio.charset=ALL-UNNAMED --add-opens=java.base/java.net=ALL-UNNAMED --add-opens=java.base/java.util.concurrent.atomic=ALL-UNNAMED -Xmx1536M -Dfile.encoding=windows-1252 -Duser.country=US -Duser.language=en -Duser.variant 
java_command: org.gradle.launcher.daemon.bootstrap.GradleDaemon 7.4
java_class_path (initial): C:\Users\Dell\.gradle\wrapper\dists\gradle-7.4-all\aadb4xli5jkdsnukm30eibyiu\gradle-7.4\lib\gradle-launcher-7.4.jar
Launcher Type: SUN_STANDARD

[Global flags]
     intx CICompilerCount                          = 4                                         {product} {ergonomic}
     uint ConcGCThreads                            = 2                                         {product} {ergonomic}
     uint G1ConcRefinementThreads                  = 8                                         {product} {ergonomic}
   size_t G1HeapRegionSize                         = 1048576                                   {product} {ergonomic}
    uintx GCDrainStackTargetSize                   = 64                                        {product} {ergonomic}
   size_t InitialHeapSize                          = 268435456                                 {product} {ergonomic}
   size_t MarkStackSize                            = 4194304                                   {product} {ergonomic}
   size_t MaxHeapSize                              = 1610612736                                {product} {command line}
   size_t MaxNewSize                               = 965738496                                 {product} {ergonomic}
   size_t MinHeapDeltaBytes                        = 1048576                                   {product} {ergonomic}
    uintx NonNMethodCodeHeapSize                   = 5836300                                {pd product} {ergonomic}
    uintx NonProfiledCodeHeapSize                  = 122910970                              {pd product} {ergonomic}
    uintx ProfiledCodeHeapSize                     = 122910970                              {pd product} {ergonomic}
    uintx ReservedCodeCacheSize                    = 251658240                              {pd product} {ergonomic}
     bool SegmentedCodeCache                       = true                                      {product} {ergonomic}
     bool UseCompressedClassPointers               = true                                 {lp64_product} {ergonomic}
     bool UseCompressedOops                        = true                                 {lp64_product} {ergonomic}
     bool UseG1GC                                  = true                                      {product} {ergonomic}
     bool UseLargePagesIndividualAllocation        = false                                  {pd product} {ergonomic}

Logging:
Log output configuration:
 #0: stdout all=warning uptime,level,tags
 #1: stderr all=off uptime,level,tags

Environment Variables:
JAVA_HOME=C:\Program Files\Android\Android Studio\jre
CLASSPATH=F:\projjjjjjj\android\\gradle\wrapper\gradle-wrapper.jar
PATH=G:\oracle\product\10.2.0\db_8\bin;G:\oracle\product\10.2.0\db_7\bin;G:\oracle\product\10.2.0\db_6\bin;G:\oracle\product\10.2.0\db_1\bin;C:\Users\Dell\AppData\Local\Programs\Python\Python38-32;C:\Program Files\Common Files\Oracle\Java\javapath;C:\Program Files (x86)\Common Files\Oracle\Java\javapath;C:\Windows\system32;C:\Windows;C:\Windows\System32\Wbem;C:\Windows\System32\WindowsPowerShell\v1.0\;C:\Windows\System32\OpenSSH\;C:\Program Files (x86)\NVIDIA Corporation\PhysX\Common;C:\WINDOWS\system32;C:\WINDOWS;C:\WINDOWS\System32\Wbem;C:\WINDOWS\System32\WindowsPowerShell\v1.0\;C:\WINDOWS\System32\OpenSSH\;C:\Program Files (x86)\Windows Live\Shared;G:\MEGA11;C:\src\flutter\bin;C:\Program Files\Git\cmd;C:\Program Files\Microsoft SQL Server\130\Tools\Binn\;C:\Program Files\Java\jdk-15\bin;C:\Users\Dell\AppData\Local\Pub\Cache\bin;C:\Users\Dell\AppData\Local\Pub\Cache\bin;C:\src\flutter\bin;C:\tools\dart-sdk\bin;F:\Downloads\gradle-7.5.1-bin\gradle-7.5.1\bin;C:\Users\Dell\AppData\Local\Programs\Microsoft VS Code\bin;C:\Users\Dell\AppData\Local\Android\Sdk;C:\Program Files\Java\jdk-15;C:\Program Files\Android\Android Studio2\jre\bin;C:\Program Files (x86)\Java\jre1.8.0_351;F:\Downloads\dartsdk-windows-x64-release\dart-sdk;C:\moe2014\bin;C:\Users\Dell\AppData\Local\Microsoft\WindowsApps;C:\Program Files\JetBrains\PyCharm 2022.3\bin;;C:\tools\dart-sdk\bin;C:\src\flutter\bin\cache\dart-sdk\bin\dart;;C:\src\flutter\bin\mingit\cmd
USERNAME=Dell
OS=Windows_NT
PROCESSOR_IDENTIFIER=Intel64 Family 6 Model 142 Stepping 12, GenuineIntel



---------------  S Y S T E M  ---------------

OS: Windows 11 , 64 bit Build 22621 (10.0.22621.1344)
OS uptime: 0 days 2:24 hours

CPU:total 8 (initial active 8) (4 cores per cpu, 2 threads per core) family 6 model 142 stepping 12 microcode 0xde, cmov, cx8, fxsr, mmx, sse, sse2, sse3, ssse3, sse4.1, sse4.2, popcnt, avx, avx2, aes, clmul, erms, 3dnowpref, lzcnt, ht, tsc, tscinvbit, bmi1, bmi2, adx, fma

Memory: 4k page, system-wide physical 16257M (4190M free)
TotalPageFile size 17757M (AvailPageFile size 515M)
current process WorkingSet (physical memory assigned to process): 232M, peak: 232M
current process commit charge ("private bytes"): 415M, peak: 417M

vm_info: OpenJDK 64-Bit Server VM (11.0.13+0-b1751.21-8125866) for windows-amd64 JRE (11.0.13+0-b1751.21-8125866), built on Feb  2 2022 03:00:22 by "builder" with MS VC++ 14.0 (VS2015)

END.
