#
# There is insufficient memory for the Java Runtime Environment to continue.
# Native memory allocation (malloc) failed to allocate 1366896 bytes for Chunk::new
# Possible reasons:
#   The system is out of physical RAM or swap space
#   The process is running with CompressedOops enabled, and the Java Heap may be blocking the growth of the native heap
# Possible solutions:
#   Reduce memory load on the system
#   Increase physical memory or swap space
#   Check if swap backing store is full
#   Decrease Java heap size (-Xmx/-Xms)
#   Decrease number of Java threads
#   Decrease Java thread stack sizes (-Xss)
#   Set larger code cache with -XX:ReservedCodeCacheSize=
#   JVM is running with Unscaled Compressed Oops mode in which the Java heap is
#     placed in the first 4GB address space. The Java Heap base address is the
#     maximum limit for the native heap growth. Please use -XX:HeapBaseMinAddress
#     to set the Java Heap base and to place the Java Heap above 4GB virtual address.
# This output file may be truncated or incomplete.
#
#  Out of Memory Error (./src/hotspot/share/memory/arena.cpp:197), pid=13960, tid=18612
#
# JRE version: OpenJDK Runtime Environment (11.0.13) (build 11.0.13+0-b1751.21-8125866)
# Java VM: OpenJDK 64-Bit Server VM (11.0.13+0-b1751.21-8125866, mixed mode, tiered, compressed oops, g1 gc, windows-amd64)
# No core dump will be written. Minidumps are not enabled by default on client versions of Windows
#

---------------  S U M M A R Y ------------

Command Line: --add-opens=java.base/java.util=ALL-UNNAMED --add-opens=java.base/java.lang=ALL-UNNAMED --add-opens=java.base/java.lang.invoke=ALL-UNNAMED --add-opens=java.base/java.util=ALL-UNNAMED --add-opens=java.prefs/java.util.prefs=ALL-UNNAMED --add-opens=java.prefs/java.util.prefs=ALL-UNNAMED --add-opens=java.base/java.nio.charset=ALL-UNNAMED --add-opens=java.base/java.net=ALL-UNNAMED --add-opens=java.base/java.util.concurrent.atomic=ALL-UNNAMED -Xmx1536M -Dfile.encoding=windows-1252 -Duser.country=US -Duser.language=en -Duser.variant org.gradle.launcher.daemon.bootstrap.GradleDaemon 7.4

Host: Intel(R) Core(TM) i7-8565U CPU @ 1.80GHz, 8 cores, 15G,  Windows 11 , 64 bit Build 22621 (10.0.22621.1105)
Time: Wed Feb 22 19:04:18 2023 Egypt Standard Time elapsed time: 9.032576 seconds (0d 0h 0m 9s)

---------------  T H R E A D  ---------------

Current thread (0x000001484314b800):  JavaThread "C2 CompilerThread1" daemon [_thread_in_native, id=18612, stack(0x0000001bf3300000,0x0000001bf3400000)]


Current CompileTask:
C2:   9032 3900       4       java.lang.invoke.LambdaForm$Name::replaceNames (174 bytes)

Stack: [0x0000001bf3300000,0x0000001bf3400000]
Native frames: (J=compiled Java code, j=interpreted, Vv=VM code, C=native code)
V  [jvm.dll+0x6100fa]
V  [jvm.dll+0x747090]
V  [jvm.dll+0x7486ad]
V  [jvm.dll+0x748d83]
V  [jvm.dll+0x24ab48]
V  [jvm.dll+0xc04dc]
V  [jvm.dll+0xc0a0c]
V  [jvm.dll+0x35eb5b]
V  [jvm.dll+0x32b833]
V  [jvm.dll+0x32ad2a]
V  [jvm.dll+0x2032b2]
V  [jvm.dll+0x202437]
V  [jvm.dll+0x188e01]
V  [jvm.dll+0x21106b]
V  [jvm.dll+0x20f8c1]
V  [jvm.dll+0x70de0f]
V  [jvm.dll+0x706a75]
V  [jvm.dll+0x60ed66]
C  [ucrtbase.dll+0x29363]
C  [KERNEL32.DLL+0x126bd]
C  [ntdll.dll+0x5dfb8]


---------------  P R O C E S S  ---------------

Threads class SMR info:
_java_thread_list=0x00000148485b87e0, length=40, elements={
0x0000014827d98000, 0x0000014840f3a000, 0x0000014840f3b800, 0x0000014841834800,
0x0000014841837000, 0x000001484183b000, 0x000001484183c000, 0x000001484184c800,
0x0000014841860000, 0x00000148419c9800, 0x00000148437e3800, 0x0000014843335800,
0x0000014843cf8000, 0x0000014843983800, 0x0000014843cff000, 0x000001484314a800,
0x000001484314b800, 0x0000014844492800, 0x0000014844493800, 0x000001484391f000,
0x0000014842dd6800, 0x0000014843e20800, 0x0000014843e1f800, 0x0000014843e1d000,
0x00000148433ac000, 0x0000014843e1f000, 0x0000014843e1e000, 0x0000014843e1b000,
0x0000014843e1b800, 0x0000014843e21800, 0x0000014843e1c800, 0x000001484425c000,
0x0000014844256000, 0x0000014844259800, 0x0000014844257800, 0x0000014844260000,
0x0000014844260800, 0x000001484425d800, 0x000001484425f000, 0x0000014844262800
}

Java Threads: ( => current thread )
  0x0000014827d98000 JavaThread "main" [_thread_blocked, id=9964, stack(0x0000001bf1700000,0x0000001bf1800000)]
  0x0000014840f3a000 JavaThread "Reference Handler" daemon [_thread_blocked, id=1396, stack(0x0000001bf1e00000,0x0000001bf1f00000)]
  0x0000014840f3b800 JavaThread "Finalizer" daemon [_thread_blocked, id=3380, stack(0x0000001bf1f00000,0x0000001bf2000000)]
  0x0000014841834800 JavaThread "Signal Dispatcher" daemon [_thread_blocked, id=18436, stack(0x0000001bf2000000,0x0000001bf2100000)]
  0x0000014841837000 JavaThread "Attach Listener" daemon [_thread_blocked, id=18440, stack(0x0000001bf2100000,0x0000001bf2200000)]
  0x000001484183b000 JavaThread "Service Thread" daemon [_thread_blocked, id=18444, stack(0x0000001bf2200000,0x0000001bf2300000)]
  0x000001484183c000 JavaThread "C2 CompilerThread0" daemon [_thread_in_native, id=18448, stack(0x0000001bf2300000,0x0000001bf2400000)]
  0x000001484184c800 JavaThread "C1 CompilerThread0" daemon [_thread_blocked, id=18452, stack(0x0000001bf2400000,0x0000001bf2500000)]
  0x0000014841860000 JavaThread "Sweeper thread" daemon [_thread_blocked, id=18456, stack(0x0000001bf2500000,0x0000001bf2600000)]
  0x00000148419c9800 JavaThread "Common-Cleaner" daemon [_thread_blocked, id=18460, stack(0x0000001bf2600000,0x0000001bf2700000)]
  0x00000148437e3800 JavaThread "Daemon health stats" [_thread_blocked, id=18576, stack(0x0000001bf2f00000,0x0000001bf3000000)]
  0x0000014843335800 JavaThread "Incoming local TCP Connector on port 3558" [_thread_in_native, id=18584, stack(0x0000001bf2800000,0x0000001bf2900000)]
  0x0000014843cf8000 JavaThread "Daemon periodic checks" [_thread_blocked, id=18588, stack(0x0000001bf2e00000,0x0000001bf2f00000)]
  0x0000014843983800 JavaThread "Daemon" [_thread_blocked, id=18600, stack(0x0000001bf3000000,0x0000001bf3100000)]
  0x0000014843cff000 JavaThread "Handler for socket connection from /127.0.0.1:3558 to /127.0.0.1:3559" [_thread_in_native, id=18604, stack(0x0000001bf3100000,0x0000001bf3200000)]
  0x000001484314a800 JavaThread "Cancel handler" [_thread_blocked, id=18608, stack(0x0000001bf3200000,0x0000001bf3300000)]
=>0x000001484314b800 JavaThread "C2 CompilerThread1" daemon [_thread_in_native, id=18612, stack(0x0000001bf3300000,0x0000001bf3400000)]
  0x0000014844492800 JavaThread "Daemon worker" [_thread_in_vm, id=18616, stack(0x0000001bf3400000,0x0000001bf3500000)]
  0x0000014844493800 JavaThread "Asynchronous log dispatcher for DefaultDaemonConnection: socket connection from /127.0.0.1:3558 to /127.0.0.1:3559" [_thread_blocked, id=18628, stack(0x0000001bf3500000,0x0000001bf3600000)]
  0x000001484391f000 JavaThread "Stdin handler" [_thread_blocked, id=18632, stack(0x0000001bf3600000,0x0000001bf3700000)]
  0x0000014842dd6800 JavaThread "Daemon client event forwarder" [_thread_blocked, id=18636, stack(0x0000001bf3700000,0x0000001bf3800000)]
  0x0000014843e20800 JavaThread "Cache worker for journal cache (C:\Users\Dell\.gradle\caches\journal-1)" [_thread_blocked, id=18644, stack(0x0000001bf3800000,0x0000001bf3900000)]
  0x0000014843e1f800 JavaThread "File lock request listener" [_thread_in_native, id=18648, stack(0x0000001bf3900000,0x0000001bf3a00000)]
  0x0000014843e1d000 JavaThread "Cache worker for file hash cache (C:\Users\Dell\.gradle\caches\7.4\fileHashes)" [_thread_blocked, id=18652, stack(0x0000001bf3a00000,0x0000001bf3b00000)]
  0x00000148433ac000 JavaThread "C2 CompilerThread2" daemon [_thread_blocked, id=18668, stack(0x0000001bf3e00000,0x0000001bf3f00000)]
  0x0000014843e1f000 JavaThread "File watcher server" daemon [_thread_in_native, id=18672, stack(0x0000001bf3f00000,0x0000001bf4000000)]
  0x0000014843e1e000 JavaThread "File watcher consumer" daemon [_thread_blocked, id=18676, stack(0x0000001bf4000000,0x0000001bf4100000)]
  0x0000014843e1b000 JavaThread "Cache worker for checksums cache (G:\final_dart\android\.gradle\7.4\checksums)" [_thread_blocked, id=18776, stack(0x0000001bf4100000,0x0000001bf4200000)]
  0x0000014843e1b800 JavaThread "Cache worker for cache directory md-rule (C:\Users\Dell\.gradle\caches\7.4\md-rule)" [_thread_blocked, id=18792, stack(0x0000001bf4200000,0x0000001bf4300000)]
  0x0000014843e21800 JavaThread "Cache worker for file hash cache (G:\final_dart\android\.gradle\7.4\fileHashes)" [_thread_blocked, id=18796, stack(0x0000001bf4300000,0x0000001bf4400000)]
  0x0000014843e1c800 JavaThread "Cache worker for cache directory md-supplier (C:\Users\Dell\.gradle\caches\7.4\md-supplier)" [_thread_blocked, id=18800, stack(0x0000001bf4400000,0x0000001bf4500000)]
  0x000001484425c000 JavaThread "Cache worker for execution history cache (C:\Users\Dell\.gradle\caches\7.4\executionHistory)" [_thread_blocked, id=18808, stack(0x0000001bf4500000,0x0000001bf4600000)]
  0x0000014844256000 JavaThread "jar transforms" [_thread_blocked, id=18900, stack(0x0000001bf4600000,0x0000001bf4700000)]
  0x0000014844259800 JavaThread "jar transforms Thread 2" [_thread_blocked, id=18904, stack(0x0000001bf4700000,0x0000001bf4800000)]
  0x0000014844257800 JavaThread "Cache worker for file content cache (C:\Users\Dell\.gradle\caches\7.4\fileContent)" [_thread_blocked, id=18908, stack(0x0000001bf4800000,0x0000001bf4900000)]
  0x0000014844260000 JavaThread "jar transforms Thread 3" [_thread_blocked, id=18920, stack(0x0000001bf4900000,0x0000001bf4a00000)]
  0x0000014844260800 JavaThread "jar transforms Thread 4" [_thread_blocked, id=18924, stack(0x0000001bf4a00000,0x0000001bf4b00000)]
  0x000001484425d800 JavaThread "Cache worker for dependencies-accessors (G:\final_dart\android\.gradle\7.4\dependencies-accessors)" [_thread_blocked, id=18928, stack(0x0000001bf4b00000,0x0000001bf4c00000)]
  0x000001484425f000 JavaThread "jar transforms Thread 5" [_thread_blocked, id=18936, stack(0x0000001bf4c00000,0x0000001bf4d00000)]
  0x0000014844262800 JavaThread "Cache worker for Build Output Cleanup Cache (G:\final_dart\android\.gradle\buildOutputCleanup)" [_thread_blocked, id=18944, stack(0x0000001bf4d00000,0x0000001bf4e00000)]

Other Threads:
  0x0000014840f25800 VMThread "VM Thread" [stack: 0x0000001bf1d00000,0x0000001bf1e00000] [id=13168]
  0x00000148419d3000 WatcherThread [stack: 0x0000001bf2700000,0x0000001bf2800000] [id=18464]
  0x0000014827daf800 GCTaskThread "GC Thread#0" [stack: 0x0000001bf1800000,0x0000001bf1900000] [id=6360]
  0x0000014842031000 GCTaskThread "GC Thread#1" [stack: 0x0000001bf2900000,0x0000001bf2a00000] [id=18536]
  0x0000014842098000 GCTaskThread "GC Thread#2" [stack: 0x0000001bf2a00000,0x0000001bf2b00000] [id=18540]
  0x00000148424e9000 GCTaskThread "GC Thread#3" [stack: 0x0000001bf2b00000,0x0000001bf2c00000] [id=18544]
  0x00000148427ab000 GCTaskThread "GC Thread#4" [stack: 0x0000001bf2c00000,0x0000001bf2d00000] [id=18548]
  0x0000014842739800 GCTaskThread "GC Thread#5" [stack: 0x0000001bf2d00000,0x0000001bf2e00000] [id=18552]
  0x0000014843b70800 GCTaskThread "GC Thread#6" [stack: 0x0000001bf3b00000,0x0000001bf3c00000] [id=18656]
  0x0000014843909000 GCTaskThread "GC Thread#7" [stack: 0x0000001bf3c00000,0x0000001bf3d00000] [id=18660]
  0x0000014827dd8000 ConcurrentGCThread "G1 Main Marker" [stack: 0x0000001bf1900000,0x0000001bf1a00000] [id=18264]
  0x0000014827dd9000 ConcurrentGCThread "G1 Conc#0" [stack: 0x0000001bf1a00000,0x0000001bf1b00000] [id=16824]
  0x00000148428ab000 ConcurrentGCThread "G1 Conc#1" [stack: 0x0000001bf3d00000,0x0000001bf3e00000] [id=18664]
  0x0000014840e13000 ConcurrentGCThread "G1 Refine#0" [stack: 0x0000001bf1b00000,0x0000001bf1c00000] [id=11656]
  0x0000014840e14800 ConcurrentGCThread "G1 Young RemSet Sampling" [stack: 0x0000001bf1c00000,0x0000001bf1d00000] [id=16420]

Threads with active compile tasks:
C2 CompilerThread0   9108 3864       4       java.lang.invoke.MethodType::makeImpl (108 bytes)
C1 CompilerThread0   9108 3935       3       java.util.regex.Pattern$BmpCharProperty::<init> (6 bytes)
C2 CompilerThread1   9108 3900       4       java.lang.invoke.LambdaForm$Name::replaceNames (174 bytes)
C2 CompilerThread2   9108 3934       4       java.util.regex.Pattern::compile (498 bytes)

VM state:not at safepoint (normal execution)

VM Mutex/Monitor currently owned by a thread: None

Heap address: 0x00000000a0000000, size: 1536 MB, Compressed Oops mode: 32-bit
Narrow klass base: 0x0000000000000000, Narrow klass shift: 3
Compressed class space size: 1073741824 Address: 0x0000000100000000

Heap:
 garbage-first heap   total 262144K, used 61995K [0x00000000a0000000, 0x0000000100000000)
  region size 1024K, 46 young (47104K), 13 survivors (13312K)
 Metaspace       used 46225K, capacity 47389K, committed 47568K, reserved 1091584K
  class space    used 5852K, capacity 6251K, committed 6272K, reserved 1048576K
Heap Regions: E=young(eden), S=young(survivor), O=old, HS=humongous(starts), HC=humongous(continues), CS=collection set, F=free, A=archive, TAMS=top-at-mark-start (previous, next)
|   0|0x00000000a0000000, 0x00000000a0100000, 0x00000000a0100000|100%| O|  |TAMS 0x00000000a0100000, 0x00000000a0000000| Untracked 
|   1|0x00000000a0100000, 0x00000000a0200000, 0x00000000a0200000|100%| O|  |TAMS 0x00000000a0200000, 0x00000000a0100000| Untracked 
|   2|0x00000000a0200000, 0x00000000a0300000, 0x00000000a0300000|100%| O|  |TAMS 0x00000000a0300000, 0x00000000a0200000| Untracked 
|   3|0x00000000a0300000, 0x00000000a0400000, 0x00000000a0400000|100%|HS|  |TAMS 0x00000000a0400000, 0x00000000a0300000| Complete 
|   4|0x00000000a0400000, 0x00000000a0500000, 0x00000000a0500000|100%|HC|  |TAMS 0x00000000a0500000, 0x00000000a0400000| Complete 
|   5|0x00000000a0500000, 0x00000000a0600000, 0x00000000a0600000|100%|HC|  |TAMS 0x00000000a0600000, 0x00000000a0500000| Complete 
|   6|0x00000000a0600000, 0x00000000a0700000, 0x00000000a0700000|100%| O|  |TAMS 0x00000000a0700000, 0x00000000a0600000| Untracked 
|   7|0x00000000a0700000, 0x00000000a0800000, 0x00000000a0800000|100%| O|  |TAMS 0x00000000a0800000, 0x00000000a0700000| Untracked 
|   8|0x00000000a0800000, 0x00000000a0900000, 0x00000000a0900000|100%| O|  |TAMS 0x00000000a0900000, 0x00000000a0800000| Untracked 
|   9|0x00000000a0900000, 0x00000000a0a00000, 0x00000000a0a00000|100%| O|  |TAMS 0x00000000a0a00000, 0x00000000a0900000| Untracked 
|  10|0x00000000a0a00000, 0x00000000a0b00000, 0x00000000a0b00000|100%| O|  |TAMS 0x00000000a0b00000, 0x00000000a0a00000| Untracked 
|  11|0x00000000a0b00000, 0x00000000a0c00000, 0x00000000a0c00000|100%| O|  |TAMS 0x00000000a0c00000, 0x00000000a0b00000| Untracked 
|  12|0x00000000a0c00000, 0x00000000a0d00000, 0x00000000a0d00000|100%| O|  |TAMS 0x00000000a0d00000, 0x00000000a0c00000| Untracked 
|  13|0x00000000a0d00000, 0x00000000a0e00000, 0x00000000a0e00000|100%| O|  |TAMS 0x00000000a0e00000, 0x00000000a0d00000| Untracked 
|  14|0x00000000a0e00000, 0x00000000a0f00000, 0x00000000a0f00000|100%| O|  |TAMS 0x00000000a0f00000, 0x00000000a0e00000| Untracked 
|  15|0x00000000a0f00000, 0x00000000a1000000, 0x00000000a1000000|100%| O|  |TAMS 0x00000000a1000000, 0x00000000a0f00000| Untracked 
|  16|0x00000000a1000000, 0x00000000a1015200, 0x00000000a1100000|  8%| O|  |TAMS 0x00000000a1015200, 0x00000000a1000000| Untracked 
|  17|0x00000000a1100000, 0x00000000a1100000, 0x00000000a1200000|  0%| F|  |TAMS 0x00000000a1100000, 0x00000000a1100000| Untracked 
|  18|0x00000000a1200000, 0x00000000a1200000, 0x00000000a1300000|  0%| F|  |TAMS 0x00000000a1200000, 0x00000000a1200000| Untracked 
|  19|0x00000000a1300000, 0x00000000a1300000, 0x00000000a1400000|  0%| F|  |TAMS 0x00000000a1300000, 0x00000000a1300000| Untracked 
|  20|0x00000000a1400000, 0x00000000a1400000, 0x00000000a1500000|  0%| F|  |TAMS 0x00000000a1400000, 0x00000000a1400000| Untracked 
|  21|0x00000000a1500000, 0x00000000a1500000, 0x00000000a1600000|  0%| F|  |TAMS 0x00000000a1500000, 0x00000000a1500000| Untracked 
|  22|0x00000000a1600000, 0x00000000a1600000, 0x00000000a1700000|  0%| F|  |TAMS 0x00000000a1600000, 0x00000000a1600000| Untracked 
|  23|0x00000000a1700000, 0x00000000a1700000, 0x00000000a1800000|  0%| F|  |TAMS 0x00000000a1700000, 0x00000000a1700000| Untracked 
|  24|0x00000000a1800000, 0x00000000a1800000, 0x00000000a1900000|  0%| F|  |TAMS 0x00000000a1800000, 0x00000000a1800000| Untracked 
|  25|0x00000000a1900000, 0x00000000a1900000, 0x00000000a1a00000|  0%| F|  |TAMS 0x00000000a1900000, 0x00000000a1900000| Untracked 
|  26|0x00000000a1a00000, 0x00000000a1a00000, 0x00000000a1b00000|  0%| F|  |TAMS 0x00000000a1a00000, 0x00000000a1a00000| Untracked 
|  27|0x00000000a1b00000, 0x00000000a1b00000, 0x00000000a1c00000|  0%| F|  |TAMS 0x00000000a1b00000, 0x00000000a1b00000| Untracked 
|  28|0x00000000a1c00000, 0x00000000a1c00000, 0x00000000a1d00000|  0%| F|  |TAMS 0x00000000a1c00000, 0x00000000a1c00000| Untracked 
|  29|0x00000000a1d00000, 0x00000000a1d00000, 0x00000000a1e00000|  0%| F|  |TAMS 0x00000000a1d00000, 0x00000000a1d00000| Untracked 
|  30|0x00000000a1e00000, 0x00000000a1e00000, 0x00000000a1f00000|  0%| F|  |TAMS 0x00000000a1e00000, 0x00000000a1e00000| Untracked 
|  31|0x00000000a1f00000, 0x00000000a1f00000, 0x00000000a2000000|  0%| F|  |TAMS 0x00000000a1f00000, 0x00000000a1f00000| Untracked 
|  32|0x00000000a2000000, 0x00000000a2000000, 0x00000000a2100000|  0%| F|  |TAMS 0x00000000a2000000, 0x00000000a2000000| Untracked 
|  33|0x00000000a2100000, 0x00000000a2100000, 0x00000000a2200000|  0%| F|  |TAMS 0x00000000a2100000, 0x00000000a2100000| Untracked 
|  34|0x00000000a2200000, 0x00000000a2200000, 0x00000000a2300000|  0%| F|  |TAMS 0x00000000a2200000, 0x00000000a2200000| Untracked 
|  35|0x00000000a2300000, 0x00000000a2300000, 0x00000000a2400000|  0%| F|  |TAMS 0x00000000a2300000, 0x00000000a2300000| Untracked 
|  36|0x00000000a2400000, 0x00000000a2400000, 0x00000000a2500000|  0%| F|  |TAMS 0x00000000a2400000, 0x00000000a2400000| Untracked 
|  37|0x00000000a2500000, 0x00000000a2500000, 0x00000000a2600000|  0%| F|  |TAMS 0x00000000a2500000, 0x00000000a2500000| Untracked 
|  38|0x00000000a2600000, 0x00000000a2600000, 0x00000000a2700000|  0%| F|  |TAMS 0x00000000a2600000, 0x00000000a2600000| Untracked 
|  39|0x00000000a2700000, 0x00000000a2700000, 0x00000000a2800000|  0%| F|  |TAMS 0x00000000a2700000, 0x00000000a2700000| Untracked 
|  40|0x00000000a2800000, 0x00000000a2800000, 0x00000000a2900000|  0%| F|  |TAMS 0x00000000a2800000, 0x00000000a2800000| Untracked 
|  41|0x00000000a2900000, 0x00000000a2900000, 0x00000000a2a00000|  0%| F|  |TAMS 0x00000000a2900000, 0x00000000a2900000| Untracked 
|  42|0x00000000a2a00000, 0x00000000a2a00000, 0x00000000a2b00000|  0%| F|  |TAMS 0x00000000a2a00000, 0x00000000a2a00000| Untracked 
|  43|0x00000000a2b00000, 0x00000000a2b00000, 0x00000000a2c00000|  0%| F|  |TAMS 0x00000000a2b00000, 0x00000000a2b00000| Untracked 
|  44|0x00000000a2c00000, 0x00000000a2c00000, 0x00000000a2d00000|  0%| F|  |TAMS 0x00000000a2c00000, 0x00000000a2c00000| Untracked 
|  45|0x00000000a2d00000, 0x00000000a2d00000, 0x00000000a2e00000|  0%| F|  |TAMS 0x00000000a2d00000, 0x00000000a2d00000| Untracked 
|  46|0x00000000a2e00000, 0x00000000a2e00000, 0x00000000a2f00000|  0%| F|  |TAMS 0x00000000a2e00000, 0x00000000a2e00000| Untracked 
|  47|0x00000000a2f00000, 0x00000000a2f00000, 0x00000000a3000000|  0%| F|  |TAMS 0x00000000a2f00000, 0x00000000a2f00000| Untracked 
|  48|0x00000000a3000000, 0x00000000a3000000, 0x00000000a3100000|  0%| F|  |TAMS 0x00000000a3000000, 0x00000000a3000000| Untracked 
|  49|0x00000000a3100000, 0x00000000a3100000, 0x00000000a3200000|  0%| F|  |TAMS 0x00000000a3100000, 0x00000000a3100000| Untracked 
|  50|0x00000000a3200000, 0x00000000a3200000, 0x00000000a3300000|  0%| F|  |TAMS 0x00000000a3200000, 0x00000000a3200000| Untracked 
|  51|0x00000000a3300000, 0x00000000a3300000, 0x00000000a3400000|  0%| F|  |TAMS 0x00000000a3300000, 0x00000000a3300000| Untracked 
|  52|0x00000000a3400000, 0x00000000a3400000, 0x00000000a3500000|  0%| F|  |TAMS 0x00000000a3400000, 0x00000000a3400000| Untracked 
|  53|0x00000000a3500000, 0x00000000a3500000, 0x00000000a3600000|  0%| F|  |TAMS 0x00000000a3500000, 0x00000000a3500000| Untracked 
|  54|0x00000000a3600000, 0x00000000a3600000, 0x00000000a3700000|  0%| F|  |TAMS 0x00000000a3600000, 0x00000000a3600000| Untracked 
|  55|0x00000000a3700000, 0x00000000a3700000, 0x00000000a3800000|  0%| F|  |TAMS 0x00000000a3700000, 0x00000000a3700000| Untracked 
|  56|0x00000000a3800000, 0x00000000a3800000, 0x00000000a3900000|  0%| F|  |TAMS 0x00000000a3800000, 0x00000000a3800000| Untracked 
|  57|0x00000000a3900000, 0x00000000a3900000, 0x00000000a3a00000|  0%| F|  |TAMS 0x00000000a3900000, 0x00000000a3900000| Untracked 
|  58|0x00000000a3a00000, 0x00000000a3a00000, 0x00000000a3b00000|  0%| F|  |TAMS 0x00000000a3a00000, 0x00000000a3a00000| Untracked 
|  59|0x00000000a3b00000, 0x00000000a3b00000, 0x00000000a3c00000|  0%| F|  |TAMS 0x00000000a3b00000, 0x00000000a3b00000| Untracked 
|  60|0x00000000a3c00000, 0x00000000a3c00000, 0x00000000a3d00000|  0%| F|  |TAMS 0x00000000a3c00000, 0x00000000a3c00000| Untracked 
|  61|0x00000000a3d00000, 0x00000000a3d00000, 0x00000000a3e00000|  0%| F|  |TAMS 0x00000000a3d00000, 0x00000000a3d00000| Untracked 
|  62|0x00000000a3e00000, 0x00000000a3e00000, 0x00000000a3f00000|  0%| F|  |TAMS 0x00000000a3e00000, 0x00000000a3e00000| Untracked 
|  63|0x00000000a3f00000, 0x00000000a3f00000, 0x00000000a4000000|  0%| F|  |TAMS 0x00000000a3f00000, 0x00000000a3f00000| Untracked 
|  64|0x00000000a4000000, 0x00000000a4000000, 0x00000000a4100000|  0%| F|  |TAMS 0x00000000a4000000, 0x00000000a4000000| Untracked 
|  65|0x00000000a4100000, 0x00000000a4100000, 0x00000000a4200000|  0%| F|  |TAMS 0x00000000a4100000, 0x00000000a4100000| Untracked 
|  66|0x00000000a4200000, 0x00000000a4200000, 0x00000000a4300000|  0%| F|  |TAMS 0x00000000a4200000, 0x00000000a4200000| Untracked 
|  67|0x00000000a4300000, 0x00000000a4300000, 0x00000000a4400000|  0%| F|  |TAMS 0x00000000a4300000, 0x00000000a4300000| Untracked 
|  68|0x00000000a4400000, 0x00000000a4400000, 0x00000000a4500000|  0%| F|  |TAMS 0x00000000a4400000, 0x00000000a4400000| Untracked 
|  69|0x00000000a4500000, 0x00000000a4500000, 0x00000000a4600000|  0%| F|  |TAMS 0x00000000a4500000, 0x00000000a4500000| Untracked 
|  70|0x00000000a4600000, 0x00000000a4600000, 0x00000000a4700000|  0%| F|  |TAMS 0x00000000a4600000, 0x00000000a4600000| Untracked 
|  71|0x00000000a4700000, 0x00000000a4700000, 0x00000000a4800000|  0%| F|  |TAMS 0x00000000a4700000, 0x00000000a4700000| Untracked 
|  72|0x00000000a4800000, 0x00000000a4800000, 0x00000000a4900000|  0%| F|  |TAMS 0x00000000a4800000, 0x00000000a4800000| Untracked 
|  73|0x00000000a4900000, 0x00000000a4900000, 0x00000000a4a00000|  0%| F|  |TAMS 0x00000000a4900000, 0x00000000a4900000| Untracked 
|  74|0x00000000a4a00000, 0x00000000a4a00000, 0x00000000a4b00000|  0%| F|  |TAMS 0x00000000a4a00000, 0x00000000a4a00000| Untracked 
|  75|0x00000000a4b00000, 0x00000000a4b00000, 0x00000000a4c00000|  0%| F|  |TAMS 0x00000000a4b00000, 0x00000000a4b00000| Untracked 
|  76|0x00000000a4c00000, 0x00000000a4c00000, 0x00000000a4d00000|  0%| F|  |TAMS 0x00000000a4c00000, 0x00000000a4c00000| Untracked 
|  77|0x00000000a4d00000, 0x00000000a4d00000, 0x00000000a4e00000|  0%| F|  |TAMS 0x00000000a4d00000, 0x00000000a4d00000| Untracked 
|  78|0x00000000a4e00000, 0x00000000a4e00000, 0x00000000a4f00000|  0%| F|  |TAMS 0x00000000a4e00000, 0x00000000a4e00000| Untracked 
|  79|0x00000000a4f00000, 0x00000000a4f00000, 0x00000000a5000000|  0%| F|  |TAMS 0x00000000a4f00000, 0x00000000a4f00000| Untracked 
|  80|0x00000000a5000000, 0x00000000a5000000, 0x00000000a5100000|  0%| F|  |TAMS 0x00000000a5000000, 0x00000000a5000000| Untracked 
|  81|0x00000000a5100000, 0x00000000a5100000, 0x00000000a5200000|  0%| F|  |TAMS 0x00000000a5100000, 0x00000000a5100000| Untracked 
|  82|0x00000000a5200000, 0x00000000a5200000, 0x00000000a5300000|  0%| F|  |TAMS 0x00000000a5200000, 0x00000000a5200000| Untracked 
|  83|0x00000000a5300000, 0x00000000a5300000, 0x00000000a5400000|  0%| F|  |TAMS 0x00000000a5300000, 0x00000000a5300000| Untracked 
|  84|0x00000000a5400000, 0x00000000a5400000, 0x00000000a5500000|  0%| F|  |TAMS 0x00000000a5400000, 0x00000000a5400000| Untracked 
|  85|0x00000000a5500000, 0x00000000a5500000, 0x00000000a5600000|  0%| F|  |TAMS 0x00000000a5500000, 0x00000000a5500000| Untracked 
|  86|0x00000000a5600000, 0x00000000a5600000, 0x00000000a5700000|  0%| F|  |TAMS 0x00000000a5600000, 0x00000000a5600000| Untracked 
|  87|0x00000000a5700000, 0x00000000a5700000, 0x00000000a5800000|  0%| F|  |TAMS 0x00000000a5700000, 0x00000000a5700000| Untracked 
|  88|0x00000000a5800000, 0x00000000a5800000, 0x00000000a5900000|  0%| F|  |TAMS 0x00000000a5800000, 0x00000000a5800000| Untracked 
|  89|0x00000000a5900000, 0x00000000a5900000, 0x00000000a5a00000|  0%| F|  |TAMS 0x00000000a5900000, 0x00000000a5900000| Untracked 
|  90|0x00000000a5a00000, 0x00000000a5a00000, 0x00000000a5b00000|  0%| F|  |TAMS 0x00000000a5a00000, 0x00000000a5a00000| Untracked 
|  91|0x00000000a5b00000, 0x00000000a5b00000, 0x00000000a5c00000|  0%| F|  |TAMS 0x00000000a5b00000, 0x00000000a5b00000| Untracked 
|  92|0x00000000a5c00000, 0x00000000a5c00000, 0x00000000a5d00000|  0%| F|  |TAMS 0x00000000a5c00000, 0x00000000a5c00000| Untracked 
|  93|0x00000000a5d00000, 0x00000000a5d00000, 0x00000000a5e00000|  0%| F|  |TAMS 0x00000000a5d00000, 0x00000000a5d00000| Untracked 
|  94|0x00000000a5e00000, 0x00000000a5e00000, 0x00000000a5f00000|  0%| F|  |TAMS 0x00000000a5e00000, 0x00000000a5e00000| Untracked 
|  95|0x00000000a5f00000, 0x00000000a5f00000, 0x00000000a6000000|  0%| F|  |TAMS 0x00000000a5f00000, 0x00000000a5f00000| Untracked 
|  96|0x00000000a6000000, 0x00000000a6000000, 0x00000000a6100000|  0%| F|  |TAMS 0x00000000a6000000, 0x00000000a6000000| Untracked 
|  97|0x00000000a6100000, 0x00000000a6100000, 0x00000000a6200000|  0%| F|  |TAMS 0x00000000a6100000, 0x00000000a6100000| Untracked 
|  98|0x00000000a6200000, 0x00000000a6200000, 0x00000000a6300000|  0%| F|  |TAMS 0x00000000a6200000, 0x00000000a6200000| Untracked 
|  99|0x00000000a6300000, 0x00000000a6300000, 0x00000000a6400000|  0%| F|  |TAMS 0x00000000a6300000, 0x00000000a6300000| Untracked 
| 100|0x00000000a6400000, 0x00000000a6400000, 0x00000000a6500000|  0%| F|  |TAMS 0x00000000a6400000, 0x00000000a6400000| Untracked 
| 101|0x00000000a6500000, 0x00000000a6500000, 0x00000000a6600000|  0%| F|  |TAMS 0x00000000a6500000, 0x00000000a6500000| Untracked 
| 102|0x00000000a6600000, 0x00000000a6600000, 0x00000000a6700000|  0%| F|  |TAMS 0x00000000a6600000, 0x00000000a6600000| Untracked 
| 103|0x00000000a6700000, 0x00000000a6700000, 0x00000000a6800000|  0%| F|  |TAMS 0x00000000a6700000, 0x00000000a6700000| Untracked 
| 104|0x00000000a6800000, 0x00000000a6800000, 0x00000000a6900000|  0%| F|  |TAMS 0x00000000a6800000, 0x00000000a6800000| Untracked 
| 105|0x00000000a6900000, 0x00000000a6900000, 0x00000000a6a00000|  0%| F|  |TAMS 0x00000000a6900000, 0x00000000a6900000| Untracked 
| 106|0x00000000a6a00000, 0x00000000a6a00000, 0x00000000a6b00000|  0%| F|  |TAMS 0x00000000a6a00000, 0x00000000a6a00000| Untracked 
| 107|0x00000000a6b00000, 0x00000000a6b00000, 0x00000000a6c00000|  0%| F|  |TAMS 0x00000000a6b00000, 0x00000000a6b00000| Untracked 
| 108|0x00000000a6c00000, 0x00000000a6c00000, 0x00000000a6d00000|  0%| F|  |TAMS 0x00000000a6c00000, 0x00000000a6c00000| Untracked 
| 109|0x00000000a6d00000, 0x00000000a6d00000, 0x00000000a6e00000|  0%| F|  |TAMS 0x00000000a6d00000, 0x00000000a6d00000| Untracked 
| 110|0x00000000a6e00000, 0x00000000a6e00000, 0x00000000a6f00000|  0%| F|  |TAMS 0x00000000a6e00000, 0x00000000a6e00000| Untracked 
| 111|0x00000000a6f00000, 0x00000000a6f00000, 0x00000000a7000000|  0%| F|  |TAMS 0x00000000a6f00000, 0x00000000a6f00000| Untracked 
| 112|0x00000000a7000000, 0x00000000a7000000, 0x00000000a7100000|  0%| F|  |TAMS 0x00000000a7000000, 0x00000000a7000000| Untracked 
| 113|0x00000000a7100000, 0x00000000a7100000, 0x00000000a7200000|  0%| F|  |TAMS 0x00000000a7100000, 0x00000000a7100000| Untracked 
| 114|0x00000000a7200000, 0x00000000a7200000, 0x00000000a7300000|  0%| F|  |TAMS 0x00000000a7200000, 0x00000000a7200000| Untracked 
| 115|0x00000000a7300000, 0x00000000a7300000, 0x00000000a7400000|  0%| F|  |TAMS 0x00000000a7300000, 0x00000000a7300000| Untracked 
| 116|0x00000000a7400000, 0x00000000a7400000, 0x00000000a7500000|  0%| F|  |TAMS 0x00000000a7400000, 0x00000000a7400000| Untracked 
| 117|0x00000000a7500000, 0x00000000a7500000, 0x00000000a7600000|  0%| F|  |TAMS 0x00000000a7500000, 0x00000000a7500000| Untracked 
| 118|0x00000000a7600000, 0x00000000a7600000, 0x00000000a7700000|  0%| F|  |TAMS 0x00000000a7600000, 0x00000000a7600000| Untracked 
| 119|0x00000000a7700000, 0x00000000a7700000, 0x00000000a7800000|  0%| F|  |TAMS 0x00000000a7700000, 0x00000000a7700000| Untracked 
| 120|0x00000000a7800000, 0x00000000a7800000, 0x00000000a7900000|  0%| F|  |TAMS 0x00000000a7800000, 0x00000000a7800000| Untracked 
| 121|0x00000000a7900000, 0x00000000a7900000, 0x00000000a7a00000|  0%| F|  |TAMS 0x00000000a7900000, 0x00000000a7900000| Untracked 
| 122|0x00000000a7a00000, 0x00000000a7a00000, 0x00000000a7b00000|  0%| F|  |TAMS 0x00000000a7a00000, 0x00000000a7a00000| Untracked 
| 123|0x00000000a7b00000, 0x00000000a7b00000, 0x00000000a7c00000|  0%| F|  |TAMS 0x00000000a7b00000, 0x00000000a7b00000| Untracked 
| 124|0x00000000a7c00000, 0x00000000a7c00000, 0x00000000a7d00000|  0%| F|  |TAMS 0x00000000a7c00000, 0x00000000a7c00000| Untracked 
| 125|0x00000000a7d00000, 0x00000000a7d00000, 0x00000000a7e00000|  0%| F|  |TAMS 0x00000000a7d00000, 0x00000000a7d00000| Untracked 
| 126|0x00000000a7e00000, 0x00000000a7e00000, 0x00000000a7f00000|  0%| F|  |TAMS 0x00000000a7e00000, 0x00000000a7e00000| Untracked 
| 127|0x00000000a7f00000, 0x00000000a7f00000, 0x00000000a8000000|  0%| F|  |TAMS 0x00000000a7f00000, 0x00000000a7f00000| Untracked 
| 128|0x00000000a8000000, 0x00000000a8000000, 0x00000000a8100000|  0%| F|  |TAMS 0x00000000a8000000, 0x00000000a8000000| Untracked 
| 129|0x00000000a8100000, 0x00000000a8175d58, 0x00000000a8200000| 46%| S|CS|TAMS 0x00000000a8100000, 0x00000000a8100000| Complete 
| 130|0x00000000a8200000, 0x00000000a8300000, 0x00000000a8300000|100%| S|CS|TAMS 0x00000000a8200000, 0x00000000a8200000| Complete 
| 131|0x00000000a8300000, 0x00000000a8400000, 0x00000000a8400000|100%| S|CS|TAMS 0x00000000a8300000, 0x00000000a8300000| Complete 
| 132|0x00000000a8400000, 0x00000000a8500000, 0x00000000a8500000|100%| S|CS|TAMS 0x00000000a8400000, 0x00000000a8400000| Complete 
| 133|0x00000000a8500000, 0x00000000a8600000, 0x00000000a8600000|100%| S|CS|TAMS 0x00000000a8500000, 0x00000000a8500000| Complete 
| 134|0x00000000a8600000, 0x00000000a8700000, 0x00000000a8700000|100%| S|CS|TAMS 0x00000000a8600000, 0x00000000a8600000| Complete 
| 135|0x00000000a8700000, 0x00000000a8800000, 0x00000000a8800000|100%| S|CS|TAMS 0x00000000a8700000, 0x00000000a8700000| Complete 
| 136|0x00000000a8800000, 0x00000000a8900000, 0x00000000a8900000|100%| S|CS|TAMS 0x00000000a8800000, 0x00000000a8800000| Complete 
| 137|0x00000000a8900000, 0x00000000a8a00000, 0x00000000a8a00000|100%| S|CS|TAMS 0x00000000a8900000, 0x00000000a8900000| Complete 
| 138|0x00000000a8a00000, 0x00000000a8b00000, 0x00000000a8b00000|100%| S|CS|TAMS 0x00000000a8a00000, 0x00000000a8a00000| Complete 
| 139|0x00000000a8b00000, 0x00000000a8c00000, 0x00000000a8c00000|100%| S|CS|TAMS 0x00000000a8b00000, 0x00000000a8b00000| Complete 
| 140|0x00000000a8c00000, 0x00000000a8d00000, 0x00000000a8d00000|100%| S|CS|TAMS 0x00000000a8c00000, 0x00000000a8c00000| Complete 
| 141|0x00000000a8d00000, 0x00000000a8e00000, 0x00000000a8e00000|100%| S|CS|TAMS 0x00000000a8d00000, 0x00000000a8d00000| Complete 
| 142|0x00000000a8e00000, 0x00000000a8e00000, 0x00000000a8f00000|  0%| F|  |TAMS 0x00000000a8e00000, 0x00000000a8e00000| Untracked 
| 143|0x00000000a8f00000, 0x00000000a8f00000, 0x00000000a9000000|  0%| F|  |TAMS 0x00000000a8f00000, 0x00000000a8f00000| Untracked 
| 144|0x00000000a9000000, 0x00000000a9000000, 0x00000000a9100000|  0%| F|  |TAMS 0x00000000a9000000, 0x00000000a9000000| Untracked 
| 145|0x00000000a9100000, 0x00000000a9100000, 0x00000000a9200000|  0%| F|  |TAMS 0x00000000a9100000, 0x00000000a9100000| Untracked 
| 146|0x00000000a9200000, 0x00000000a9200000, 0x00000000a9300000|  0%| F|  |TAMS 0x00000000a9200000, 0x00000000a9200000| Untracked 
| 147|0x00000000a9300000, 0x00000000a9300000, 0x00000000a9400000|  0%| F|  |TAMS 0x00000000a9300000, 0x00000000a9300000| Untracked 
| 148|0x00000000a9400000, 0x00000000a9400000, 0x00000000a9500000|  0%| F|  |TAMS 0x00000000a9400000, 0x00000000a9400000| Untracked 
| 149|0x00000000a9500000, 0x00000000a9500000, 0x00000000a9600000|  0%| F|  |TAMS 0x00000000a9500000, 0x00000000a9500000| Untracked 
| 150|0x00000000a9600000, 0x00000000a9600000, 0x00000000a9700000|  0%| F|  |TAMS 0x00000000a9600000, 0x00000000a9600000| Untracked 
| 151|0x00000000a9700000, 0x00000000a9700000, 0x00000000a9800000|  0%| F|  |TAMS 0x00000000a9700000, 0x00000000a9700000| Untracked 
| 152|0x00000000a9800000, 0x00000000a9800000, 0x00000000a9900000|  0%| F|  |TAMS 0x00000000a9800000, 0x00000000a9800000| Untracked 
| 153|0x00000000a9900000, 0x00000000a9900000, 0x00000000a9a00000|  0%| F|  |TAMS 0x00000000a9900000, 0x00000000a9900000| Untracked 
| 154|0x00000000a9a00000, 0x00000000a9a00000, 0x00000000a9b00000|  0%| F|  |TAMS 0x00000000a9a00000, 0x00000000a9a00000| Untracked 
| 155|0x00000000a9b00000, 0x00000000a9b00000, 0x00000000a9c00000|  0%| F|  |TAMS 0x00000000a9b00000, 0x00000000a9b00000| Untracked 
| 156|0x00000000a9c00000, 0x00000000a9c00000, 0x00000000a9d00000|  0%| F|  |TAMS 0x00000000a9c00000, 0x00000000a9c00000| Untracked 
| 157|0x00000000a9d00000, 0x00000000a9d00000, 0x00000000a9e00000|  0%| F|  |TAMS 0x00000000a9d00000, 0x00000000a9d00000| Untracked 
| 158|0x00000000a9e00000, 0x00000000a9e00000, 0x00000000a9f00000|  0%| F|  |TAMS 0x00000000a9e00000, 0x00000000a9e00000| Untracked 
| 159|0x00000000a9f00000, 0x00000000a9f00000, 0x00000000aa000000|  0%| F|  |TAMS 0x00000000a9f00000, 0x00000000a9f00000| Untracked 
| 160|0x00000000aa000000, 0x00000000aa000000, 0x00000000aa100000|  0%| F|  |TAMS 0x00000000aa000000, 0x00000000aa000000| Untracked 
| 161|0x00000000aa100000, 0x00000000aa100000, 0x00000000aa200000|  0%| F|  |TAMS 0x00000000aa100000, 0x00000000aa100000| Untracked 
| 162|0x00000000aa200000, 0x00000000aa200000, 0x00000000aa300000|  0%| F|  |TAMS 0x00000000aa200000, 0x00000000aa200000| Untracked 
| 163|0x00000000aa300000, 0x00000000aa300000, 0x00000000aa400000|  0%| F|  |TAMS 0x00000000aa300000, 0x00000000aa300000| Untracked 
| 164|0x00000000aa400000, 0x00000000aa400000, 0x00000000aa500000|  0%| F|  |TAMS 0x00000000aa400000, 0x00000000aa400000| Untracked 
| 165|0x00000000aa500000, 0x00000000aa500000, 0x00000000aa600000|  0%| F|  |TAMS 0x00000000aa500000, 0x00000000aa500000| Untracked 
| 166|0x00000000aa600000, 0x00000000aa600000, 0x00000000aa700000|  0%| F|  |TAMS 0x00000000aa600000, 0x00000000aa600000| Untracked 
| 167|0x00000000aa700000, 0x00000000aa700000, 0x00000000aa800000|  0%| F|  |TAMS 0x00000000aa700000, 0x00000000aa700000| Untracked 
| 168|0x00000000aa800000, 0x00000000aa800000, 0x00000000aa900000|  0%| F|  |TAMS 0x00000000aa800000, 0x00000000aa800000| Untracked 
| 169|0x00000000aa900000, 0x00000000aa900000, 0x00000000aaa00000|  0%| F|  |TAMS 0x00000000aa900000, 0x00000000aa900000| Untracked 
| 170|0x00000000aaa00000, 0x00000000aaa00000, 0x00000000aab00000|  0%| F|  |TAMS 0x00000000aaa00000, 0x00000000aaa00000| Untracked 
| 171|0x00000000aab00000, 0x00000000aab00000, 0x00000000aac00000|  0%| F|  |TAMS 0x00000000aab00000, 0x00000000aab00000| Untracked 
| 172|0x00000000aac00000, 0x00000000aac00000, 0x00000000aad00000|  0%| F|  |TAMS 0x00000000aac00000, 0x00000000aac00000| Untracked 
| 173|0x00000000aad00000, 0x00000000aad00000, 0x00000000aae00000|  0%| F|  |TAMS 0x00000000aad00000, 0x00000000aad00000| Untracked 
| 174|0x00000000aae00000, 0x00000000aae00000, 0x00000000aaf00000|  0%| F|  |TAMS 0x00000000aae00000, 0x00000000aae00000| Untracked 
| 175|0x00000000aaf00000, 0x00000000aaf00000, 0x00000000ab000000|  0%| F|  |TAMS 0x00000000aaf00000, 0x00000000aaf00000| Untracked 
| 176|0x00000000ab000000, 0x00000000ab000000, 0x00000000ab100000|  0%| F|  |TAMS 0x00000000ab000000, 0x00000000ab000000| Untracked 
| 177|0x00000000ab100000, 0x00000000ab100000, 0x00000000ab200000|  0%| F|  |TAMS 0x00000000ab100000, 0x00000000ab100000| Untracked 
| 178|0x00000000ab200000, 0x00000000ab200000, 0x00000000ab300000|  0%| F|  |TAMS 0x00000000ab200000, 0x00000000ab200000| Untracked 
| 179|0x00000000ab300000, 0x00000000ab300000, 0x00000000ab400000|  0%| F|  |TAMS 0x00000000ab300000, 0x00000000ab300000| Untracked 
| 180|0x00000000ab400000, 0x00000000ab400000, 0x00000000ab500000|  0%| F|  |TAMS 0x00000000ab400000, 0x00000000ab400000| Untracked 
| 181|0x00000000ab500000, 0x00000000ab500000, 0x00000000ab600000|  0%| F|  |TAMS 0x00000000ab500000, 0x00000000ab500000| Untracked 
| 182|0x00000000ab600000, 0x00000000ab600000, 0x00000000ab700000|  0%| F|  |TAMS 0x00000000ab600000, 0x00000000ab600000| Untracked 
| 183|0x00000000ab700000, 0x00000000ab700000, 0x00000000ab800000|  0%| F|  |TAMS 0x00000000ab700000, 0x00000000ab700000| Untracked 
| 184|0x00000000ab800000, 0x00000000ab800000, 0x00000000ab900000|  0%| F|  |TAMS 0x00000000ab800000, 0x00000000ab800000| Untracked 
| 185|0x00000000ab900000, 0x00000000ab900000, 0x00000000aba00000|  0%| F|  |TAMS 0x00000000ab900000, 0x00000000ab900000| Untracked 
| 186|0x00000000aba00000, 0x00000000aba00000, 0x00000000abb00000|  0%| F|  |TAMS 0x00000000aba00000, 0x00000000aba00000| Untracked 
| 187|0x00000000abb00000, 0x00000000abb00000, 0x00000000abc00000|  0%| F|  |TAMS 0x00000000abb00000, 0x00000000abb00000| Untracked 
| 188|0x00000000abc00000, 0x00000000abc00000, 0x00000000abd00000|  0%| F|  |TAMS 0x00000000abc00000, 0x00000000abc00000| Untracked 
| 189|0x00000000abd00000, 0x00000000abd00000, 0x00000000abe00000|  0%| F|  |TAMS 0x00000000abd00000, 0x00000000abd00000| Untracked 
| 190|0x00000000abe00000, 0x00000000abe00000, 0x00000000abf00000|  0%| F|  |TAMS 0x00000000abe00000, 0x00000000abe00000| Untracked 
| 191|0x00000000abf00000, 0x00000000abf00000, 0x00000000ac000000|  0%| F|  |TAMS 0x00000000abf00000, 0x00000000abf00000| Untracked 
| 192|0x00000000ac000000, 0x00000000ac000000, 0x00000000ac100000|  0%| F|  |TAMS 0x00000000ac000000, 0x00000000ac000000| Untracked 
| 193|0x00000000ac100000, 0x00000000ac100000, 0x00000000ac200000|  0%| F|  |TAMS 0x00000000ac100000, 0x00000000ac100000| Untracked 
| 194|0x00000000ac200000, 0x00000000ac200000, 0x00000000ac300000|  0%| F|  |TAMS 0x00000000ac200000, 0x00000000ac200000| Untracked 
| 195|0x00000000ac300000, 0x00000000ac300000, 0x00000000ac400000|  0%| F|  |TAMS 0x00000000ac300000, 0x00000000ac300000| Untracked 
| 196|0x00000000ac400000, 0x00000000ac400000, 0x00000000ac500000|  0%| F|  |TAMS 0x00000000ac400000, 0x00000000ac400000| Untracked 
| 197|0x00000000ac500000, 0x00000000ac500000, 0x00000000ac600000|  0%| F|  |TAMS 0x00000000ac500000, 0x00000000ac500000| Untracked 
| 198|0x00000000ac600000, 0x00000000ac600000, 0x00000000ac700000|  0%| F|  |TAMS 0x00000000ac600000, 0x00000000ac600000| Untracked 
| 199|0x00000000ac700000, 0x00000000ac700000, 0x00000000ac800000|  0%| F|  |TAMS 0x00000000ac700000, 0x00000000ac700000| Untracked 
| 200|0x00000000ac800000, 0x00000000ac800000, 0x00000000ac900000|  0%| F|  |TAMS 0x00000000ac800000, 0x00000000ac800000| Untracked 
| 201|0x00000000ac900000, 0x00000000ac900000, 0x00000000aca00000|  0%| F|  |TAMS 0x00000000ac900000, 0x00000000ac900000| Untracked 
| 202|0x00000000aca00000, 0x00000000aca00000, 0x00000000acb00000|  0%| F|  |TAMS 0x00000000aca00000, 0x00000000aca00000| Untracked 
| 203|0x00000000acb00000, 0x00000000acb00000, 0x00000000acc00000|  0%| F|  |TAMS 0x00000000acb00000, 0x00000000acb00000| Untracked 
| 204|0x00000000acc00000, 0x00000000acc00000, 0x00000000acd00000|  0%| F|  |TAMS 0x00000000acc00000, 0x00000000acc00000| Untracked 
| 205|0x00000000acd00000, 0x00000000acd00000, 0x00000000ace00000|  0%| F|  |TAMS 0x00000000acd00000, 0x00000000acd00000| Untracked 
| 206|0x00000000ace00000, 0x00000000ace00000, 0x00000000acf00000|  0%| F|  |TAMS 0x00000000ace00000, 0x00000000ace00000| Untracked 
| 207|0x00000000acf00000, 0x00000000acf00000, 0x00000000ad000000|  0%| F|  |TAMS 0x00000000acf00000, 0x00000000acf00000| Untracked 
| 208|0x00000000ad000000, 0x00000000ad000000, 0x00000000ad100000|  0%| F|  |TAMS 0x00000000ad000000, 0x00000000ad000000| Untracked 
| 209|0x00000000ad100000, 0x00000000ad100000, 0x00000000ad200000|  0%| F|  |TAMS 0x00000000ad100000, 0x00000000ad100000| Untracked 
| 210|0x00000000ad200000, 0x00000000ad200000, 0x00000000ad300000|  0%| F|  |TAMS 0x00000000ad200000, 0x00000000ad200000| Untracked 
| 211|0x00000000ad300000, 0x00000000ad300000, 0x00000000ad400000|  0%| F|  |TAMS 0x00000000ad300000, 0x00000000ad300000| Untracked 
| 212|0x00000000ad400000, 0x00000000ad400000, 0x00000000ad500000|  0%| F|  |TAMS 0x00000000ad400000, 0x00000000ad400000| Untracked 
| 213|0x00000000ad500000, 0x00000000ad500000, 0x00000000ad600000|  0%| F|  |TAMS 0x00000000ad500000, 0x00000000ad500000| Untracked 
| 214|0x00000000ad600000, 0x00000000ad600000, 0x00000000ad700000|  0%| F|  |TAMS 0x00000000ad600000, 0x00000000ad600000| Untracked 
| 215|0x00000000ad700000, 0x00000000ad700000, 0x00000000ad800000|  0%| F|  |TAMS 0x00000000ad700000, 0x00000000ad700000| Untracked 
| 216|0x00000000ad800000, 0x00000000ad800000, 0x00000000ad900000|  0%| F|  |TAMS 0x00000000ad800000, 0x00000000ad800000| Untracked 
| 217|0x00000000ad900000, 0x00000000ad900000, 0x00000000ada00000|  0%| F|  |TAMS 0x00000000ad900000, 0x00000000ad900000| Untracked 
| 218|0x00000000ada00000, 0x00000000ada00000, 0x00000000adb00000|  0%| F|  |TAMS 0x00000000ada00000, 0x00000000ada00000| Untracked 
| 219|0x00000000adb00000, 0x00000000adb00000, 0x00000000adc00000|  0%| F|  |TAMS 0x00000000adb00000, 0x00000000adb00000| Untracked 
| 220|0x00000000adc00000, 0x00000000adc00000, 0x00000000add00000|  0%| F|  |TAMS 0x00000000adc00000, 0x00000000adc00000| Untracked 
| 221|0x00000000add00000, 0x00000000add00000, 0x00000000ade00000|  0%| F|  |TAMS 0x00000000add00000, 0x00000000add00000| Untracked 
| 222|0x00000000ade00000, 0x00000000ade80800, 0x00000000adf00000| 50%| E|  |TAMS 0x00000000ade00000, 0x00000000ade00000| Complete 
| 223|0x00000000adf00000, 0x00000000ae000000, 0x00000000ae000000|100%| E|CS|TAMS 0x00000000adf00000, 0x00000000adf00000| Complete 
| 224|0x00000000ae000000, 0x00000000ae100000, 0x00000000ae100000|100%| E|CS|TAMS 0x00000000ae000000, 0x00000000ae000000| Complete 
| 225|0x00000000ae100000, 0x00000000ae200000, 0x00000000ae200000|100%| E|CS|TAMS 0x00000000ae100000, 0x00000000ae100000| Complete 
| 226|0x00000000ae200000, 0x00000000ae300000, 0x00000000ae300000|100%| E|CS|TAMS 0x00000000ae200000, 0x00000000ae200000| Complete 
| 227|0x00000000ae300000, 0x00000000ae400000, 0x00000000ae400000|100%| E|CS|TAMS 0x00000000ae300000, 0x00000000ae300000| Complete 
| 228|0x00000000ae400000, 0x00000000ae500000, 0x00000000ae500000|100%| E|CS|TAMS 0x00000000ae400000, 0x00000000ae400000| Complete 
| 229|0x00000000ae500000, 0x00000000ae600000, 0x00000000ae600000|100%| E|CS|TAMS 0x00000000ae500000, 0x00000000ae500000| Complete 
| 230|0x00000000ae600000, 0x00000000ae700000, 0x00000000ae700000|100%| E|CS|TAMS 0x00000000ae600000, 0x00000000ae600000| Complete 
| 231|0x00000000ae700000, 0x00000000ae800000, 0x00000000ae800000|100%| E|CS|TAMS 0x00000000ae700000, 0x00000000ae700000| Complete 
| 232|0x00000000ae800000, 0x00000000ae900000, 0x00000000ae900000|100%| E|CS|TAMS 0x00000000ae800000, 0x00000000ae800000| Complete 
| 233|0x00000000ae900000, 0x00000000aea00000, 0x00000000aea00000|100%| E|CS|TAMS 0x00000000ae900000, 0x00000000ae900000| Complete 
| 234|0x00000000aea00000, 0x00000000aeb00000, 0x00000000aeb00000|100%| E|CS|TAMS 0x00000000aea00000, 0x00000000aea00000| Complete 
| 235|0x00000000aeb00000, 0x00000000aec00000, 0x00000000aec00000|100%| E|CS|TAMS 0x00000000aeb00000, 0x00000000aeb00000| Complete 
| 236|0x00000000aec00000, 0x00000000aed00000, 0x00000000aed00000|100%| E|CS|TAMS 0x00000000aec00000, 0x00000000aec00000| Complete 
| 237|0x00000000aed00000, 0x00000000aee00000, 0x00000000aee00000|100%| E|CS|TAMS 0x00000000aed00000, 0x00000000aed00000| Complete 
| 238|0x00000000aee00000, 0x00000000aef00000, 0x00000000aef00000|100%| E|CS|TAMS 0x00000000aee00000, 0x00000000aee00000| Complete 
| 239|0x00000000aef00000, 0x00000000af000000, 0x00000000af000000|100%| E|CS|TAMS 0x00000000aef00000, 0x00000000aef00000| Complete 
| 240|0x00000000af000000, 0x00000000af100000, 0x00000000af100000|100%| E|CS|TAMS 0x00000000af000000, 0x00000000af000000| Complete 
| 241|0x00000000af100000, 0x00000000af200000, 0x00000000af200000|100%| E|CS|TAMS 0x00000000af100000, 0x00000000af100000| Complete 
| 242|0x00000000af200000, 0x00000000af300000, 0x00000000af300000|100%| E|CS|TAMS 0x00000000af200000, 0x00000000af200000| Complete 
| 243|0x00000000af300000, 0x00000000af400000, 0x00000000af400000|100%| E|CS|TAMS 0x00000000af300000, 0x00000000af300000| Complete 
| 244|0x00000000af400000, 0x00000000af500000, 0x00000000af500000|100%| E|CS|TAMS 0x00000000af400000, 0x00000000af400000| Complete 
| 245|0x00000000af500000, 0x00000000af600000, 0x00000000af600000|100%| E|CS|TAMS 0x00000000af500000, 0x00000000af500000| Complete 
| 246|0x00000000af600000, 0x00000000af700000, 0x00000000af700000|100%| E|CS|TAMS 0x00000000af600000, 0x00000000af600000| Complete 
| 247|0x00000000af700000, 0x00000000af800000, 0x00000000af800000|100%| E|CS|TAMS 0x00000000af700000, 0x00000000af700000| Complete 
| 248|0x00000000af800000, 0x00000000af900000, 0x00000000af900000|100%| E|CS|TAMS 0x00000000af800000, 0x00000000af800000| Complete 
| 249|0x00000000af900000, 0x00000000afa00000, 0x00000000afa00000|100%| E|CS|TAMS 0x00000000af900000, 0x00000000af900000| Complete 
| 250|0x00000000afa00000, 0x00000000afb00000, 0x00000000afb00000|100%| E|CS|TAMS 0x00000000afa00000, 0x00000000afa00000| Complete 
| 251|0x00000000afb00000, 0x00000000afc00000, 0x00000000afc00000|100%| E|CS|TAMS 0x00000000afb00000, 0x00000000afb00000| Complete 
| 252|0x00000000afc00000, 0x00000000afd00000, 0x00000000afd00000|100%| E|CS|TAMS 0x00000000afc00000, 0x00000000afc00000| Complete 
| 253|0x00000000afd00000, 0x00000000afe00000, 0x00000000afe00000|100%| E|CS|TAMS 0x00000000afd00000, 0x00000000afd00000| Complete 
| 254|0x00000000afe00000, 0x00000000aff00000, 0x00000000aff00000|100%| E|CS|TAMS 0x00000000afe00000, 0x00000000afe00000| Complete 
| 255|0x00000000aff00000, 0x00000000b0000000, 0x00000000b0000000|100%| E|CS|TAMS 0x00000000aff00000, 0x00000000aff00000| Complete 

Card table byte_map: [0x000001483aec0000,0x000001483b1c0000] _byte_map_base: 0x000001483a9c0000

Marking Bits (Prev, Next): (CMBitMap*) 0x0000014827dd12c8, (CMBitMap*) 0x0000014827dd1300
 Prev Bits: [0x000001483b4c0000, 0x000001483ccc0000)
 Next Bits: [0x000001483ccc0000, 0x000001483e4c0000)

Polling page: 0x0000014825d70000

Metaspace:

Usage:
  Non-class:     40.24 MB capacity,    39.48 MB ( 98%) used,   668.65 KB (  2%) free+waste,   114.06 KB ( <1%) overhead. 
      Class:      6.11 MB capacity,     5.72 MB ( 94%) used,   336.75 KB (  5%) free+waste,    54.56 KB ( <1%) overhead. 
       Both:     46.35 MB capacity,    45.20 MB ( 98%) used,  1005.40 KB (  2%) free+waste,   168.63 KB ( <1%) overhead. 

Virtual space:
  Non-class space:       42.00 MB reserved,      40.33 MB ( 96%) committed 
      Class space:        1.00 GB reserved,       6.13 MB ( <1%) committed 
             Both:        1.04 GB reserved,      46.45 MB (  4%) committed 

Chunk freelists:
   Non-Class:  26.00 KB
       Class:  20.00 KB
        Both:  46.00 KB

MaxMetaspaceSize: 17179869184.00 GB
CompressedClassSpaceSize: 1.00 GB
Initial GC threshold: 20.80 MB
Current GC threshold: 58.88 MB
CDS: off

CodeHeap 'non-profiled nmethods': size=120000Kb used=2334Kb max_used=2334Kb free=117665Kb
 bounds [0x0000014833350000, 0x00000148335c0000, 0x000001483a880000]
CodeHeap 'profiled nmethods': size=120000Kb used=8402Kb max_used=8402Kb free=111597Kb
 bounds [0x000001482be20000, 0x000001482c660000, 0x0000014833350000]
CodeHeap 'non-nmethods': size=5760Kb used=2279Kb max_used=2359Kb free=3481Kb
 bounds [0x000001482b880000, 0x000001482baf0000, 0x000001482be20000]
 total_blobs=4695 nmethods=3920 adapters=687
 compilation: enabled
              stopped_count=0, restarted_count=0
 full_count=0

Compilation events (20 events):
Event: 8.971 Thread 0x000001484184c800 3917       3       java.lang.invoke.LambdaFormEditor::bindArgumentType (101 bytes)
Event: 8.971 Thread 0x000001484184c800 nmethod 3917 0x000001482c64a910 code [0x000001482c64aae0, 0x000001482c64ace8]
Event: 8.972 Thread 0x000001484184c800 3918       3       java.lang.invoke.LambdaFormEditor::bindArgumentForm (269 bytes)
Event: 8.974 Thread 0x000001484184c800 nmethod 3918 0x000001482c64ae10 code [0x000001482c64b1e0, 0x000001482c64ca88]
Event: 8.983 Thread 0x00000148433ac000 3919       4       jdk.internal.org.objectweb.asm.MethodWriter::visitCode (1 bytes)
Event: 8.984 Thread 0x00000148433ac000 nmethod 3919 0x0000014833596b10 code [0x0000014833596ca0, 0x0000014833596cf8]
Event: 8.994 Thread 0x000001484184c800 3920       3       java.util.TreeMap::values (25 bytes)
Event: 8.994 Thread 0x00000148433ac000 3921       4       org.objectweb.asm.Label::resolve (219 bytes)
Event: 8.994 Thread 0x000001484184c800 nmethod 3920 0x000001482c64d510 code [0x000001482c64d6e0, 0x000001482c64da58]
Event: 8.996 Thread 0x000001484184c800 3922       3       com.google.common.collect.ImmutableList::asImmutableList (60 bytes)
Event: 8.997 Thread 0x000001484184c800 nmethod 3922 0x000001482c64db90 code [0x000001482c64de00, 0x000001482c64e7d8]
Event: 9.003 Thread 0x00000148433ac000 nmethod 3921 0x0000014833596e10 code [0x0000014833596fa0, 0x0000014833597238]
Event: 9.008 Thread 0x000001484184c800 3923       3       java.lang.invoke.BoundMethodHandle$Species_L::make (11 bytes)
Event: 9.008 Thread 0x000001484184c800 nmethod 3923 0x000001482c64eb90 code [0x000001482c64ed60, 0x000001482c64efa8]
Event: 9.011 Thread 0x000001484184c800 3924       3       java.net.URI::match (56 bytes)
Event: 9.012 Thread 0x000001484184c800 nmethod 3924 0x000001482c64f090 code [0x000001482c64f240, 0x000001482c64f4f8]
Event: 9.012 Thread 0x00000148433ac000 3925       4       java.io.DataOutputStream::writeByte (14 bytes)
Event: 9.012 Thread 0x000001484184c800 3926       3       java.lang.reflect.ProxyGenerator::getFieldType (65 bytes)
Event: 9.013 Thread 0x00000148433ac000 nmethod 3925 0x0000014833597410 code [0x00000148335975a0, 0x0000014833597658]
Event: 9.014 Thread 0x000001484184c800 nmethod 3926 0x000001482c64f590 code [0x000001482c64f880, 0x000001482c650638]

GC Heap History (10 events):
Event: 1.067 GC heap before
{Heap before GC invocations=0 (full 0):
 garbage-first heap   total 262144K, used 29696K [0x00000000a0000000, 0x0000000100000000)
  region size 1024K, 24 young (24576K), 0 survivors (0K)
 Metaspace       used 9804K, capacity 9992K, committed 10112K, reserved 1058816K
  class space    used 1007K, capacity 1101K, committed 1152K, reserved 1048576K
}
Event: 1.072 GC heap after
{Heap after GC invocations=1 (full 0):
 garbage-first heap   total 262144K, used 9254K [0x00000000a0000000, 0x0000000100000000)
  region size 1024K, 3 young (3072K), 3 survivors (3072K)
 Metaspace       used 9804K, capacity 9992K, committed 10112K, reserved 1058816K
  class space    used 1007K, capacity 1101K, committed 1152K, reserved 1048576K
}
Event: 4.260 GC heap before
{Heap before GC invocations=1 (full 0):
 garbage-first heap   total 262144K, used 107558K [0x00000000a0000000, 0x0000000100000000)
  region size 1024K, 100 young (102400K), 3 survivors (3072K)
 Metaspace       used 20723K, capacity 21184K, committed 21296K, reserved 1069056K
  class space    used 2499K, capacity 2666K, committed 2688K, reserved 1048576K
}
Event: 4.272 GC heap after
{Heap after GC invocations=2 (full 0):
 garbage-first heap   total 262144K, used 16890K [0x00000000a0000000, 0x0000000100000000)
  region size 1024K, 11 young (11264K), 11 survivors (11264K)
 Metaspace       used 20723K, capacity 21184K, committed 21296K, reserved 1069056K
  class space    used 2499K, capacity 2666K, committed 2688K, reserved 1048576K
}
Event: 4.778 GC heap before
{Heap before GC invocations=3 (full 0):
 garbage-first heap   total 262144K, used 55802K [0x00000000a0000000, 0x0000000100000000)
  region size 1024K, 49 young (50176K), 11 survivors (11264K)
 Metaspace       used 24485K, capacity 24993K, committed 25008K, reserved 1071104K
  class space    used 3101K, capacity 3319K, committed 3328K, reserved 1048576K
}
Event: 4.788 GC heap after
{Heap after GC invocations=4 (full 0):
 garbage-first heap   total 262144K, used 18171K [0x00000000a0000000, 0x0000000100000000)
  region size 1024K, 2 young (2048K), 2 survivors (2048K)
 Metaspace       used 24485K, capacity 24993K, committed 25008K, reserved 1071104K
  class space    used 3101K, capacity 3319K, committed 3328K, reserved 1048576K
}
Event: 6.533 GC heap before
{Heap before GC invocations=4 (full 0):
 garbage-first heap   total 262144K, used 94971K [0x00000000a0000000, 0x0000000100000000)
  region size 1024K, 78 young (79872K), 2 survivors (2048K)
 Metaspace       used 35039K, capacity 35812K, committed 35920K, reserved 1081344K
  class space    used 4469K, capacity 4806K, committed 4864K, reserved 1048576K
}
Event: 6.546 GC heap after
{Heap after GC invocations=5 (full 0):
 garbage-first heap   total 262144K, used 22121K [0x00000000a0000000, 0x0000000100000000)
  region size 1024K, 6 young (6144K), 6 survivors (6144K)
 Metaspace       used 35039K, capacity 35812K, committed 35920K, reserved 1081344K
  class space    used 4469K, capacity 4806K, committed 4864K, reserved 1048576K
}
Event: 8.520 GC heap before
{Heap before GC invocations=6 (full 0):
 garbage-first heap   total 262144K, used 135785K [0x00000000a0000000, 0x0000000100000000)
  region size 1024K, 114 young (116736K), 6 survivors (6144K)
 Metaspace       used 43787K, capacity 44798K, committed 44880K, reserved 1089536K
  class space    used 5496K, capacity 5871K, committed 5888K, reserved 1048576K
}
Event: 8.542 GC heap after
{Heap after GC invocations=7 (full 0):
 garbage-first heap   total 262144K, used 29227K [0x00000000a0000000, 0x0000000100000000)
  region size 1024K, 13 young (13312K), 13 survivors (13312K)
 Metaspace       used 43787K, capacity 44798K, committed 44880K, reserved 1089536K
  class space    used 5496K, capacity 5871K, committed 5888K, reserved 1048576K
}

Deoptimization events (20 events):
Event: 8.064 Thread 0x0000014844492800 Uncommon trap: trap_request=0xffffff4d fr.pc=0x00000148334aa588 relative=0x00000000000000e8
Event: 8.064 Thread 0x0000014844492800 Uncommon trap: reason=unstable_if action=reinterpret pc=0x00000148334aa588 method=org.objectweb.asm.ByteVector.putShort(I)Lorg/objectweb/asm/ByteVector; @ 13 c2
Event: 8.064 Thread 0x0000014844492800 DEOPT PACKING pc=0x00000148334aa588 sp=0x0000001bf34f8fe0
Event: 8.064 Thread 0x0000014844492800 DEOPT UNPACKING pc=0x000001482b8ca1af sp=0x0000001bf34f8f78 mode 2
Event: 8.285 Thread 0x00000148437e3800 Uncommon trap: trap_request=0xffffffbe fr.pc=0x00000148334e3ea4 relative=0x0000000000000524
Event: 8.285 Thread 0x00000148437e3800 Uncommon trap: reason=profile_predicate action=maybe_recompile pc=0x00000148334e3ea4 method=java.util.stream.ReferencePipeline.forEachWithCancel(Ljava/util/Spliterator;Ljava/util/stream/Sink;)Z @ 8 c2
Event: 8.285 Thread 0x00000148437e3800 DEOPT PACKING pc=0x00000148334e3ea4 sp=0x0000001bf2ffe640
Event: 8.285 Thread 0x00000148437e3800 DEOPT UNPACKING pc=0x000001482b8ca1af sp=0x0000001bf2ffe5e0 mode 2
Event: 9.008 Thread 0x0000014844492800 Uncommon trap: trap_request=0xffffff4d fr.pc=0x00000148333b1e10 relative=0x00000000000001d0
Event: 9.008 Thread 0x0000014844492800 Uncommon trap: reason=unstable_if action=reinterpret pc=0x00000148333b1e10 method=java.net.URI$Parser.scan(IILjava/lang/String;)I @ 26 c2
Event: 9.008 Thread 0x0000014844492800 DEOPT PACKING pc=0x00000148333b1e10 sp=0x0000001bf34f8ee0
Event: 9.008 Thread 0x0000014844492800 DEOPT UNPACKING pc=0x000001482b8ca1af sp=0x0000001bf34f8e70 mode 2
Event: 9.008 Thread 0x0000014844492800 Uncommon trap: trap_request=0xffffff4d fr.pc=0x00000148333a9ad4 relative=0x0000000000000114
Event: 9.008 Thread 0x0000014844492800 Uncommon trap: reason=unstable_if action=reinterpret pc=0x00000148333a9ad4 method=java.net.URI.match(CJJ)Z @ 45 c2
Event: 9.008 Thread 0x0000014844492800 DEOPT PACKING pc=0x00000148333a9ad4 sp=0x0000001bf34f8c50
Event: 9.008 Thread 0x0000014844492800 DEOPT UNPACKING pc=0x000001482b8ca1af sp=0x0000001bf34f8b88 mode 2
Event: 9.008 Thread 0x0000014844492800 Uncommon trap: trap_request=0xffffff4d fr.pc=0x0000014833374ee8 relative=0x0000000000000048
Event: 9.008 Thread 0x0000014844492800 Uncommon trap: reason=unstable_if action=reinterpret pc=0x0000014833374ee8 method=java.net.URI.match(CJJ)Z @ 19 c2
Event: 9.008 Thread 0x0000014844492800 DEOPT PACKING pc=0x0000014833374ee8 sp=0x0000001bf34f8c60
Event: 9.008 Thread 0x0000014844492800 DEOPT UNPACKING pc=0x000001482b8ca1af sp=0x0000001bf34f8c10 mode 2

Classes redefined (0 events):
No events

Internal exceptions (20 events):
Event: 8.402 Thread 0x0000014844492800 Exception <a 'java/lang/ClassNotFoundException'{0x00000000a94204f8}: java/util/AbstractCollectionBeanInfo> (0x00000000a94204f8) thrown at [./src/hotspot/share/classfile/systemDictionary.cpp, line 231]
Event: 8.402 Thread 0x0000014844492800 Exception <a 'java/lang/ClassNotFoundException'{0x00000000a94269a8}: java/util/AbstractCollectionCustomizer> (0x00000000a94269a8) thrown at [./src/hotspot/share/classfile/systemDictionary.cpp, line 231]
Event: 8.404 Thread 0x0000014844492800 Exception <a 'java/lang/ClassNotFoundException'{0x00000000a945ac10}: org/gradle/api/internal/DefaultDomainObjectCollectionCustomizer> (0x00000000a945ac10) thrown at [./src/hotspot/share/classfile/systemDictionary.cpp, line 231]
Event: 8.408 Thread 0x0000014844492800 Exception <a 'java/lang/ClassNotFoundException'{0x00000000a94a3ea8}: org/gradle/api/internal/DefaultNamedDomainObjectCollectionCustomizer> (0x00000000a94a3ea8) thrown at [./src/hotspot/share/classfile/systemDictionary.cpp, line 231]
Event: 8.413 Thread 0x0000014844492800 Exception <a 'java/lang/ClassNotFoundException'{0x00000000a9300c68}: org/gradle/api/internal/DefaultNamedDomainObjectListCustomizer> (0x00000000a9300c68) thrown at [./src/hotspot/share/classfile/systemDictionary.cpp, line 231]
Event: 8.416 Thread 0x0000014844492800 Exception <a 'java/lang/ClassNotFoundException'{0x00000000a9356190}: org/gradle/api/internal/artifacts/DefaultArtifactRepositoryContainerCustomizer> (0x00000000a9356190) thrown at [./src/hotspot/share/classfile/systemDictionary.cpp, line 231]
Event: 8.420 Thread 0x0000014844492800 Exception <a 'java/lang/ClassNotFoundException'{0x00000000a93a0ff0}: org/gradle/api/internal/artifacts/dsl/DefaultRepositoryHandlerCustomizer> (0x00000000a93a0ff0) thrown at [./src/hotspot/share/classfile/systemDictionary.cpp, line 231]
Event: 8.424 Thread 0x0000014844492800 Exception <a 'java/lang/ClassNotFoundException'{0x00000000a93fea48}: org/gradle/api/internal/artifacts/dsl/DefaultRepositoryHandler_DecoratedCustomizer> (0x00000000a93fea48) thrown at [./src/hotspot/share/classfile/systemDictionary.cpp, line 231]
Event: 8.687 Thread 0x0000014844492800 Exception <a 'java/lang/ClassNotFoundException'{0x00000000af8b7fc0}: org/gradle/api/internal/artifacts/dsl/dependencies/DefaultDependencyHandler_DecoratedBeanInfo> (0x00000000af8b7fc0) thrown at [./src/hotspot/share/classfile/systemDictionary.cpp, line 231]
Event: 8.688 Thread 0x0000014844492800 Exception <a 'java/lang/ClassNotFoundException'{0x00000000af8f6c88}: org/gradle/api/internal/artifacts/dsl/dependencies/DefaultDependencyHandlerBeanInfo> (0x00000000af8f6c88) thrown at [./src/hotspot/share/classfile/systemDictionary.cpp, line 231]
Event: 8.690 Thread 0x0000014844492800 Exception <a 'java/lang/ClassNotFoundException'{0x00000000af735fd8}: org/gradle/api/internal/artifacts/dsl/dependencies/DefaultDependencyHandlerCustomizer> (0x00000000af735fd8) thrown at [./src/hotspot/share/classfile/systemDictionary.cpp, line 231]
Event: 8.694 Thread 0x0000014844492800 Exception <a 'java/lang/ClassNotFoundException'{0x00000000af79f928}: org/gradle/api/internal/artifacts/dsl/dependencies/DefaultDependencyHandler_DecoratedCustomizer> (0x00000000af79f928) thrown at [./src/hotspot/share/classfile/systemDictionary.cpp, line 231]
Event: 8.860 Thread 0x0000014844492800 Exception <a 'java/lang/NoSuchMethodError'{0x00000000aee82eb8}: 'java.lang.Object java.lang.invoke.DelegatingMethodHandle$Holder.reinvoke_L(java.lang.Object, java.lang.Object, java.lang.Object, java.lang.Object, java.lang.Object, java.lang.Object, java.lang.Object, java.lang.Object, java.lang.Object, java.lang.Object, java.lang.Object, java.lang.Object, java.lang.Object, java.lang.Object, java.lang.Object, java.lang.Object, java.lang.Object, java.lang.Object, java.lang.Object, java.lang.Object, java.lang.O
Event: 8.861 Thread 0x0000014844492800 Exception <a 'java/lang/NoSuchMethodError'{0x00000000aeed0700}: 'java.lang.Object java.lang.invoke.Invokers$Holder.invoker(java.lang.Object, java.lang.Object, java.lang.Object, java.lang.Object, java.lang.Object, java.lang.Object, java.lang.Object, java.lang.Object, java.lang.Object, java.lang.Object, java.lang.Object, java.lang.Object, java.lang.Object, java.lang.Object, java.lang.Object, java.lang.Object, java.lang.Object, java.lang.Object, java.lang.Object, java.lang.Object, java.lang.Object)'> (0x00000
Event: 8.861 Thread 0x0000014844492800 Exception <a 'java/lang/NoSuchMethodError'{0x00000000aeed7a70}: 'java.lang.Object java.lang.invoke.DelegatingMethodHandle$Holder.delegate(java.lang.Object, java.lang.Object, java.lang.Object, java.lang.Object, java.lang.Object, java.lang.Object, java.lang.Object, java.lang.Object, java.lang.Object, java.lang.Object, java.lang.Object, java.lang.Object, java.lang.Object, java.lang.Object, java.lang.Object, java.lang.Object, java.lang.Object, java.lang.Object, java.lang.Object, java.lang.Object, java.lang.Obj
Event: 8.870 Thread 0x0000014844492800 Exception <a 'java/lang/NoSuchMethodError'{0x00000000aed20d60}: 'java.lang.Object java.lang.invoke.DirectMethodHandle$Holder.invokeStatic(java.lang.Object, java.lang.Object, java.lang.Object, java.lang.Object, java.lang.Object, java.lang.Object, java.lang.Object, java.lang.Object, java.lang.Object, java.lang.Object, java.lang.Object, java.lang.Object, java.lang.Object, java.lang.Object, java.lang.Object)'> (0x00000000aed20d60) thrown at [./src/hotspot/share/interpreter/linkResolver.cpp, line 773]
Event: 8.872 Thread 0x0000014844492800 Exception <a 'java/lang/NoSuchMethodError'{0x00000000aed31398}: 'java.lang.Object java.lang.invoke.DirectMethodHandle$Holder.invokeStatic(java.lang.Object, java.lang.Object, java.lang.Object, java.lang.Object, java.lang.Object, java.lang.Object, java.lang.Object, java.lang.Object, java.lang.Object, java.lang.Object, java.lang.Object, java.lang.Object, java.lang.Object, java.lang.Object, java.lang.Object, java.lang.Object)'> (0x00000000aed31398) thrown at [./src/hotspot/share/interpreter/linkResolver.cpp, l
Event: 8.874 Thread 0x0000014844492800 Exception <a 'java/lang/NoSuchMethodError'{0x00000000aed418e0}: 'java.lang.Object java.lang.invoke.DelegatingMethodHandle$Holder.reinvoke_L(java.lang.Object, java.lang.Object, java.lang.Object, java.lang.Object, java.lang.Object, java.lang.Object, java.lang.Object, java.lang.Object, java.lang.Object, java.lang.Object, java.lang.Object, java.lang.Object, java.lang.Object, java.lang.Object, java.lang.Object, java.lang.Object, java.lang.Object, java.lang.Object, java.lang.Object, java.lang.Object)'> (0x000000
Event: 8.929 Thread 0x0000014844492800 Exception <a 'java/lang/NoSuchMethodError'{0x00000000aeaabee8}: 'int java.lang.invoke.DirectMethodHandle$Holder.invokeInterface(java.lang.Object, java.lang.Object)'> (0x00000000aeaabee8) thrown at [./src/hotspot/share/interpreter/linkResolver.cpp, line 773]
Event: 8.929 Thread 0x0000014844492800 Exception <a 'java/lang/IncompatibleClassChangeError'{0x00000000aeaaf9c8}: Found class java.lang.Object, but interface was expected> (0x00000000aeaaf9c8) thrown at [./src/hotspot/share/interpreter/linkResolver.cpp, line 839]

Events (20 events):
Event: 9.021 loading class org/gradle/cache/internal/Store
Event: 9.021 loading class org/gradle/cache/internal/Store done
Event: 9.021 loading class org/gradle/api/internal/artifacts/ivyservice/resolveengine/store/CachedStoreFactory$Stats
Event: 9.021 loading class org/gradle/api/internal/artifacts/ivyservice/resolveengine/store/CachedStoreFactory$Stats done
Event: 9.022 loading class org/gradle/api/internal/artifacts/ivyservice/resolveengine/store/CachedStoreFactory$SimpleStore
Event: 9.022 loading class org/gradle/api/internal/artifacts/ivyservice/resolveengine/store/CachedStoreFactory$SimpleStore done
Event: 9.023 loading class org/gradle/api/internal/artifacts/ivyservice/resolveengine/oldresult/TransientConfigurationResultsBuilder
Event: 9.023 loading class org/gradle/api/internal/artifacts/ivyservice/resolveengine/oldresult/TransientConfigurationResultsBuilder done
Event: 9.025 loading class org/gradle/api/internal/artifacts/ivyservice/resolveengine/oldresult/TransientConfigurationResults
Event: 9.025 loading class org/gradle/api/internal/artifacts/ivyservice/resolveengine/oldresult/TransientConfigurationResults done
Event: 9.025 loading class org/gradle/api/artifacts/ResolvedDependency
Event: 9.025 loading class org/gradle/api/artifacts/ResolvedDependency done
Event: 9.026 loading class org/gradle/api/internal/artifacts/ResolvedConfigurationIdentifierSerializer
Event: 9.026 loading class org/gradle/api/internal/artifacts/ResolvedConfigurationIdentifierSerializer done
Event: 9.027 loading class org/gradle/api/internal/artifacts/ivyservice/resolveengine/oldresult/DefaultResolvedConfigurationBuilder
Event: 9.027 loading class org/gradle/api/internal/artifacts/ivyservice/resolveengine/oldresult/DefaultResolvedConfigurationBuilder done
Event: 9.028 loading class org/gradle/api/internal/artifacts/ivyservice/resolveengine/oldresult/ResolvedGraphResults
Event: 9.028 loading class org/gradle/api/internal/artifacts/ivyservice/resolveengine/oldresult/ResolvedGraphResults done
Event: 9.028 loading class org/gradle/api/internal/artifacts/ivyservice/resolveengine/oldresult/ResolvedConfigurationDependencyGraphVisitor
Event: 9.028 loading class org/gradle/api/internal/artifacts/ivyservice/resolveengine/oldresult/ResolvedConfigurationDependencyGraphVisitor done


Dynamic libraries:
0x00007ff70af50000 - 0x00007ff70af5a000 	C:\Program Files\Android\Android Studio\jre\bin\java.exe
0x00007ffd80930000 - 0x00007ffd80b44000 	C:\WINDOWS\SYSTEM32\ntdll.dll
0x00007ffd35d40000 - 0x00007ffd35d57000 	C:\Program Files\Avast Software\Avast\aswhook.dll
0x00007ffd7e990000 - 0x00007ffd7ea53000 	C:\WINDOWS\System32\KERNEL32.DLL
0x00007ffd7e380000 - 0x00007ffd7e71d000 	C:\WINDOWS\System32\KERNELBASE.dll
0x00007ffd7de10000 - 0x00007ffd7df21000 	C:\WINDOWS\System32\ucrtbase.dll
0x00007ffd76a00000 - 0x00007ffd76a17000 	C:\Program Files\Android\Android Studio\jre\bin\VCRUNTIME140.dll
0x00007ffd769a0000 - 0x00007ffd769b9000 	C:\Program Files\Android\Android Studio\jre\bin\jli.dll
0x00007ffd80600000 - 0x00007ffd807ad000 	C:\WINDOWS\System32\USER32.dll
0x00007ffd7df30000 - 0x00007ffd7df56000 	C:\WINDOWS\System32\win32u.dll
0x00007ffd80380000 - 0x00007ffd803a9000 	C:\WINDOWS\System32\GDI32.dll
0x00007ffd7e0d0000 - 0x00007ffd7e1e2000 	C:\WINDOWS\System32\gdi32full.dll
0x00007ffd5b770000 - 0x00007ffd5b9fe000 	C:\WINDOWS\WinSxS\amd64_microsoft.windows.common-controls_6595b64144ccf1df_6.0.22621.608_none_a9444ca7c10bb01d\COMCTL32.dll
0x00007ffd7e260000 - 0x00007ffd7e2fa000 	C:\WINDOWS\System32\msvcp_win.dll
0x00007ffd807b0000 - 0x00007ffd80857000 	C:\WINDOWS\System32\msvcrt.dll
0x00007ffd80340000 - 0x00007ffd80372000 	C:\WINDOWS\System32\IMM32.DLL
0x0000000055260000 - 0x000000005526c000 	C:\Program Files (x86)\360\Total Security\safemon\SafeWrapper.dll
0x00007ffd803b0000 - 0x00007ffd8045e000 	C:\WINDOWS\System32\ADVAPI32.dll
0x00007ffd800d0000 - 0x00007ffd80174000 	C:\WINDOWS\System32\sechost.dll
0x00007ffd7fdb0000 - 0x00007ffd7fec5000 	C:\WINDOWS\System32\RPCRT4.dll
0x00007ffcf86f0000 - 0x00007ffcf8782000 	C:\Program Files (x86)\360\Total Security\safemon\libzdtp64.dll
0x00007ffd7f4e0000 - 0x00007ffd7fccf000 	C:\WINDOWS\System32\SHELL32.dll
0x00007ffd7e930000 - 0x00007ffd7e98e000 	C:\WINDOWS\System32\SHLWAPI.dll
0x00007ffd76600000 - 0x00007ffd7660a000 	C:\WINDOWS\SYSTEM32\VERSION.dll
0x00007ffd52b30000 - 0x00007ffd52bcd000 	C:\Program Files\Android\Android Studio\jre\bin\msvcp140.dll
0x00007ffd22ca0000 - 0x00007ffd237a2000 	C:\Program Files\Android\Android Studio\jre\bin\server\jvm.dll
0x00007ffd7e920000 - 0x00007ffd7e928000 	C:\WINDOWS\System32\PSAPI.DLL
0x00007ffd68c70000 - 0x00007ffd68c79000 	C:\WINDOWS\SYSTEM32\WSOCK32.dll
0x00007ffd76850000 - 0x00007ffd76884000 	C:\WINDOWS\SYSTEM32\WINMM.dll
0x00007ffd7fd30000 - 0x00007ffd7fda1000 	C:\WINDOWS\System32\WS2_32.dll
0x00007ffd7ce90000 - 0x00007ffd7cea8000 	C:\WINDOWS\SYSTEM32\kernel.appcore.dll
0x00007ffd76980000 - 0x00007ffd76991000 	C:\Program Files\Android\Android Studio\jre\bin\verify.dll
0x00007ffd7b7b0000 - 0x00007ffd7b9de000 	C:\WINDOWS\SYSTEM32\DBGHELP.DLL
0x00007ffd7f150000 - 0x00007ffd7f4da000 	C:\WINDOWS\System32\combase.dll
0x00007ffd7fff0000 - 0x00007ffd800c7000 	C:\WINDOWS\System32\OLEAUT32.dll
0x00007ffd726e0000 - 0x00007ffd72712000 	C:\WINDOWS\SYSTEM32\dbgcore.DLL
0x00007ffd7e300000 - 0x00007ffd7e37b000 	C:\WINDOWS\System32\bcryptPrimitives.dll
0x00007ffd627d0000 - 0x00007ffd627f9000 	C:\Program Files\Android\Android Studio\jre\bin\java.dll
0x00007ffd769f0000 - 0x00007ffd769fb000 	C:\Program Files\Android\Android Studio\jre\bin\jimage.dll
0x00007ffd6af40000 - 0x00007ffd6af58000 	C:\Program Files\Android\Android Studio\jre\bin\zip.dll
0x00007ffd7bd80000 - 0x00007ffd7c648000 	C:\WINDOWS\SYSTEM32\windows.storage.dll
0x00007ffd7bc40000 - 0x00007ffd7bd7e000 	C:\WINDOWS\SYSTEM32\wintypes.dll
0x00007ffd7e790000 - 0x00007ffd7e881000 	C:\WINDOWS\System32\SHCORE.dll
0x00007ffd7dc80000 - 0x00007ffd7dca1000 	C:\WINDOWS\SYSTEM32\profapi.dll
0x00007ffd630c0000 - 0x00007ffd630da000 	C:\Program Files\Android\Android Studio\jre\bin\net.dll
0x00007ffd76610000 - 0x00007ffd7673f000 	C:\WINDOWS\SYSTEM32\WINHTTP.dll
0x00007ffd7d300000 - 0x00007ffd7d369000 	C:\WINDOWS\system32\mswsock.dll
0x00007ffd62710000 - 0x00007ffd62724000 	C:\Program Files\Android\Android Studio\jre\bin\nio.dll
0x00007ffce7c50000 - 0x00007ffce7c77000 	C:\Users\Dell\.gradle\native\e1d6ef7f7dcc3fd88c89a11ec53ec762bb8ba0a96d01ffa2cd45eb1d1d8dd5c5\windows-amd64\native-platform.dll
0x00007ffce6fe0000 - 0x00007ffce7124000 	C:\Users\Dell\.gradle\native\0d407fdbe67a94daf76414ababcb853783967236a71b16ec16e742cd7a986fd3\windows-amd64\native-platform-file-events.dll
0x00007ffd63580000 - 0x00007ffd6358a000 	C:\Program Files\Android\Android Studio\jre\bin\management.dll
0x00007ffd63090000 - 0x00007ffd6309d000 	C:\Program Files\Android\Android Studio\jre\bin\management_ext.dll
0x00007ffd7d550000 - 0x00007ffd7d56b000 	C:\WINDOWS\SYSTEM32\CRYPTSP.dll
0x00007ffd7ce00000 - 0x00007ffd7ce35000 	C:\WINDOWS\system32\rsaenh.dll
0x00007ffd7d3f0000 - 0x00007ffd7d418000 	C:\WINDOWS\SYSTEM32\USERENV.dll
0x00007ffd7d710000 - 0x00007ffd7d738000 	C:\WINDOWS\SYSTEM32\bcrypt.dll
0x00007ffd7d570000 - 0x00007ffd7d57c000 	C:\WINDOWS\SYSTEM32\CRYPTBASE.dll
0x00007ffd7c910000 - 0x00007ffd7c93d000 	C:\WINDOWS\SYSTEM32\IPHLPAPI.DLL
0x00007ffd7fcd0000 - 0x00007ffd7fcd9000 	C:\WINDOWS\System32\NSI.dll
0x00007ffd75f30000 - 0x00007ffd75f49000 	C:\WINDOWS\SYSTEM32\dhcpcsvc6.DLL
0x00007ffd75f10000 - 0x00007ffd75f2f000 	C:\WINDOWS\SYSTEM32\dhcpcsvc.DLL
0x00007ffd7c980000 - 0x00007ffd7ca72000 	C:\WINDOWS\SYSTEM32\DNSAPI.dll

dbghelp: loaded successfully - version: 4.0.5 - missing functions: none
symbol engine: initialized successfully - sym options: 0x614 - pdb path: .;C:\Program Files\Android\Android Studio\jre\bin;C:\WINDOWS\SYSTEM32;C:\Program Files\Avast Software\Avast;C:\WINDOWS\WinSxS\amd64_microsoft.windows.common-controls_6595b64144ccf1df_6.0.22621.608_none_a9444ca7c10bb01d;C:\Program Files (x86)\360\Total Security\safemon;C:\Program Files\Android\Android Studio\jre\bin\server;C:\Users\Dell\.gradle\native\e1d6ef7f7dcc3fd88c89a11ec53ec762bb8ba0a96d01ffa2cd45eb1d1d8dd5c5\windows-amd64;C:\Users\Dell\.gradle\native\0d407fdbe67a94daf76414ababcb853783967236a71b16ec16e742cd7a986fd3\windows-amd64

VM Arguments:
jvm_args: --add-opens=java.base/java.util=ALL-UNNAMED --add-opens=java.base/java.lang=ALL-UNNAMED --add-opens=java.base/java.lang.invoke=ALL-UNNAMED --add-opens=java.base/java.util=ALL-UNNAMED --add-opens=java.prefs/java.util.prefs=ALL-UNNAMED --add-opens=java.prefs/java.util.prefs=ALL-UNNAMED --add-opens=java.base/java.nio.charset=ALL-UNNAMED --add-opens=java.base/java.net=ALL-UNNAMED --add-opens=java.base/java.util.concurrent.atomic=ALL-UNNAMED -Xmx1536M -Dfile.encoding=windows-1252 -Duser.country=US -Duser.language=en -Duser.variant 
java_command: org.gradle.launcher.daemon.bootstrap.GradleDaemon 7.4
java_class_path (initial): C:\Users\Dell\.gradle\wrapper\dists\gradle-7.4-all\aadb4xli5jkdsnukm30eibyiu\gradle-7.4\lib\gradle-launcher-7.4.jar
Launcher Type: SUN_STANDARD

[Global flags]
     intx CICompilerCount                          = 4                                         {product} {ergonomic}
     uint ConcGCThreads                            = 2                                         {product} {ergonomic}
     uint G1ConcRefinementThreads                  = 8                                         {product} {ergonomic}
   size_t G1HeapRegionSize                         = 1048576                                   {product} {ergonomic}
    uintx GCDrainStackTargetSize                   = 64                                        {product} {ergonomic}
   size_t InitialHeapSize                          = 268435456                                 {product} {ergonomic}
   size_t MarkStackSize                            = 4194304                                   {product} {ergonomic}
   size_t MaxHeapSize                              = 1610612736                                {product} {command line}
   size_t MaxNewSize                               = 965738496                                 {product} {ergonomic}
   size_t MinHeapDeltaBytes                        = 1048576                                   {product} {ergonomic}
    uintx NonNMethodCodeHeapSize                   = 5836300                                {pd product} {ergonomic}
    uintx NonProfiledCodeHeapSize                  = 122910970                              {pd product} {ergonomic}
    uintx ProfiledCodeHeapSize                     = 122910970                              {pd product} {ergonomic}
    uintx ReservedCodeCacheSize                    = 251658240                              {pd product} {ergonomic}
     bool SegmentedCodeCache                       = true                                      {product} {ergonomic}
     bool UseCompressedClassPointers               = true                                 {lp64_product} {ergonomic}
     bool UseCompressedOops                        = true                                 {lp64_product} {ergonomic}
     bool UseG1GC                                  = true                                      {product} {ergonomic}
     bool UseLargePagesIndividualAllocation        = false                                  {pd product} {ergonomic}

Logging:
Log output configuration:
 #0: stdout all=warning uptime,level,tags
 #1: stderr all=off uptime,level,tags

Environment Variables:
JAVA_HOME=C:\Program Files\Android\Android Studio\jre
CLASSPATH=G:\final_dart\android\\gradle\wrapper\gradle-wrapper.jar
PATH=G:\oracle\product\10.2.0\db_8\bin;G:\oracle\product\10.2.0\db_7\bin;G:\oracle\product\10.2.0\db_6\bin;G:\oracle\product\10.2.0\db_1\bin;C:\Users\Dell\AppData\Local\Programs\Python\Python38-32;C:\Program Files\Common Files\Oracle\Java\javapath;C:\Program Files (x86)\Common Files\Oracle\Java\javapath;C:\Windows\system32;C:\Windows;C:\Windows\System32\Wbem;C:\Windows\System32\WindowsPowerShell\v1.0\;C:\Windows\System32\OpenSSH\;C:\Program Files (x86)\NVIDIA Corporation\PhysX\Common;C:\WINDOWS\system32;C:\WINDOWS;C:\WINDOWS\System32\Wbem;C:\WINDOWS\System32\WindowsPowerShell\v1.0\;C:\WINDOWS\System32\OpenSSH\;C:\Program Files (x86)\Windows Live\Shared;G:\MEGA11;C:\src\flutter\bin;C:\Program Files\Git\cmd;C:\Program Files\Microsoft SQL Server\130\Tools\Binn\;C:\Program Files\Java\jdk-15\bin;C:\src\flutter\bin;C:\tools\dart-sdk\bin;F:\Downloads\gradle-7.5.1-bin\gradle-7.5.1\bin;C:\Users\Dell\AppData\Local\Programs\Microsoft VS Code\bin;C:\Users\Dell\AppData\Local\Android\Sdk;C:\Program Files\Java\jdk-15;C:\Program Files\Android\Android Studio2\jre\bin;C:\Program Files (x86)\Java\jre1.8.0_351;F:\Downloads\dartsdk-windows-x64-release\dart-sdk;;C:\moe2014\bin;C:\Users\Dell\AppData\Local\Microsoft\WindowsApps;C:\Program Files\JetBrains\PyCharm 2022.3\bin;;C:\src\flutter\bin\mingit\cmd
USERNAME=Dell
OS=Windows_NT
PROCESSOR_IDENTIFIER=Intel64 Family 6 Model 142 Stepping 12, GenuineIntel



---------------  S Y S T E M  ---------------

OS: Windows 11 , 64 bit Build 22621 (10.0.22621.1105)
OS uptime: 0 days 0:50 hours

CPU:total 8 (initial active 8) (4 cores per cpu, 2 threads per core) family 6 model 142 stepping 12 microcode 0xde, cmov, cx8, fxsr, mmx, sse, sse2, sse3, ssse3, sse4.1, sse4.2, popcnt, avx, avx2, aes, clmul, erms, 3dnowpref, lzcnt, ht, tsc, tscinvbit, bmi1, bmi2, adx, fma

Memory: 4k page, system-wide physical 16257M (3809M free)
TotalPageFile size 17757M (AvailPageFile size 5M)
current process WorkingSet (physical memory assigned to process): 338M, peak: 344M
current process commit charge ("private bytes"): 484M, peak: 491M

vm_info: OpenJDK 64-Bit Server VM (11.0.13+0-b1751.21-8125866) for windows-amd64 JRE (11.0.13+0-b1751.21-8125866), built on Feb  2 2022 03:00:22 by "builder" with MS VC++ 14.0 (VS2015)

END.
