#
# There is insufficient memory for the Java Runtime Environment to continue.
# Native memory allocation (malloc) failed to allocate 1244496 bytes for Chunk::new
# Possible reasons:
#   The system is out of physical RAM or swap space
#   The process is running with CompressedOops enabled, and the Java Heap may be blocking the growth of the native heap
# Possible solutions:
#   Reduce memory load on the system
#   Increase physical memory or swap space
#   Check if swap backing store is full
#   Decrease Java heap size (-Xmx/-Xms)
#   Decrease number of Java threads
#   Decrease Java thread stack sizes (-Xss)
#   Set larger code cache with -XX:ReservedCodeCacheSize=
#   JVM is running with Unscaled Compressed Oops mode in which the Java heap is
#     placed in the first 4GB address space. The Java Heap base address is the
#     maximum limit for the native heap growth. Please use -XX:HeapBaseMinAddress
#     to set the Java Heap base and to place the Java Heap above 4GB virtual address.
# This output file may be truncated or incomplete.
#
#  Out of Memory Error (./src/hotspot/share/memory/arena.cpp:197), pid=11168, tid=8204
#
# JRE version: OpenJDK Runtime Environment (11.0.13) (build 11.0.13+0-b1751.21-8125866)
# Java VM: OpenJDK 64-Bit Server VM (11.0.13+0-b1751.21-8125866, mixed mode, tiered, compressed oops, g1 gc, windows-amd64)
# No core dump will be written. Minidumps are not enabled by default on client versions of Windows
#

---------------  S U M M A R Y ------------

Command Line: --add-opens=java.base/java.util=ALL-UNNAMED --add-opens=java.base/java.lang=ALL-UNNAMED --add-opens=java.base/java.lang.invoke=ALL-UNNAMED --add-opens=java.base/java.util=ALL-UNNAMED --add-opens=java.prefs/java.util.prefs=ALL-UNNAMED --add-opens=java.prefs/java.util.prefs=ALL-UNNAMED --add-opens=java.base/java.nio.charset=ALL-UNNAMED --add-opens=java.base/java.net=ALL-UNNAMED --add-opens=java.base/java.util.concurrent.atomic=ALL-UNNAMED -Xmx1536M -Dfile.encoding=windows-1252 -Duser.country=US -Duser.language=en -Duser.variant org.gradle.launcher.daemon.bootstrap.GradleDaemon 7.4

Host: Intel(R) Core(TM) i7-8565U CPU @ 1.80GHz, 8 cores, 15G,  Windows 11 , 64 bit Build 22621 (10.0.22621.1105)
Time: Wed Feb 22 19:03:13 2023 Egypt Standard Time elapsed time: 13.328701 seconds (0d 0h 0m 13s)

---------------  T H R E A D  ---------------

Current thread (0x0000023ccd4d8000):  JavaThread "C2 CompilerThread2" daemon [_thread_in_native, id=8204, stack(0x0000008eab500000,0x0000008eab600000)]


Current CompileTask:
C2:  13328 3495       4       org.codehaus.groovy.runtime.metaclass.MetaMethodIndex::addMethodToList (131 bytes)

Stack: [0x0000008eab500000,0x0000008eab600000]
Native frames: (J=compiled Java code, j=interpreted, Vv=VM code, C=native code)
V  [jvm.dll+0x6100fa]
V  [jvm.dll+0x747090]
V  [jvm.dll+0x7486ad]
V  [jvm.dll+0x748d83]
V  [jvm.dll+0x24ab48]
V  [jvm.dll+0xc04dc]
V  [jvm.dll+0xc0a0c]
V  [jvm.dll+0x35eb5b]
V  [jvm.dll+0x19d7bc]
V  [jvm.dll+0x2033be]
V  [jvm.dll+0x202437]
V  [jvm.dll+0x188e01]
V  [jvm.dll+0x21106b]
V  [jvm.dll+0x20f8c1]
V  [jvm.dll+0x70de0f]
V  [jvm.dll+0x706a75]
V  [jvm.dll+0x60ed66]
C  [ucrtbase.dll+0x29363]
C  [KERNEL32.DLL+0x126bd]
C  [ntdll.dll+0x5dfb8]


---------------  P R O C E S S  ---------------

Threads class SMR info:
_java_thread_list=0x0000023ccaa59f90, length=38, elements={
0x0000023cae4fa800, 0x0000023cc7ee6800, 0x0000023cc7f0b000, 0x0000023cc7f6e000,
0x0000023cc7f70000, 0x0000023cc7f74000, 0x0000023cc7f75800, 0x0000023cc7f76800,
0x0000023cc7f85800, 0x0000023cc80f8000, 0x0000023cca75d800, 0x0000023cc90a1000,
0x0000023ccb339000, 0x0000023cc9dcc000, 0x0000023cc9eda000, 0x0000023cc9dc3000,
0x0000023cc995c800, 0x0000023ccb2a7000, 0x0000023ccb114800, 0x0000023ccb0ff800,
0x0000023ccb3ab000, 0x0000023ccb3a9800, 0x0000023ccb3ad800, 0x0000023ccb3ae800,
0x0000023ccb3ad000, 0x0000023ccb3af800, 0x0000023ccb3ac000, 0x0000023ccabb8000,
0x0000023ccb3b0000, 0x0000023ccb3aa800, 0x0000023cc9f8d800, 0x0000023ccd4d8000,
0x0000023cc9f8c000, 0x0000023cc9f91000, 0x0000023cc9f8b000, 0x0000023cc9f91800,
0x0000023cc9f92800, 0x0000023cc9f8e800
}

Java Threads: ( => current thread )
  0x0000023cae4fa800 JavaThread "main" [_thread_blocked, id=16088, stack(0x0000008ea8700000,0x0000008ea8800000)]
  0x0000023cc7ee6800 JavaThread "Reference Handler" daemon [_thread_blocked, id=13960, stack(0x0000008ea8e00000,0x0000008ea8f00000)]
  0x0000023cc7f0b000 JavaThread "Finalizer" daemon [_thread_blocked, id=14996, stack(0x0000008ea8f00000,0x0000008ea9000000)]
  0x0000023cc7f6e000 JavaThread "Signal Dispatcher" daemon [_thread_blocked, id=9100, stack(0x0000008ea9000000,0x0000008ea9100000)]
  0x0000023cc7f70000 JavaThread "Attach Listener" daemon [_thread_blocked, id=1976, stack(0x0000008ea9100000,0x0000008ea9200000)]
  0x0000023cc7f74000 JavaThread "Service Thread" daemon [_thread_blocked, id=10352, stack(0x0000008ea9200000,0x0000008ea9300000)]
  0x0000023cc7f75800 JavaThread "C2 CompilerThread0" daemon [_thread_in_native, id=17024, stack(0x0000008ea9300000,0x0000008ea9400000)]
  0x0000023cc7f76800 JavaThread "C1 CompilerThread0" daemon [_thread_blocked, id=3176, stack(0x0000008ea9400000,0x0000008ea9500000)]
  0x0000023cc7f85800 JavaThread "Sweeper thread" daemon [_thread_blocked, id=1972, stack(0x0000008ea9500000,0x0000008ea9600000)]
  0x0000023cc80f8000 JavaThread "Common-Cleaner" daemon [_thread_blocked, id=17664, stack(0x0000008ea9600000,0x0000008ea9700000)]
  0x0000023cca75d800 JavaThread "Daemon health stats" [_thread_blocked, id=15580, stack(0x0000008ea9f00000,0x0000008eaa000000)]
  0x0000023cc90a1000 JavaThread "Incoming local TCP Connector on port 3374" [_thread_in_native, id=5696, stack(0x0000008ea9800000,0x0000008ea9900000)]
  0x0000023ccb339000 JavaThread "Daemon periodic checks" [_thread_blocked, id=9320, stack(0x0000008ea9e00000,0x0000008ea9f00000)]
  0x0000023cc9dcc000 JavaThread "Daemon" [_thread_blocked, id=13336, stack(0x0000008eaa000000,0x0000008eaa100000)]
  0x0000023cc9eda000 JavaThread "Handler for socket connection from /127.0.0.1:3374 to /127.0.0.1:3375" [_thread_in_native, id=3716, stack(0x0000008eaa100000,0x0000008eaa200000)]
  0x0000023cc9dc3000 JavaThread "Cancel handler" [_thread_blocked, id=4004, stack(0x0000008eaa200000,0x0000008eaa300000)]
  0x0000023cc995c800 JavaThread "Daemon worker" [_thread_in_vm, id=13412, stack(0x0000008eaa300000,0x0000008eaa400000)]
  0x0000023ccb2a7000 JavaThread "Asynchronous log dispatcher for DefaultDaemonConnection: socket connection from /127.0.0.1:3374 to /127.0.0.1:3375" [_thread_blocked, id=18308, stack(0x0000008eaa400000,0x0000008eaa500000)]
  0x0000023ccb114800 JavaThread "Stdin handler" [_thread_blocked, id=2788, stack(0x0000008eaa500000,0x0000008eaa600000)]
  0x0000023ccb0ff800 JavaThread "Daemon client event forwarder" [_thread_blocked, id=8920, stack(0x0000008eaa600000,0x0000008eaa700000)]
  0x0000023ccb3ab000 JavaThread "Cache worker for journal cache (C:\Users\Dell\.gradle\caches\journal-1)" [_thread_blocked, id=17376, stack(0x0000008eaa700000,0x0000008eaa800000)]
  0x0000023ccb3a9800 JavaThread "File lock request listener" [_thread_in_native, id=4732, stack(0x0000008eaa800000,0x0000008eaa900000)]
  0x0000023ccb3ad800 JavaThread "Cache worker for file hash cache (C:\Users\Dell\.gradle\caches\7.4\fileHashes)" [_thread_blocked, id=8196, stack(0x0000008eaa900000,0x0000008eaaa00000)]
  0x0000023ccb3ae800 JavaThread "File watcher server" daemon [_thread_in_native, id=3312, stack(0x0000008eaad00000,0x0000008eaae00000)]
  0x0000023ccb3ad000 JavaThread "File watcher consumer" daemon [_thread_blocked, id=15080, stack(0x0000008eaae00000,0x0000008eaaf00000)]
  0x0000023ccb3af800 JavaThread "Cache worker for checksums cache (G:\final_dart\android\.gradle\7.4\checksums)" [_thread_blocked, id=12488, stack(0x0000008eaaf00000,0x0000008eab000000)]
  0x0000023ccb3ac000 JavaThread "Cache worker for cache directory md-rule (C:\Users\Dell\.gradle\caches\7.4\md-rule)" [_thread_blocked, id=4052, stack(0x0000008eab000000,0x0000008eab100000)]
  0x0000023ccabb8000 JavaThread "C2 CompilerThread1" daemon [_thread_in_native, id=8832, stack(0x0000008eab100000,0x0000008eab200000)]
  0x0000023ccb3b0000 JavaThread "Cache worker for file hash cache (G:\final_dart\android\.gradle\7.4\fileHashes)" [_thread_blocked, id=7928, stack(0x0000008eab200000,0x0000008eab300000)]
  0x0000023ccb3aa800 JavaThread "Cache worker for cache directory md-supplier (C:\Users\Dell\.gradle\caches\7.4\md-supplier)" [_thread_blocked, id=3840, stack(0x0000008eab300000,0x0000008eab400000)]
  0x0000023cc9f8d800 JavaThread "Cache worker for execution history cache (C:\Users\Dell\.gradle\caches\7.4\executionHistory)" [_thread_blocked, id=10952, stack(0x0000008eab400000,0x0000008eab500000)]
=>0x0000023ccd4d8000 JavaThread "C2 CompilerThread2" daemon [_thread_in_native, id=8204, stack(0x0000008eab500000,0x0000008eab600000)]
  0x0000023cc9f8c000 JavaThread "jar transforms" [_thread_blocked, id=14612, stack(0x0000008eab600000,0x0000008eab700000)]
  0x0000023cc9f91000 JavaThread "jar transforms Thread 2" [_thread_blocked, id=1856, stack(0x0000008eab700000,0x0000008eab800000)]
  0x0000023cc9f8b000 JavaThread "Cache worker for file content cache (C:\Users\Dell\.gradle\caches\7.4\fileContent)" [_thread_blocked, id=17512, stack(0x0000008eab800000,0x0000008eab900000)]
  0x0000023cc9f91800 JavaThread "jar transforms Thread 3" [_thread_blocked, id=18100, stack(0x0000008eab900000,0x0000008eaba00000)]
  0x0000023cc9f92800 JavaThread "jar transforms Thread 4" [_thread_blocked, id=1472, stack(0x0000008eaba00000,0x0000008eabb00000)]
  0x0000023cc9f8e800 JavaThread "Cache worker for dependencies-accessors (G:\final_dart\android\.gradle\7.4\dependencies-accessors)" [_thread_blocked, id=2516, stack(0x0000008eabb00000,0x0000008eabc00000)]

Other Threads:
  0x0000023cc7ee4800 VMThread "VM Thread" [stack: 0x0000008ea8d00000,0x0000008ea8e00000] [id=7668]
  0x0000023cc8115000 WatcherThread [stack: 0x0000008ea9700000,0x0000008ea9800000] [id=14404]
  0x0000023cae50e800 GCTaskThread "GC Thread#0" [stack: 0x0000008ea8800000,0x0000008ea8900000] [id=12236]
  0x0000023cc9017800 GCTaskThread "GC Thread#1" [stack: 0x0000008ea9900000,0x0000008ea9a00000] [id=1616]
  0x0000023cc9201800 GCTaskThread "GC Thread#2" [stack: 0x0000008ea9a00000,0x0000008ea9b00000] [id=11924]
  0x0000023cc8f3e000 GCTaskThread "GC Thread#3" [stack: 0x0000008ea9b00000,0x0000008ea9c00000] [id=13084]
  0x0000023cc8cac800 GCTaskThread "GC Thread#4" [stack: 0x0000008ea9c00000,0x0000008ea9d00000] [id=9876]
  0x0000023cc8462800 GCTaskThread "GC Thread#5" [stack: 0x0000008ea9d00000,0x0000008ea9e00000] [id=17708]
  0x0000023cca0bf800 GCTaskThread "GC Thread#6" [stack: 0x0000008eaaa00000,0x0000008eaab00000] [id=14992]
  0x0000023cca31d800 GCTaskThread "GC Thread#7" [stack: 0x0000008eaab00000,0x0000008eaac00000] [id=1136]
  0x0000023cae537800 ConcurrentGCThread "G1 Main Marker" [stack: 0x0000008ea8900000,0x0000008ea8a00000] [id=5300]
  0x0000023cae538800 ConcurrentGCThread "G1 Conc#0" [stack: 0x0000008ea8a00000,0x0000008ea8b00000] [id=7580]
  0x0000023cc9db8800 ConcurrentGCThread "G1 Conc#1" [stack: 0x0000008eaac00000,0x0000008eaad00000] [id=6472]
  0x0000023cc754c800 ConcurrentGCThread "G1 Refine#0" [stack: 0x0000008ea8b00000,0x0000008ea8c00000] [id=6660]
  0x0000023cc754d000 ConcurrentGCThread "G1 Young RemSet Sampling" [stack: 0x0000008ea8c00000,0x0000008ea8d00000] [id=4760]

Threads with active compile tasks:
C2 CompilerThread0  13431 3558       4       org.objectweb.asm.Frame::execute (2318 bytes)
C2 CompilerThread1  13431 3584   !   4       java.util.concurrent.ConcurrentHashMap::computeIfAbsent (576 bytes)
C2 CompilerThread2  13432 3495       4       org.codehaus.groovy.runtime.metaclass.MetaMethodIndex::addMethodToList (131 bytes)

VM state:not at safepoint (normal execution)

VM Mutex/Monitor currently owned by a thread: None

Heap address: 0x00000000a0000000, size: 1536 MB, Compressed Oops mode: 32-bit
Narrow klass base: 0x0000000000000000, Narrow klass shift: 3
Compressed class space size: 1073741824 Address: 0x0000000100000000

Heap:
 garbage-first heap   total 262144K, used 106981K [0x00000000a0000000, 0x0000000100000000)
  region size 1024K, 87 young (89088K), 6 survivors (6144K)
 Metaspace       used 41589K, capacity 42534K, committed 42704K, reserved 1087488K
  class space    used 5279K, capacity 5652K, committed 5760K, reserved 1048576K
Heap Regions: E=young(eden), S=young(survivor), O=old, HS=humongous(starts), HC=humongous(continues), CS=collection set, F=free, A=archive, TAMS=top-at-mark-start (previous, next)
|   0|0x00000000a0000000, 0x00000000a0100000, 0x00000000a0100000|100%| O|  |TAMS 0x00000000a0100000, 0x00000000a0000000| Untracked 
|   1|0x00000000a0100000, 0x00000000a0200000, 0x00000000a0200000|100%| O|  |TAMS 0x00000000a0200000, 0x00000000a0100000| Untracked 
|   2|0x00000000a0200000, 0x00000000a0300000, 0x00000000a0300000|100%| O|  |TAMS 0x00000000a0300000, 0x00000000a0200000| Untracked 
|   3|0x00000000a0300000, 0x00000000a0400000, 0x00000000a0400000|100%|HS|  |TAMS 0x00000000a0400000, 0x00000000a0300000| Complete 
|   4|0x00000000a0400000, 0x00000000a0500000, 0x00000000a0500000|100%|HC|  |TAMS 0x00000000a0500000, 0x00000000a0400000| Complete 
|   5|0x00000000a0500000, 0x00000000a0600000, 0x00000000a0600000|100%|HC|  |TAMS 0x00000000a0600000, 0x00000000a0500000| Complete 
|   6|0x00000000a0600000, 0x00000000a0700000, 0x00000000a0700000|100%| O|  |TAMS 0x00000000a0700000, 0x00000000a0600000| Untracked 
|   7|0x00000000a0700000, 0x00000000a0800000, 0x00000000a0800000|100%| O|  |TAMS 0x00000000a0800000, 0x00000000a0700000| Untracked 
|   8|0x00000000a0800000, 0x00000000a0900000, 0x00000000a0900000|100%| O|  |TAMS 0x00000000a0900000, 0x00000000a0800000| Untracked 
|   9|0x00000000a0900000, 0x00000000a0a00000, 0x00000000a0a00000|100%| O|  |TAMS 0x00000000a0a00000, 0x00000000a0900000| Untracked 
|  10|0x00000000a0a00000, 0x00000000a0b00000, 0x00000000a0b00000|100%| O|  |TAMS 0x00000000a0b00000, 0x00000000a0a00000| Untracked 
|  11|0x00000000a0b00000, 0x00000000a0c00000, 0x00000000a0c00000|100%| O|  |TAMS 0x00000000a0c00000, 0x00000000a0b00000| Untracked 
|  12|0x00000000a0c00000, 0x00000000a0d00000, 0x00000000a0d00000|100%| O|  |TAMS 0x00000000a0d00000, 0x00000000a0c00000| Untracked 
|  13|0x00000000a0d00000, 0x00000000a0e00000, 0x00000000a0e00000|100%| O|  |TAMS 0x00000000a0e00000, 0x00000000a0d00000| Untracked 
|  14|0x00000000a0e00000, 0x00000000a0f00000, 0x00000000a0f00000|100%| O|  |TAMS 0x00000000a0f00000, 0x00000000a0e00000| Untracked 
|  15|0x00000000a0f00000, 0x00000000a1000000, 0x00000000a1000000|100%| O|  |TAMS 0x00000000a1000000, 0x00000000a0f00000| Untracked 
|  16|0x00000000a1000000, 0x00000000a10d4000, 0x00000000a1100000| 82%| O|  |TAMS 0x00000000a10d4000, 0x00000000a1000000| Untracked 
|  17|0x00000000a1100000, 0x00000000a1200000, 0x00000000a1200000|100%|HS|  |TAMS 0x00000000a1100000, 0x00000000a1100000| Complete 
|  18|0x00000000a1200000, 0x00000000a1300000, 0x00000000a1300000|100%|HS|  |TAMS 0x00000000a1200000, 0x00000000a1200000| Complete 
|  19|0x00000000a1300000, 0x00000000a1400000, 0x00000000a1400000|100%|HC|  |TAMS 0x00000000a1300000, 0x00000000a1300000| Complete 
|  20|0x00000000a1400000, 0x00000000a1400000, 0x00000000a1500000|  0%| F|  |TAMS 0x00000000a1400000, 0x00000000a1400000| Untracked 
|  21|0x00000000a1500000, 0x00000000a1500000, 0x00000000a1600000|  0%| F|  |TAMS 0x00000000a1500000, 0x00000000a1500000| Untracked 
|  22|0x00000000a1600000, 0x00000000a1600000, 0x00000000a1700000|  0%| F|  |TAMS 0x00000000a1600000, 0x00000000a1600000| Untracked 
|  23|0x00000000a1700000, 0x00000000a1700000, 0x00000000a1800000|  0%| F|  |TAMS 0x00000000a1700000, 0x00000000a1700000| Untracked 
|  24|0x00000000a1800000, 0x00000000a1800000, 0x00000000a1900000|  0%| F|  |TAMS 0x00000000a1800000, 0x00000000a1800000| Untracked 
|  25|0x00000000a1900000, 0x00000000a1900000, 0x00000000a1a00000|  0%| F|  |TAMS 0x00000000a1900000, 0x00000000a1900000| Untracked 
|  26|0x00000000a1a00000, 0x00000000a1a00000, 0x00000000a1b00000|  0%| F|  |TAMS 0x00000000a1a00000, 0x00000000a1a00000| Untracked 
|  27|0x00000000a1b00000, 0x00000000a1b00000, 0x00000000a1c00000|  0%| F|  |TAMS 0x00000000a1b00000, 0x00000000a1b00000| Untracked 
|  28|0x00000000a1c00000, 0x00000000a1c00000, 0x00000000a1d00000|  0%| F|  |TAMS 0x00000000a1c00000, 0x00000000a1c00000| Untracked 
|  29|0x00000000a1d00000, 0x00000000a1d00000, 0x00000000a1e00000|  0%| F|  |TAMS 0x00000000a1d00000, 0x00000000a1d00000| Untracked 
|  30|0x00000000a1e00000, 0x00000000a1e00000, 0x00000000a1f00000|  0%| F|  |TAMS 0x00000000a1e00000, 0x00000000a1e00000| Untracked 
|  31|0x00000000a1f00000, 0x00000000a1f00000, 0x00000000a2000000|  0%| F|  |TAMS 0x00000000a1f00000, 0x00000000a1f00000| Untracked 
|  32|0x00000000a2000000, 0x00000000a2000000, 0x00000000a2100000|  0%| F|  |TAMS 0x00000000a2000000, 0x00000000a2000000| Untracked 
|  33|0x00000000a2100000, 0x00000000a2100000, 0x00000000a2200000|  0%| F|  |TAMS 0x00000000a2100000, 0x00000000a2100000| Untracked 
|  34|0x00000000a2200000, 0x00000000a2200000, 0x00000000a2300000|  0%| F|  |TAMS 0x00000000a2200000, 0x00000000a2200000| Untracked 
|  35|0x00000000a2300000, 0x00000000a2300000, 0x00000000a2400000|  0%| F|  |TAMS 0x00000000a2300000, 0x00000000a2300000| Untracked 
|  36|0x00000000a2400000, 0x00000000a2400000, 0x00000000a2500000|  0%| F|  |TAMS 0x00000000a2400000, 0x00000000a2400000| Untracked 
|  37|0x00000000a2500000, 0x00000000a2500000, 0x00000000a2600000|  0%| F|  |TAMS 0x00000000a2500000, 0x00000000a2500000| Untracked 
|  38|0x00000000a2600000, 0x00000000a2600000, 0x00000000a2700000|  0%| F|  |TAMS 0x00000000a2600000, 0x00000000a2600000| Untracked 
|  39|0x00000000a2700000, 0x00000000a2700000, 0x00000000a2800000|  0%| F|  |TAMS 0x00000000a2700000, 0x00000000a2700000| Untracked 
|  40|0x00000000a2800000, 0x00000000a2800000, 0x00000000a2900000|  0%| F|  |TAMS 0x00000000a2800000, 0x00000000a2800000| Untracked 
|  41|0x00000000a2900000, 0x00000000a2900000, 0x00000000a2a00000|  0%| F|  |TAMS 0x00000000a2900000, 0x00000000a2900000| Untracked 
|  42|0x00000000a2a00000, 0x00000000a2a00000, 0x00000000a2b00000|  0%| F|  |TAMS 0x00000000a2a00000, 0x00000000a2a00000| Untracked 
|  43|0x00000000a2b00000, 0x00000000a2b00000, 0x00000000a2c00000|  0%| F|  |TAMS 0x00000000a2b00000, 0x00000000a2b00000| Untracked 
|  44|0x00000000a2c00000, 0x00000000a2c00000, 0x00000000a2d00000|  0%| F|  |TAMS 0x00000000a2c00000, 0x00000000a2c00000| Untracked 
|  45|0x00000000a2d00000, 0x00000000a2d00000, 0x00000000a2e00000|  0%| F|  |TAMS 0x00000000a2d00000, 0x00000000a2d00000| Untracked 
|  46|0x00000000a2e00000, 0x00000000a2e00000, 0x00000000a2f00000|  0%| F|  |TAMS 0x00000000a2e00000, 0x00000000a2e00000| Untracked 
|  47|0x00000000a2f00000, 0x00000000a2f00000, 0x00000000a3000000|  0%| F|  |TAMS 0x00000000a2f00000, 0x00000000a2f00000| Untracked 
|  48|0x00000000a3000000, 0x00000000a3000000, 0x00000000a3100000|  0%| F|  |TAMS 0x00000000a3000000, 0x00000000a3000000| Untracked 
|  49|0x00000000a3100000, 0x00000000a3100000, 0x00000000a3200000|  0%| F|  |TAMS 0x00000000a3100000, 0x00000000a3100000| Untracked 
|  50|0x00000000a3200000, 0x00000000a3200000, 0x00000000a3300000|  0%| F|  |TAMS 0x00000000a3200000, 0x00000000a3200000| Untracked 
|  51|0x00000000a3300000, 0x00000000a3300000, 0x00000000a3400000|  0%| F|  |TAMS 0x00000000a3300000, 0x00000000a3300000| Untracked 
|  52|0x00000000a3400000, 0x00000000a3400000, 0x00000000a3500000|  0%| F|  |TAMS 0x00000000a3400000, 0x00000000a3400000| Untracked 
|  53|0x00000000a3500000, 0x00000000a3500000, 0x00000000a3600000|  0%| F|  |TAMS 0x00000000a3500000, 0x00000000a3500000| Untracked 
|  54|0x00000000a3600000, 0x00000000a3600000, 0x00000000a3700000|  0%| F|  |TAMS 0x00000000a3600000, 0x00000000a3600000| Untracked 
|  55|0x00000000a3700000, 0x00000000a3700000, 0x00000000a3800000|  0%| F|  |TAMS 0x00000000a3700000, 0x00000000a3700000| Untracked 
|  56|0x00000000a3800000, 0x00000000a3800000, 0x00000000a3900000|  0%| F|  |TAMS 0x00000000a3800000, 0x00000000a3800000| Untracked 
|  57|0x00000000a3900000, 0x00000000a3900000, 0x00000000a3a00000|  0%| F|  |TAMS 0x00000000a3900000, 0x00000000a3900000| Untracked 
|  58|0x00000000a3a00000, 0x00000000a3a00000, 0x00000000a3b00000|  0%| F|  |TAMS 0x00000000a3a00000, 0x00000000a3a00000| Untracked 
|  59|0x00000000a3b00000, 0x00000000a3b00000, 0x00000000a3c00000|  0%| F|  |TAMS 0x00000000a3b00000, 0x00000000a3b00000| Untracked 
|  60|0x00000000a3c00000, 0x00000000a3c00000, 0x00000000a3d00000|  0%| F|  |TAMS 0x00000000a3c00000, 0x00000000a3c00000| Untracked 
|  61|0x00000000a3d00000, 0x00000000a3d00000, 0x00000000a3e00000|  0%| F|  |TAMS 0x00000000a3d00000, 0x00000000a3d00000| Untracked 
|  62|0x00000000a3e00000, 0x00000000a3e00000, 0x00000000a3f00000|  0%| F|  |TAMS 0x00000000a3e00000, 0x00000000a3e00000| Untracked 
|  63|0x00000000a3f00000, 0x00000000a3f00000, 0x00000000a4000000|  0%| F|  |TAMS 0x00000000a3f00000, 0x00000000a3f00000| Untracked 
|  64|0x00000000a4000000, 0x00000000a4000000, 0x00000000a4100000|  0%| F|  |TAMS 0x00000000a4000000, 0x00000000a4000000| Untracked 
|  65|0x00000000a4100000, 0x00000000a4100000, 0x00000000a4200000|  0%| F|  |TAMS 0x00000000a4100000, 0x00000000a4100000| Untracked 
|  66|0x00000000a4200000, 0x00000000a4200000, 0x00000000a4300000|  0%| F|  |TAMS 0x00000000a4200000, 0x00000000a4200000| Untracked 
|  67|0x00000000a4300000, 0x00000000a4300000, 0x00000000a4400000|  0%| F|  |TAMS 0x00000000a4300000, 0x00000000a4300000| Untracked 
|  68|0x00000000a4400000, 0x00000000a4400000, 0x00000000a4500000|  0%| F|  |TAMS 0x00000000a4400000, 0x00000000a4400000| Untracked 
|  69|0x00000000a4500000, 0x00000000a4500000, 0x00000000a4600000|  0%| F|  |TAMS 0x00000000a4500000, 0x00000000a4500000| Untracked 
|  70|0x00000000a4600000, 0x00000000a4600000, 0x00000000a4700000|  0%| F|  |TAMS 0x00000000a4600000, 0x00000000a4600000| Untracked 
|  71|0x00000000a4700000, 0x00000000a4700000, 0x00000000a4800000|  0%| F|  |TAMS 0x00000000a4700000, 0x00000000a4700000| Untracked 
|  72|0x00000000a4800000, 0x00000000a4800000, 0x00000000a4900000|  0%| F|  |TAMS 0x00000000a4800000, 0x00000000a4800000| Untracked 
|  73|0x00000000a4900000, 0x00000000a4900000, 0x00000000a4a00000|  0%| F|  |TAMS 0x00000000a4900000, 0x00000000a4900000| Untracked 
|  74|0x00000000a4a00000, 0x00000000a4a00000, 0x00000000a4b00000|  0%| F|  |TAMS 0x00000000a4a00000, 0x00000000a4a00000| Untracked 
|  75|0x00000000a4b00000, 0x00000000a4b00000, 0x00000000a4c00000|  0%| F|  |TAMS 0x00000000a4b00000, 0x00000000a4b00000| Untracked 
|  76|0x00000000a4c00000, 0x00000000a4c00000, 0x00000000a4d00000|  0%| F|  |TAMS 0x00000000a4c00000, 0x00000000a4c00000| Untracked 
|  77|0x00000000a4d00000, 0x00000000a4d00000, 0x00000000a4e00000|  0%| F|  |TAMS 0x00000000a4d00000, 0x00000000a4d00000| Untracked 
|  78|0x00000000a4e00000, 0x00000000a4e00000, 0x00000000a4f00000|  0%| F|  |TAMS 0x00000000a4e00000, 0x00000000a4e00000| Untracked 
|  79|0x00000000a4f00000, 0x00000000a4f00000, 0x00000000a5000000|  0%| F|  |TAMS 0x00000000a4f00000, 0x00000000a4f00000| Untracked 
|  80|0x00000000a5000000, 0x00000000a5000000, 0x00000000a5100000|  0%| F|  |TAMS 0x00000000a5000000, 0x00000000a5000000| Untracked 
|  81|0x00000000a5100000, 0x00000000a5100000, 0x00000000a5200000|  0%| F|  |TAMS 0x00000000a5100000, 0x00000000a5100000| Untracked 
|  82|0x00000000a5200000, 0x00000000a5200000, 0x00000000a5300000|  0%| F|  |TAMS 0x00000000a5200000, 0x00000000a5200000| Untracked 
|  83|0x00000000a5300000, 0x00000000a5300000, 0x00000000a5400000|  0%| F|  |TAMS 0x00000000a5300000, 0x00000000a5300000| Untracked 
|  84|0x00000000a5400000, 0x00000000a5400000, 0x00000000a5500000|  0%| F|  |TAMS 0x00000000a5400000, 0x00000000a5400000| Untracked 
|  85|0x00000000a5500000, 0x00000000a5500000, 0x00000000a5600000|  0%| F|  |TAMS 0x00000000a5500000, 0x00000000a5500000| Untracked 
|  86|0x00000000a5600000, 0x00000000a5600000, 0x00000000a5700000|  0%| F|  |TAMS 0x00000000a5600000, 0x00000000a5600000| Untracked 
|  87|0x00000000a5700000, 0x00000000a5700000, 0x00000000a5800000|  0%| F|  |TAMS 0x00000000a5700000, 0x00000000a5700000| Untracked 
|  88|0x00000000a5800000, 0x00000000a5800000, 0x00000000a5900000|  0%| F|  |TAMS 0x00000000a5800000, 0x00000000a5800000| Untracked 
|  89|0x00000000a5900000, 0x00000000a5900000, 0x00000000a5a00000|  0%| F|  |TAMS 0x00000000a5900000, 0x00000000a5900000| Untracked 
|  90|0x00000000a5a00000, 0x00000000a5a00000, 0x00000000a5b00000|  0%| F|  |TAMS 0x00000000a5a00000, 0x00000000a5a00000| Untracked 
|  91|0x00000000a5b00000, 0x00000000a5b00000, 0x00000000a5c00000|  0%| F|  |TAMS 0x00000000a5b00000, 0x00000000a5b00000| Untracked 
|  92|0x00000000a5c00000, 0x00000000a5c00000, 0x00000000a5d00000|  0%| F|  |TAMS 0x00000000a5c00000, 0x00000000a5c00000| Untracked 
|  93|0x00000000a5d00000, 0x00000000a5d00000, 0x00000000a5e00000|  0%| F|  |TAMS 0x00000000a5d00000, 0x00000000a5d00000| Untracked 
|  94|0x00000000a5e00000, 0x00000000a5e00000, 0x00000000a5f00000|  0%| F|  |TAMS 0x00000000a5e00000, 0x00000000a5e00000| Untracked 
|  95|0x00000000a5f00000, 0x00000000a5f00000, 0x00000000a6000000|  0%| F|  |TAMS 0x00000000a5f00000, 0x00000000a5f00000| Untracked 
|  96|0x00000000a6000000, 0x00000000a6000000, 0x00000000a6100000|  0%| F|  |TAMS 0x00000000a6000000, 0x00000000a6000000| Untracked 
|  97|0x00000000a6100000, 0x00000000a6100000, 0x00000000a6200000|  0%| F|  |TAMS 0x00000000a6100000, 0x00000000a6100000| Untracked 
|  98|0x00000000a6200000, 0x00000000a6200000, 0x00000000a6300000|  0%| F|  |TAMS 0x00000000a6200000, 0x00000000a6200000| Untracked 
|  99|0x00000000a6300000, 0x00000000a6300000, 0x00000000a6400000|  0%| F|  |TAMS 0x00000000a6300000, 0x00000000a6300000| Untracked 
| 100|0x00000000a6400000, 0x00000000a6400000, 0x00000000a6500000|  0%| F|  |TAMS 0x00000000a6400000, 0x00000000a6400000| Untracked 
| 101|0x00000000a6500000, 0x00000000a6500000, 0x00000000a6600000|  0%| F|  |TAMS 0x00000000a6500000, 0x00000000a6500000| Untracked 
| 102|0x00000000a6600000, 0x00000000a6600000, 0x00000000a6700000|  0%| F|  |TAMS 0x00000000a6600000, 0x00000000a6600000| Untracked 
| 103|0x00000000a6700000, 0x00000000a6700000, 0x00000000a6800000|  0%| F|  |TAMS 0x00000000a6700000, 0x00000000a6700000| Untracked 
| 104|0x00000000a6800000, 0x00000000a6800000, 0x00000000a6900000|  0%| F|  |TAMS 0x00000000a6800000, 0x00000000a6800000| Untracked 
| 105|0x00000000a6900000, 0x00000000a6900000, 0x00000000a6a00000|  0%| F|  |TAMS 0x00000000a6900000, 0x00000000a6900000| Untracked 
| 106|0x00000000a6a00000, 0x00000000a6a00000, 0x00000000a6b00000|  0%| F|  |TAMS 0x00000000a6a00000, 0x00000000a6a00000| Untracked 
| 107|0x00000000a6b00000, 0x00000000a6b00000, 0x00000000a6c00000|  0%| F|  |TAMS 0x00000000a6b00000, 0x00000000a6b00000| Untracked 
| 108|0x00000000a6c00000, 0x00000000a6c00000, 0x00000000a6d00000|  0%| F|  |TAMS 0x00000000a6c00000, 0x00000000a6c00000| Untracked 
| 109|0x00000000a6d00000, 0x00000000a6d00000, 0x00000000a6e00000|  0%| F|  |TAMS 0x00000000a6d00000, 0x00000000a6d00000| Untracked 
| 110|0x00000000a6e00000, 0x00000000a6e00000, 0x00000000a6f00000|  0%| F|  |TAMS 0x00000000a6e00000, 0x00000000a6e00000| Untracked 
| 111|0x00000000a6f00000, 0x00000000a6f00000, 0x00000000a7000000|  0%| F|  |TAMS 0x00000000a6f00000, 0x00000000a6f00000| Untracked 
| 112|0x00000000a7000000, 0x00000000a7000000, 0x00000000a7100000|  0%| F|  |TAMS 0x00000000a7000000, 0x00000000a7000000| Untracked 
| 113|0x00000000a7100000, 0x00000000a7100000, 0x00000000a7200000|  0%| F|  |TAMS 0x00000000a7100000, 0x00000000a7100000| Untracked 
| 114|0x00000000a7200000, 0x00000000a7200000, 0x00000000a7300000|  0%| F|  |TAMS 0x00000000a7200000, 0x00000000a7200000| Untracked 
| 115|0x00000000a7300000, 0x00000000a7300000, 0x00000000a7400000|  0%| F|  |TAMS 0x00000000a7300000, 0x00000000a7300000| Untracked 
| 116|0x00000000a7400000, 0x00000000a7400000, 0x00000000a7500000|  0%| F|  |TAMS 0x00000000a7400000, 0x00000000a7400000| Untracked 
| 117|0x00000000a7500000, 0x00000000a7500000, 0x00000000a7600000|  0%| F|  |TAMS 0x00000000a7500000, 0x00000000a7500000| Untracked 
| 118|0x00000000a7600000, 0x00000000a7600000, 0x00000000a7700000|  0%| F|  |TAMS 0x00000000a7600000, 0x00000000a7600000| Untracked 
| 119|0x00000000a7700000, 0x00000000a7700000, 0x00000000a7800000|  0%| F|  |TAMS 0x00000000a7700000, 0x00000000a7700000| Untracked 
| 120|0x00000000a7800000, 0x00000000a7800000, 0x00000000a7900000|  0%| F|  |TAMS 0x00000000a7800000, 0x00000000a7800000| Untracked 
| 121|0x00000000a7900000, 0x00000000a7900000, 0x00000000a7a00000|  0%| F|  |TAMS 0x00000000a7900000, 0x00000000a7900000| Untracked 
| 122|0x00000000a7a00000, 0x00000000a7a00000, 0x00000000a7b00000|  0%| F|  |TAMS 0x00000000a7a00000, 0x00000000a7a00000| Untracked 
| 123|0x00000000a7b00000, 0x00000000a7b00000, 0x00000000a7c00000|  0%| F|  |TAMS 0x00000000a7b00000, 0x00000000a7b00000| Untracked 
| 124|0x00000000a7c00000, 0x00000000a7c00000, 0x00000000a7d00000|  0%| F|  |TAMS 0x00000000a7c00000, 0x00000000a7c00000| Untracked 
| 125|0x00000000a7d00000, 0x00000000a7d00000, 0x00000000a7e00000|  0%| F|  |TAMS 0x00000000a7d00000, 0x00000000a7d00000| Untracked 
| 126|0x00000000a7e00000, 0x00000000a7e00000, 0x00000000a7f00000|  0%| F|  |TAMS 0x00000000a7e00000, 0x00000000a7e00000| Untracked 
| 127|0x00000000a7f00000, 0x00000000a7f00000, 0x00000000a8000000|  0%| F|  |TAMS 0x00000000a7f00000, 0x00000000a7f00000| Untracked 
| 128|0x00000000a8000000, 0x00000000a8000000, 0x00000000a8100000|  0%| F|  |TAMS 0x00000000a8000000, 0x00000000a8000000| Untracked 
| 129|0x00000000a8100000, 0x00000000a8100000, 0x00000000a8200000|  0%| F|  |TAMS 0x00000000a8100000, 0x00000000a8100000| Untracked 
| 130|0x00000000a8200000, 0x00000000a8200000, 0x00000000a8300000|  0%| F|  |TAMS 0x00000000a8200000, 0x00000000a8200000| Untracked 
| 131|0x00000000a8300000, 0x00000000a8300000, 0x00000000a8400000|  0%| F|  |TAMS 0x00000000a8300000, 0x00000000a8300000| Untracked 
| 132|0x00000000a8400000, 0x00000000a8400000, 0x00000000a8500000|  0%| F|  |TAMS 0x00000000a8400000, 0x00000000a8400000| Untracked 
| 133|0x00000000a8500000, 0x00000000a8500000, 0x00000000a8600000|  0%| F|  |TAMS 0x00000000a8500000, 0x00000000a8500000| Untracked 
| 134|0x00000000a8600000, 0x00000000a8600000, 0x00000000a8700000|  0%| F|  |TAMS 0x00000000a8600000, 0x00000000a8600000| Untracked 
| 135|0x00000000a8700000, 0x00000000a8700000, 0x00000000a8800000|  0%| F|  |TAMS 0x00000000a8700000, 0x00000000a8700000| Untracked 
| 136|0x00000000a8800000, 0x00000000a8800000, 0x00000000a8900000|  0%| F|  |TAMS 0x00000000a8800000, 0x00000000a8800000| Untracked 
| 137|0x00000000a8900000, 0x00000000a8900000, 0x00000000a8a00000|  0%| F|  |TAMS 0x00000000a8900000, 0x00000000a8900000| Untracked 
| 138|0x00000000a8a00000, 0x00000000a8a00000, 0x00000000a8b00000|  0%| F|  |TAMS 0x00000000a8a00000, 0x00000000a8a00000| Untracked 
| 139|0x00000000a8b00000, 0x00000000a8b00000, 0x00000000a8c00000|  0%| F|  |TAMS 0x00000000a8b00000, 0x00000000a8b00000| Untracked 
| 140|0x00000000a8c00000, 0x00000000a8c00000, 0x00000000a8d00000|  0%| F|  |TAMS 0x00000000a8c00000, 0x00000000a8c00000| Untracked 
| 141|0x00000000a8d00000, 0x00000000a8d00000, 0x00000000a8e00000|  0%| F|  |TAMS 0x00000000a8d00000, 0x00000000a8d00000| Untracked 
| 142|0x00000000a8e00000, 0x00000000a8e00000, 0x00000000a8f00000|  0%| F|  |TAMS 0x00000000a8e00000, 0x00000000a8e00000| Untracked 
| 143|0x00000000a8f00000, 0x00000000a8f00000, 0x00000000a9000000|  0%| F|  |TAMS 0x00000000a8f00000, 0x00000000a8f00000| Untracked 
| 144|0x00000000a9000000, 0x00000000a9000000, 0x00000000a9100000|  0%| F|  |TAMS 0x00000000a9000000, 0x00000000a9000000| Untracked 
| 145|0x00000000a9100000, 0x00000000a9100000, 0x00000000a9200000|  0%| F|  |TAMS 0x00000000a9100000, 0x00000000a9100000| Untracked 
| 146|0x00000000a9200000, 0x00000000a9200000, 0x00000000a9300000|  0%| F|  |TAMS 0x00000000a9200000, 0x00000000a9200000| Untracked 
| 147|0x00000000a9300000, 0x00000000a9300000, 0x00000000a9400000|  0%| F|  |TAMS 0x00000000a9300000, 0x00000000a9300000| Untracked 
| 148|0x00000000a9400000, 0x00000000a9400000, 0x00000000a9500000|  0%| F|  |TAMS 0x00000000a9400000, 0x00000000a9400000| Untracked 
| 149|0x00000000a9500000, 0x00000000a9500000, 0x00000000a9600000|  0%| F|  |TAMS 0x00000000a9500000, 0x00000000a9500000| Untracked 
| 150|0x00000000a9600000, 0x00000000a9600000, 0x00000000a9700000|  0%| F|  |TAMS 0x00000000a9600000, 0x00000000a9600000| Untracked 
| 151|0x00000000a9700000, 0x00000000a9700000, 0x00000000a9800000|  0%| F|  |TAMS 0x00000000a9700000, 0x00000000a9700000| Untracked 
| 152|0x00000000a9800000, 0x00000000a9800000, 0x00000000a9900000|  0%| F|  |TAMS 0x00000000a9800000, 0x00000000a9800000| Untracked 
| 153|0x00000000a9900000, 0x00000000a9900000, 0x00000000a9a00000|  0%| F|  |TAMS 0x00000000a9900000, 0x00000000a9900000| Untracked 
| 154|0x00000000a9a00000, 0x00000000a9a00000, 0x00000000a9b00000|  0%| F|  |TAMS 0x00000000a9a00000, 0x00000000a9a00000| Untracked 
| 155|0x00000000a9b00000, 0x00000000a9b00000, 0x00000000a9c00000|  0%| F|  |TAMS 0x00000000a9b00000, 0x00000000a9b00000| Untracked 
| 156|0x00000000a9c00000, 0x00000000a9c00000, 0x00000000a9d00000|  0%| F|  |TAMS 0x00000000a9c00000, 0x00000000a9c00000| Untracked 
| 157|0x00000000a9d00000, 0x00000000a9d00000, 0x00000000a9e00000|  0%| F|  |TAMS 0x00000000a9d00000, 0x00000000a9d00000| Untracked 
| 158|0x00000000a9e00000, 0x00000000a9e00000, 0x00000000a9f00000|  0%| F|  |TAMS 0x00000000a9e00000, 0x00000000a9e00000| Untracked 
| 159|0x00000000a9f00000, 0x00000000a9f00000, 0x00000000aa000000|  0%| F|  |TAMS 0x00000000a9f00000, 0x00000000a9f00000| Untracked 
| 160|0x00000000aa000000, 0x00000000aa000000, 0x00000000aa100000|  0%| F|  |TAMS 0x00000000aa000000, 0x00000000aa000000| Untracked 
| 161|0x00000000aa100000, 0x00000000aa100000, 0x00000000aa200000|  0%| F|  |TAMS 0x00000000aa100000, 0x00000000aa100000| Untracked 
| 162|0x00000000aa200000, 0x00000000aa200000, 0x00000000aa300000|  0%| F|  |TAMS 0x00000000aa200000, 0x00000000aa200000| Untracked 
| 163|0x00000000aa300000, 0x00000000aa300000, 0x00000000aa400000|  0%| F|  |TAMS 0x00000000aa300000, 0x00000000aa300000| Untracked 
| 164|0x00000000aa400000, 0x00000000aa400000, 0x00000000aa500000|  0%| F|  |TAMS 0x00000000aa400000, 0x00000000aa400000| Untracked 
| 165|0x00000000aa500000, 0x00000000aa500000, 0x00000000aa600000|  0%| F|  |TAMS 0x00000000aa500000, 0x00000000aa500000| Untracked 
| 166|0x00000000aa600000, 0x00000000aa600000, 0x00000000aa700000|  0%| F|  |TAMS 0x00000000aa600000, 0x00000000aa600000| Untracked 
| 167|0x00000000aa700000, 0x00000000aa700000, 0x00000000aa800000|  0%| F|  |TAMS 0x00000000aa700000, 0x00000000aa700000| Untracked 
| 168|0x00000000aa800000, 0x00000000aa880800, 0x00000000aa900000| 50%| E|  |TAMS 0x00000000aa800000, 0x00000000aa800000| Complete 
| 169|0x00000000aa900000, 0x00000000aaa00000, 0x00000000aaa00000|100%| E|CS|TAMS 0x00000000aa900000, 0x00000000aa900000| Complete 
| 170|0x00000000aaa00000, 0x00000000aab00000, 0x00000000aab00000|100%| E|CS|TAMS 0x00000000aaa00000, 0x00000000aaa00000| Complete 
| 171|0x00000000aab00000, 0x00000000aac00000, 0x00000000aac00000|100%| E|CS|TAMS 0x00000000aab00000, 0x00000000aab00000| Complete 
| 172|0x00000000aac00000, 0x00000000aad00000, 0x00000000aad00000|100%| E|CS|TAMS 0x00000000aac00000, 0x00000000aac00000| Complete 
| 173|0x00000000aad00000, 0x00000000aae00000, 0x00000000aae00000|100%| E|CS|TAMS 0x00000000aad00000, 0x00000000aad00000| Complete 
| 174|0x00000000aae00000, 0x00000000aaf00000, 0x00000000aaf00000|100%| E|CS|TAMS 0x00000000aae00000, 0x00000000aae00000| Complete 
| 175|0x00000000aaf00000, 0x00000000ab000000, 0x00000000ab000000|100%| E|CS|TAMS 0x00000000aaf00000, 0x00000000aaf00000| Complete 
| 176|0x00000000ab000000, 0x00000000ab100000, 0x00000000ab100000|100%| E|CS|TAMS 0x00000000ab000000, 0x00000000ab000000| Complete 
| 177|0x00000000ab100000, 0x00000000ab200000, 0x00000000ab200000|100%| E|CS|TAMS 0x00000000ab100000, 0x00000000ab100000| Complete 
| 178|0x00000000ab200000, 0x00000000ab300000, 0x00000000ab300000|100%| E|CS|TAMS 0x00000000ab200000, 0x00000000ab200000| Complete 
| 179|0x00000000ab300000, 0x00000000ab400000, 0x00000000ab400000|100%| E|CS|TAMS 0x00000000ab300000, 0x00000000ab300000| Complete 
| 180|0x00000000ab400000, 0x00000000ab500000, 0x00000000ab500000|100%| E|CS|TAMS 0x00000000ab400000, 0x00000000ab400000| Complete 
| 181|0x00000000ab500000, 0x00000000ab600000, 0x00000000ab600000|100%| E|CS|TAMS 0x00000000ab500000, 0x00000000ab500000| Complete 
| 182|0x00000000ab600000, 0x00000000ab700000, 0x00000000ab700000|100%| E|CS|TAMS 0x00000000ab600000, 0x00000000ab600000| Complete 
| 183|0x00000000ab700000, 0x00000000ab800000, 0x00000000ab800000|100%| E|CS|TAMS 0x00000000ab700000, 0x00000000ab700000| Complete 
| 184|0x00000000ab800000, 0x00000000ab900000, 0x00000000ab900000|100%| E|CS|TAMS 0x00000000ab800000, 0x00000000ab800000| Complete 
| 185|0x00000000ab900000, 0x00000000aba00000, 0x00000000aba00000|100%| E|CS|TAMS 0x00000000ab900000, 0x00000000ab900000| Complete 
| 186|0x00000000aba00000, 0x00000000abb00000, 0x00000000abb00000|100%| E|CS|TAMS 0x00000000aba00000, 0x00000000aba00000| Complete 
| 187|0x00000000abb00000, 0x00000000abc00000, 0x00000000abc00000|100%| E|CS|TAMS 0x00000000abb00000, 0x00000000abb00000| Complete 
| 188|0x00000000abc00000, 0x00000000abd00000, 0x00000000abd00000|100%| E|CS|TAMS 0x00000000abc00000, 0x00000000abc00000| Complete 
| 189|0x00000000abd00000, 0x00000000abe00000, 0x00000000abe00000|100%| E|CS|TAMS 0x00000000abd00000, 0x00000000abd00000| Complete 
| 190|0x00000000abe00000, 0x00000000abf00000, 0x00000000abf00000|100%| E|CS|TAMS 0x00000000abe00000, 0x00000000abe00000| Complete 
| 191|0x00000000abf00000, 0x00000000ac000000, 0x00000000ac000000|100%| E|CS|TAMS 0x00000000abf00000, 0x00000000abf00000| Complete 
| 192|0x00000000ac000000, 0x00000000ac100000, 0x00000000ac100000|100%| E|CS|TAMS 0x00000000ac000000, 0x00000000ac000000| Complete 
| 193|0x00000000ac100000, 0x00000000ac200000, 0x00000000ac200000|100%| E|CS|TAMS 0x00000000ac100000, 0x00000000ac100000| Complete 
| 194|0x00000000ac200000, 0x00000000ac300000, 0x00000000ac300000|100%| E|CS|TAMS 0x00000000ac200000, 0x00000000ac200000| Complete 
| 195|0x00000000ac300000, 0x00000000ac400000, 0x00000000ac400000|100%| E|CS|TAMS 0x00000000ac300000, 0x00000000ac300000| Complete 
| 196|0x00000000ac400000, 0x00000000ac500000, 0x00000000ac500000|100%| E|CS|TAMS 0x00000000ac400000, 0x00000000ac400000| Complete 
| 197|0x00000000ac500000, 0x00000000ac600000, 0x00000000ac600000|100%| E|CS|TAMS 0x00000000ac500000, 0x00000000ac500000| Complete 
| 198|0x00000000ac600000, 0x00000000ac700000, 0x00000000ac700000|100%| E|CS|TAMS 0x00000000ac600000, 0x00000000ac600000| Complete 
| 199|0x00000000ac700000, 0x00000000ac800000, 0x00000000ac800000|100%| E|CS|TAMS 0x00000000ac700000, 0x00000000ac700000| Complete 
| 200|0x00000000ac800000, 0x00000000ac900000, 0x00000000ac900000|100%| E|CS|TAMS 0x00000000ac800000, 0x00000000ac800000| Complete 
| 201|0x00000000ac900000, 0x00000000aca00000, 0x00000000aca00000|100%| E|CS|TAMS 0x00000000ac900000, 0x00000000ac900000| Complete 
| 202|0x00000000aca00000, 0x00000000acb00000, 0x00000000acb00000|100%| E|CS|TAMS 0x00000000aca00000, 0x00000000aca00000| Complete 
| 203|0x00000000acb00000, 0x00000000acc00000, 0x00000000acc00000|100%| E|CS|TAMS 0x00000000acb00000, 0x00000000acb00000| Complete 
| 204|0x00000000acc00000, 0x00000000acd00000, 0x00000000acd00000|100%| E|CS|TAMS 0x00000000acc00000, 0x00000000acc00000| Complete 
| 205|0x00000000acd00000, 0x00000000ace00000, 0x00000000ace00000|100%| E|CS|TAMS 0x00000000acd00000, 0x00000000acd00000| Complete 
| 206|0x00000000ace00000, 0x00000000acf00000, 0x00000000acf00000|100%| E|CS|TAMS 0x00000000ace00000, 0x00000000ace00000| Complete 
| 207|0x00000000acf00000, 0x00000000ad000000, 0x00000000ad000000|100%| E|CS|TAMS 0x00000000acf00000, 0x00000000acf00000| Complete 
| 208|0x00000000ad000000, 0x00000000ad100000, 0x00000000ad100000|100%| E|CS|TAMS 0x00000000ad000000, 0x00000000ad000000| Complete 
| 209|0x00000000ad100000, 0x00000000ad200000, 0x00000000ad200000|100%| E|CS|TAMS 0x00000000ad100000, 0x00000000ad100000| Complete 
| 210|0x00000000ad200000, 0x00000000ad300000, 0x00000000ad300000|100%| E|CS|TAMS 0x00000000ad200000, 0x00000000ad200000| Complete 
| 211|0x00000000ad300000, 0x00000000ad400000, 0x00000000ad400000|100%| E|CS|TAMS 0x00000000ad300000, 0x00000000ad300000| Complete 
| 212|0x00000000ad400000, 0x00000000ad500000, 0x00000000ad500000|100%| E|CS|TAMS 0x00000000ad400000, 0x00000000ad400000| Complete 
| 213|0x00000000ad500000, 0x00000000ad600000, 0x00000000ad600000|100%| E|CS|TAMS 0x00000000ad500000, 0x00000000ad500000| Complete 
| 214|0x00000000ad600000, 0x00000000ad700000, 0x00000000ad700000|100%| E|CS|TAMS 0x00000000ad600000, 0x00000000ad600000| Complete 
| 215|0x00000000ad700000, 0x00000000ad800000, 0x00000000ad800000|100%| E|CS|TAMS 0x00000000ad700000, 0x00000000ad700000| Complete 
| 216|0x00000000ad800000, 0x00000000ad900000, 0x00000000ad900000|100%| E|CS|TAMS 0x00000000ad800000, 0x00000000ad800000| Complete 
| 217|0x00000000ad900000, 0x00000000ada00000, 0x00000000ada00000|100%| E|CS|TAMS 0x00000000ad900000, 0x00000000ad900000| Complete 
| 218|0x00000000ada00000, 0x00000000adb00000, 0x00000000adb00000|100%| E|CS|TAMS 0x00000000ada00000, 0x00000000ada00000| Complete 
| 219|0x00000000adb00000, 0x00000000adc00000, 0x00000000adc00000|100%| E|CS|TAMS 0x00000000adb00000, 0x00000000adb00000| Complete 
| 220|0x00000000adc00000, 0x00000000add00000, 0x00000000add00000|100%| E|CS|TAMS 0x00000000adc00000, 0x00000000adc00000| Complete 
| 221|0x00000000add00000, 0x00000000ade00000, 0x00000000ade00000|100%| E|CS|TAMS 0x00000000add00000, 0x00000000add00000| Complete 
| 222|0x00000000ade00000, 0x00000000adf00000, 0x00000000adf00000|100%| E|CS|TAMS 0x00000000ade00000, 0x00000000ade00000| Complete 
| 223|0x00000000adf00000, 0x00000000ae000000, 0x00000000ae000000|100%| E|CS|TAMS 0x00000000adf00000, 0x00000000adf00000| Complete 
| 224|0x00000000ae000000, 0x00000000ae100000, 0x00000000ae100000|100%| E|CS|TAMS 0x00000000ae000000, 0x00000000ae000000| Complete 
| 225|0x00000000ae100000, 0x00000000ae200000, 0x00000000ae200000|100%| E|CS|TAMS 0x00000000ae100000, 0x00000000ae100000| Complete 
| 226|0x00000000ae200000, 0x00000000ae300000, 0x00000000ae300000|100%| E|CS|TAMS 0x00000000ae200000, 0x00000000ae200000| Complete 
| 227|0x00000000ae300000, 0x00000000ae400000, 0x00000000ae400000|100%| E|CS|TAMS 0x00000000ae300000, 0x00000000ae300000| Complete 
| 228|0x00000000ae400000, 0x00000000ae500000, 0x00000000ae500000|100%| E|CS|TAMS 0x00000000ae400000, 0x00000000ae400000| Complete 
| 229|0x00000000ae500000, 0x00000000ae600000, 0x00000000ae600000|100%| E|CS|TAMS 0x00000000ae500000, 0x00000000ae500000| Complete 
| 230|0x00000000ae600000, 0x00000000ae700000, 0x00000000ae700000|100%| E|CS|TAMS 0x00000000ae600000, 0x00000000ae600000| Complete 
| 231|0x00000000ae700000, 0x00000000ae800000, 0x00000000ae800000|100%| E|CS|TAMS 0x00000000ae700000, 0x00000000ae700000| Complete 
| 232|0x00000000ae800000, 0x00000000ae900000, 0x00000000ae900000|100%| E|CS|TAMS 0x00000000ae800000, 0x00000000ae800000| Complete 
| 233|0x00000000ae900000, 0x00000000aea00000, 0x00000000aea00000|100%| E|CS|TAMS 0x00000000ae900000, 0x00000000ae900000| Complete 
| 234|0x00000000aea00000, 0x00000000aeb00000, 0x00000000aeb00000|100%| E|CS|TAMS 0x00000000aea00000, 0x00000000aea00000| Complete 
| 235|0x00000000aeb00000, 0x00000000aec00000, 0x00000000aec00000|100%| E|CS|TAMS 0x00000000aeb00000, 0x00000000aeb00000| Complete 
| 236|0x00000000aec00000, 0x00000000aed00000, 0x00000000aed00000|100%| E|CS|TAMS 0x00000000aec00000, 0x00000000aec00000| Complete 
| 237|0x00000000aed00000, 0x00000000aee00000, 0x00000000aee00000|100%| E|CS|TAMS 0x00000000aed00000, 0x00000000aed00000| Complete 
| 238|0x00000000aee00000, 0x00000000aef00000, 0x00000000aef00000|100%| E|CS|TAMS 0x00000000aee00000, 0x00000000aee00000| Complete 
| 239|0x00000000aef00000, 0x00000000af000000, 0x00000000af000000|100%| E|CS|TAMS 0x00000000aef00000, 0x00000000aef00000| Complete 
| 240|0x00000000af000000, 0x00000000af100000, 0x00000000af100000|100%| E|CS|TAMS 0x00000000af000000, 0x00000000af000000| Complete 
| 241|0x00000000af100000, 0x00000000af200000, 0x00000000af200000|100%| E|CS|TAMS 0x00000000af100000, 0x00000000af100000| Complete 
| 242|0x00000000af200000, 0x00000000af300000, 0x00000000af300000|100%| E|CS|TAMS 0x00000000af200000, 0x00000000af200000| Complete 
| 243|0x00000000af300000, 0x00000000af400000, 0x00000000af400000|100%| E|CS|TAMS 0x00000000af300000, 0x00000000af300000| Complete 
| 244|0x00000000af400000, 0x00000000af500000, 0x00000000af500000|100%| E|CS|TAMS 0x00000000af400000, 0x00000000af400000| Complete 
| 245|0x00000000af500000, 0x00000000af5a5558, 0x00000000af600000| 64%| S|CS|TAMS 0x00000000af500000, 0x00000000af500000| Complete 
| 246|0x00000000af600000, 0x00000000af700000, 0x00000000af700000|100%| S|CS|TAMS 0x00000000af600000, 0x00000000af600000| Complete 
| 247|0x00000000af700000, 0x00000000af800000, 0x00000000af800000|100%| S|CS|TAMS 0x00000000af700000, 0x00000000af700000| Complete 
| 248|0x00000000af800000, 0x00000000af900000, 0x00000000af900000|100%| S|CS|TAMS 0x00000000af800000, 0x00000000af800000| Complete 
| 249|0x00000000af900000, 0x00000000afa00000, 0x00000000afa00000|100%| S|CS|TAMS 0x00000000af900000, 0x00000000af900000| Complete 
| 250|0x00000000afa00000, 0x00000000afb00000, 0x00000000afb00000|100%| S|CS|TAMS 0x00000000afa00000, 0x00000000afa00000| Complete 
| 251|0x00000000afb00000, 0x00000000afc00000, 0x00000000afc00000|100%| E|  |TAMS 0x00000000afb00000, 0x00000000afb00000| Complete 
| 252|0x00000000afc00000, 0x00000000afd00000, 0x00000000afd00000|100%| E|CS|TAMS 0x00000000afc00000, 0x00000000afc00000| Complete 
| 253|0x00000000afd00000, 0x00000000afe00000, 0x00000000afe00000|100%| E|CS|TAMS 0x00000000afd00000, 0x00000000afd00000| Complete 
| 254|0x00000000afe00000, 0x00000000aff00000, 0x00000000aff00000|100%| E|CS|TAMS 0x00000000afe00000, 0x00000000afe00000| Complete 
| 255|0x00000000aff00000, 0x00000000b0000000, 0x00000000b0000000|100%| E|CS|TAMS 0x00000000aff00000, 0x00000000aff00000| Complete 

Card table byte_map: [0x0000023cc1610000,0x0000023cc1910000] _byte_map_base: 0x0000023cc1110000

Marking Bits (Prev, Next): (CMBitMap*) 0x0000023cae530858, (CMBitMap*) 0x0000023cae530890
 Prev Bits: [0x0000023cc1c10000, 0x0000023cc3410000)
 Next Bits: [0x0000023cc3410000, 0x0000023cc4c10000)

Polling page: 0x0000023cadca0000

Metaspace:

Usage:
  Non-class:     36.08 MB capacity,    35.51 MB ( 98%) used,   492.84 KB (  1%) free+waste,    97.63 KB ( <1%) overhead. 
      Class:      5.52 MB capacity,     5.17 MB ( 94%) used,   318.20 KB (  6%) free+waste,    46.56 KB ( <1%) overhead. 
       Both:     41.61 MB capacity,    40.67 MB ( 98%) used,   811.04 KB (  2%) free+waste,   144.19 KB ( <1%) overhead. 

Virtual space:
  Non-class space:       38.00 MB reserved,      36.33 MB ( 96%) committed 
      Class space:        1.00 GB reserved,       5.63 MB ( <1%) committed 
             Both:        1.04 GB reserved,      41.95 MB (  4%) committed 

Chunk freelists:
   Non-Class:  58.00 KB
       Class:  10.00 KB
        Both:  68.00 KB

MaxMetaspaceSize: 17179869184.00 GB
CompressedClassSpaceSize: 1.00 GB
Initial GC threshold: 20.80 MB
Current GC threshold: 58.88 MB
CDS: off

CodeHeap 'non-profiled nmethods': size=120000Kb used=2046Kb max_used=2046Kb free=117953Kb
 bounds [0x0000023cb9ab0000, 0x0000023cb9d20000, 0x0000023cc0fe0000]
CodeHeap 'profiled nmethods': size=120000Kb used=7684Kb max_used=7684Kb free=112315Kb
 bounds [0x0000023cb2580000, 0x0000023cb2d10000, 0x0000023cb9ab0000]
CodeHeap 'non-nmethods': size=5760Kb used=2270Kb max_used=2324Kb free=3489Kb
 bounds [0x0000023cb1fe0000, 0x0000023cb2250000, 0x0000023cb2580000]
 total_blobs=4330 nmethods=3568 adapters=674
 compilation: enabled
              stopped_count=0, restarted_count=0
 full_count=0

Compilation events (20 events):
Event: 13.207 Thread 0x0000023ccabb8000 nmethod 3569 0x0000023cb9ca9e10 code [0x0000023cb9ca9fe0, 0x0000023cb9caa938]
Event: 13.207 Thread 0x0000023ccabb8000 3570       4       jdk.internal.jimage.BasicImageReader::getString (48 bytes)
Event: 13.219 Thread 0x0000023cc7f76800 3572       3       java.util.regex.Pattern::compile (10 bytes)
Event: 13.219 Thread 0x0000023cc7f76800 nmethod 3572 0x0000023cb2cf9b10 code [0x0000023cb2cf9cc0, 0x0000023cb2cf9e48]
Event: 13.227 Thread 0x0000023cc7f76800 3573       3       java.lang.ThreadLocal::set (30 bytes)
Event: 13.227 Thread 0x0000023cc7f76800 nmethod 3573 0x0000023cb2cf9f10 code [0x0000023cb2cfa100, 0x0000023cb2cfa448]
Event: 13.255 Thread 0x0000023cc7f76800 3575       3       sun.reflect.generics.scope.AbstractScope::lookup (66 bytes)
Event: 13.256 Thread 0x0000023cc7f76800 nmethod 3575 0x0000023cb2cfa590 code [0x0000023cb2cfa7c0, 0x0000023cb2cfaf68]
Event: 13.266 Thread 0x0000023ccabb8000 nmethod 3570 0x0000023cb9caae10 code [0x0000023cb9cab000, 0x0000023cb9cabdf8]
Event: 13.266 Thread 0x0000023ccabb8000 3571 %     4       java.io.WinNTFileSystem::normalize @ 58 (224 bytes)
Event: 13.267 Thread 0x0000023cc7f76800 3576       3       com.google.common.collect.ObjectArrays::checkElementNotNull (36 bytes)
Event: 13.268 Thread 0x0000023cc7f76800 nmethod 3576 0x0000023cb2cfb210 code [0x0000023cb2cfb480, 0x0000023cb2cfbcd8]
Event: 13.289 Thread 0x0000023cc7f76800 3578       3       sun.reflect.generics.parser.SignatureParser::parseZeroOrMoreTypeSignatures (174 bytes)
Event: 13.290 Thread 0x0000023cc7f76800 nmethod 3578 0x0000023cb2cfc010 code [0x0000023cb2cfc2a0, 0x0000023cb2cfd148]
Event: 13.290 Thread 0x0000023cc7f76800 3577       3       sun.reflect.generics.parser.SignatureParser::parseFormalParameters (47 bytes)
Event: 13.291 Thread 0x0000023cc7f76800 nmethod 3577 0x0000023cb2cfd590 code [0x0000023cb2cfd7a0, 0x0000023cb2cfdac8]
Event: 13.291 Thread 0x0000023cc7f76800 3579       1       java.lang.reflect.Constructor::getSharedParameterTypes (5 bytes)
Event: 13.291 Thread 0x0000023cc7f76800 nmethod 3579 0x0000023cb9cac890 code [0x0000023cb9caca40, 0x0000023cb9cacaf8]
Event: 13.299 Thread 0x0000023cc7f76800 3580       3       java.lang.Long::bitCount (61 bytes)
Event: 13.299 Thread 0x0000023cc7f76800 nmethod 3580 0x0000023cb2cfdc90 code [0x0000023cb2cfde40, 0x0000023cb2cfdf98]

GC Heap History (10 events):
Event: 0.988 GC heap before
{Heap before GC invocations=0 (full 0):
 garbage-first heap   total 262144K, used 29696K [0x00000000a0000000, 0x0000000100000000)
  region size 1024K, 24 young (24576K), 0 survivors (0K)
 Metaspace       used 9802K, capacity 9960K, committed 10112K, reserved 1058816K
  class space    used 1006K, capacity 1069K, committed 1152K, reserved 1048576K
}
Event: 0.995 GC heap after
{Heap after GC invocations=1 (full 0):
 garbage-first heap   total 262144K, used 9483K [0x00000000a0000000, 0x0000000100000000)
  region size 1024K, 3 young (3072K), 3 survivors (3072K)
 Metaspace       used 9802K, capacity 9960K, committed 10112K, reserved 1058816K
  class space    used 1006K, capacity 1069K, committed 1152K, reserved 1048576K
}
Event: 4.608 GC heap before
{Heap before GC invocations=1 (full 0):
 garbage-first heap   total 262144K, used 107787K [0x00000000a0000000, 0x0000000100000000)
  region size 1024K, 100 young (102400K), 3 survivors (3072K)
 Metaspace       used 20718K, capacity 21162K, committed 21296K, reserved 1069056K
  class space    used 2492K, capacity 2658K, committed 2688K, reserved 1048576K
}
Event: 4.621 GC heap after
{Heap after GC invocations=2 (full 0):
 garbage-first heap   total 262144K, used 17318K [0x00000000a0000000, 0x0000000100000000)
  region size 1024K, 11 young (11264K), 11 survivors (11264K)
 Metaspace       used 20718K, capacity 21162K, committed 21296K, reserved 1069056K
  class space    used 2492K, capacity 2658K, committed 2688K, reserved 1048576K
}
Event: 4.886 GC heap before
{Heap before GC invocations=3 (full 0):
 garbage-first heap   total 262144K, used 39846K [0x00000000a0000000, 0x0000000100000000)
  region size 1024K, 33 young (33792K), 11 survivors (11264K)
 Metaspace       used 22519K, capacity 23053K, committed 23216K, reserved 1069056K
  class space    used 2824K, capacity 3036K, committed 3072K, reserved 1048576K
}
Event: 4.895 GC heap after
{Heap after GC invocations=4 (full 0):
 garbage-first heap   total 262144K, used 18487K [0x00000000a0000000, 0x0000000100000000)
  region size 1024K, 2 young (2048K), 2 survivors (2048K)
 Metaspace       used 22519K, capacity 23053K, committed 23216K, reserved 1069056K
  class space    used 2824K, capacity 3036K, committed 3072K, reserved 1048576K
}
Event: 11.047 GC heap before
{Heap before GC invocations=4 (full 0):
 garbage-first heap   total 262144K, used 107575K [0x00000000a0000000, 0x0000000100000000)
  region size 1024K, 89 young (91136K), 2 survivors (2048K)
 Metaspace       used 32637K, capacity 33322K, committed 33456K, reserved 1079296K
  class space    used 4222K, capacity 4485K, committed 4608K, reserved 1048576K
}
Event: 11.054 GC heap after
{Heap after GC invocations=5 (full 0):
 garbage-first heap   total 262144K, used 21868K [0x00000000a0000000, 0x0000000100000000)
  region size 1024K, 5 young (5120K), 5 survivors (5120K)
 Metaspace       used 32637K, capacity 33322K, committed 33456K, reserved 1079296K
  class space    used 4222K, capacity 4485K, committed 4608K, reserved 1048576K
}
Event: 11.263 GC heap before
{Heap before GC invocations=5 (full 0):
 garbage-first heap   total 262144K, used 25964K [0x00000000a0000000, 0x0000000100000000)
  region size 1024K, 10 young (10240K), 5 survivors (5120K)
 Metaspace       used 35048K, capacity 35781K, committed 35920K, reserved 1081344K
  class space    used 4466K, capacity 4774K, committed 4864K, reserved 1048576K
}
Event: 11.274 GC heap after
{Heap after GC invocations=6 (full 0):
 garbage-first heap   total 262144K, used 23013K [0x00000000a0000000, 0x0000000100000000)
  region size 1024K, 6 young (6144K), 6 survivors (6144K)
 Metaspace       used 35048K, capacity 35781K, committed 35920K, reserved 1081344K
  class space    used 4466K, capacity 4774K, committed 4864K, reserved 1048576K
}

Deoptimization events (20 events):
Event: 13.206 Thread 0x0000023cc995c800 Uncommon trap: trap_request=0xffffffbe fr.pc=0x0000023cb9c569c8 relative=0x0000000000000968
Event: 13.206 Thread 0x0000023cc995c800 Uncommon trap: reason=profile_predicate action=maybe_recompile pc=0x0000023cb9c569c8 method=jdk.internal.jimage.ImageStringsReader.charsFromByteBuffer([CLjava/nio/ByteBuffer;)V @ 6 c2
Event: 13.206 Thread 0x0000023cc995c800 DEOPT PACKING pc=0x0000023cb9c569c8 sp=0x0000008eaa3f7f40
Event: 13.206 Thread 0x0000023cc995c800 DEOPT UNPACKING pc=0x0000023cb202a1af sp=0x0000008eaa3f7e18 mode 2
Event: 13.206 Thread 0x0000023cc995c800 Uncommon trap: trap_request=0xffffffbe fr.pc=0x0000023cb9c569c8 relative=0x0000000000000968
Event: 13.206 Thread 0x0000023cc995c800 Uncommon trap: reason=profile_predicate action=maybe_recompile pc=0x0000023cb9c569c8 method=jdk.internal.jimage.ImageStringsReader.charsFromByteBuffer([CLjava/nio/ByteBuffer;)V @ 6 c2
Event: 13.206 Thread 0x0000023cc995c800 DEOPT PACKING pc=0x0000023cb9c569c8 sp=0x0000008eaa3f7f40
Event: 13.206 Thread 0x0000023cc995c800 DEOPT UNPACKING pc=0x0000023cb202a1af sp=0x0000008eaa3f7e18 mode 2
Event: 13.206 Thread 0x0000023cc995c800 Uncommon trap: trap_request=0xffffffbe fr.pc=0x0000023cb9c569c8 relative=0x0000000000000968
Event: 13.206 Thread 0x0000023cc995c800 Uncommon trap: reason=profile_predicate action=maybe_recompile pc=0x0000023cb9c569c8 method=jdk.internal.jimage.ImageStringsReader.charsFromByteBuffer([CLjava/nio/ByteBuffer;)V @ 6 c2
Event: 13.207 Thread 0x0000023cc995c800 DEOPT PACKING pc=0x0000023cb9c569c8 sp=0x0000008eaa3f7f40
Event: 13.207 Thread 0x0000023cc995c800 DEOPT UNPACKING pc=0x0000023cb202a1af sp=0x0000008eaa3f7e18 mode 2
Event: 13.234 Thread 0x0000023cc995c800 Uncommon trap: trap_request=0xffffffbe fr.pc=0x0000023cb9caa804 relative=0x0000000000000824
Event: 13.234 Thread 0x0000023cc995c800 Uncommon trap: reason=profile_predicate action=maybe_recompile pc=0x0000023cb9caa804 method=java.lang.PublicMethods$MethodList.filter([Ljava/lang/reflect/Method;Ljava/lang/String;[Ljava/lang/Class;Z)Ljava/lang/PublicMethods$MethodList; @ 21 c2
Event: 13.234 Thread 0x0000023cc995c800 DEOPT PACKING pc=0x0000023cb9caa804 sp=0x0000008eaa3f9940
Event: 13.234 Thread 0x0000023cc995c800 DEOPT UNPACKING pc=0x0000023cb202a1af sp=0x0000008eaa3f98f8 mode 2
Event: 13.235 Thread 0x0000023cc995c800 Uncommon trap: trap_request=0xffffffbe fr.pc=0x0000023cb9caa804 relative=0x0000000000000824
Event: 13.235 Thread 0x0000023cc995c800 Uncommon trap: reason=profile_predicate action=maybe_recompile pc=0x0000023cb9caa804 method=java.lang.PublicMethods$MethodList.filter([Ljava/lang/reflect/Method;Ljava/lang/String;[Ljava/lang/Class;Z)Ljava/lang/PublicMethods$MethodList; @ 21 c2
Event: 13.235 Thread 0x0000023cc995c800 DEOPT PACKING pc=0x0000023cb9caa804 sp=0x0000008eaa3f9940
Event: 13.235 Thread 0x0000023cc995c800 DEOPT UNPACKING pc=0x0000023cb202a1af sp=0x0000008eaa3f98f8 mode 2

Classes redefined (0 events):
No events

Internal exceptions (20 events):
Event: 12.390 Thread 0x0000023cc995c800 Exception <a 'java/lang/ClassNotFoundException'{0x00000000ace2b170}: java/util/DictionaryBeanInfo> (0x00000000ace2b170) thrown at [./src/hotspot/share/classfile/systemDictionary.cpp, line 231]
Event: 12.391 Thread 0x0000023cc995c800 Exception <a 'java/lang/ClassNotFoundException'{0x00000000ace2f5f8}: java/util/DictionaryCustomizer> (0x00000000ace2f5f8) thrown at [./src/hotspot/share/classfile/systemDictionary.cpp, line 231]
Event: 12.393 Thread 0x0000023cc995c800 Exception <a 'java/lang/ClassNotFoundException'{0x00000000ace39938}: java/util/HashtableCustomizer> (0x00000000ace39938) thrown at [./src/hotspot/share/classfile/systemDictionary.cpp, line 231]
Event: 12.397 Thread 0x0000023cc995c800 Exception <a 'java/lang/ClassNotFoundException'{0x00000000ace588a0}: java/util/PropertiesCustomizer> (0x00000000ace588a0) thrown at [./src/hotspot/share/classfile/systemDictionary.cpp, line 231]
Event: 12.408 Thread 0x0000023cc995c800 Exception <a 'java/lang/ClassNotFoundException'{0x00000000aced11f0}: groovy/lang/ReferenceBeanInfo> (0x00000000aced11f0) thrown at [./src/hotspot/share/classfile/systemDictionary.cpp, line 231]
Event: 12.410 Thread 0x0000023cc995c800 Exception <a 'java/lang/ClassNotFoundException'{0x00000000acd07088}: groovy/lang/ReferenceCustomizer> (0x00000000acd07088) thrown at [./src/hotspot/share/classfile/systemDictionary.cpp, line 231]
Event: 12.529 Thread 0x0000023cc995c800 Exception <a 'java/lang/ClassNotFoundException'{0x00000000accc4970}: groovy/lang/Closure$1BeanInfo> (0x00000000accc4970) thrown at [./src/hotspot/share/classfile/systemDictionary.cpp, line 231]
Event: 12.531 Thread 0x0000023cc995c800 Exception <a 'java/lang/ClassNotFoundException'{0x00000000accf9e50}: groovy/lang/ClosureBeanInfo> (0x00000000accf9e50) thrown at [./src/hotspot/share/classfile/systemDictionary.cpp, line 231]
Event: 12.533 Thread 0x0000023cc995c800 Exception <a 'java/lang/ClassNotFoundException'{0x00000000acb35778}: groovy/lang/ClosureCustomizer> (0x00000000acb35778) thrown at [./src/hotspot/share/classfile/systemDictionary.cpp, line 231]
Event: 12.540 Thread 0x0000023cc995c800 Exception <a 'java/lang/ClassNotFoundException'{0x00000000acb8d580}: groovy/lang/Closure$1Customizer> (0x00000000acb8d580) thrown at [./src/hotspot/share/classfile/systemDictionary.cpp, line 231]
Event: 12.604 Thread 0x0000023cc995c800 Exception <a 'java/lang/ClassNotFoundException'{0x00000000ac93ceb0}: groovy/lang/GString$1BeanInfo> (0x00000000ac93ceb0) thrown at [./src/hotspot/share/classfile/systemDictionary.cpp, line 231]
Event: 12.606 Thread 0x0000023cc995c800 Exception <a 'java/lang/ClassNotFoundException'{0x00000000ac972390}: groovy/lang/GStringBeanInfo> (0x00000000ac972390) thrown at [./src/hotspot/share/classfile/systemDictionary.cpp, line 231]
Event: 12.609 Thread 0x0000023cc995c800 Exception <a 'java/lang/ClassNotFoundException'{0x00000000ac9a7bd8}: groovy/lang/GStringCustomizer> (0x00000000ac9a7bd8) thrown at [./src/hotspot/share/classfile/systemDictionary.cpp, line 231]
Event: 12.617 Thread 0x0000023cc995c800 Exception <a 'java/lang/ClassNotFoundException'{0x00000000ac9e70e0}: groovy/lang/GString$1Customizer> (0x00000000ac9e70e0) thrown at [./src/hotspot/share/classfile/systemDictionary.cpp, line 231]
Event: 12.638 Thread 0x0000023cc995c800 Exception <a 'java/lang/ClassNotFoundException'{0x00000000ac59ee98}: org/codehaus/groovy/runtime/GStringImplBeanInfo> (0x00000000ac59ee98) thrown at [./src/hotspot/share/classfile/systemDictionary.cpp, line 231]
Event: 12.653 Thread 0x0000023cc995c800 Exception <a 'java/lang/ClassNotFoundException'{0x00000000ac252490}: org/codehaus/groovy/runtime/GStringImplCustomizer> (0x00000000ac252490) thrown at [./src/hotspot/share/classfile/systemDictionary.cpp, line 231]
Event: 12.672 Thread 0x0000023cc995c800 Exception <a 'java/lang/ClassNotFoundException'{0x00000000ac2c9780}: org/gradle/api/internal/plugins/DefaultObjectConfigurationActionBeanInfo> (0x00000000ac2c9780) thrown at [./src/hotspot/share/classfile/systemDictionary.cpp, line 231]
Event: 12.676 Thread 0x0000023cc995c800 Exception <a 'java/lang/ClassNotFoundException'{0x00000000ac2f6238}: org/gradle/api/internal/plugins/DefaultObjectConfigurationActionCustomizer> (0x00000000ac2f6238) thrown at [./src/hotspot/share/classfile/systemDictionary.cpp, line 231]
Event: 12.816 Thread 0x0000023cc995c800 Exception <a 'java/lang/ClassNotFoundException'{0x00000000abc0c538}: app_plugin_loader_3w1iyle7cao2g8b8g8ai1xyctBeanInfo> (0x00000000abc0c538) thrown at [./src/hotspot/share/classfile/systemDictionary.cpp, line 231]
Event: 12.818 Thread 0x0000023cc995c800 Exception <a 'java/lang/ClassNotFoundException'{0x00000000abc127f0}: app_plugin_loader_3w1iyle7cao2g8b8g8ai1xyctCustomizer> (0x00000000abc127f0) thrown at [./src/hotspot/share/classfile/systemDictionary.cpp, line 231]

Events (20 events):
Event: 13.306 loading class org/gradle/model/internal/manage/binding/StructBindings
Event: 13.306 loading class org/gradle/model/internal/manage/binding/StructBindings done
Event: 13.307 loading class org/gradle/internal/reflect/Types$TypeVisitor
Event: 13.307 loading class org/gradle/internal/reflect/Types$TypeVisitor done
Event: 13.308 loading class org/gradle/model/internal/manage/binding/StructMethodBinding
Event: 13.308 loading class org/gradle/model/internal/manage/binding/StructMethodBinding done
Event: 13.309 loading class org/gradle/model/internal/manage/instance/ManagedProxyFactory$1
Event: 13.309 loading class org/gradle/model/internal/manage/instance/ManagedProxyFactory$1 done
Event: 13.311 loading class org/gradle/model/internal/manage/schema/extract/ManagedProxyClassGenerator
Event: 13.311 loading class org/gradle/model/internal/manage/schema/extract/ManagedProxyClassGenerator done
Event: 13.316 loading class org/gradle/internal/reflect/UnsupportedPropertyValueException
Event: 13.316 loading class org/gradle/internal/reflect/UnsupportedPropertyValueException done
Event: 13.319 loading class org/gradle/model/internal/manage/instance/GeneratedViewState
Event: 13.319 loading class org/gradle/model/internal/manage/instance/GeneratedViewState done
Event: 13.319 loading class org/gradle/model/internal/manage/instance/ModelElementState
Event: 13.319 loading class org/gradle/model/internal/manage/instance/ModelElementState done
Event: 13.320 loading class org/gradle/model/internal/manage/schema/extract/ManagedProxyClassGenerator$GeneratedView
Event: 13.320 loading class org/gradle/model/internal/manage/schema/extract/ManagedProxyClassGenerator$GeneratedView done
Event: 13.321 loading class org/gradle/model/internal/manage/instance/ManagedInstance
Event: 13.321 loading class org/gradle/model/internal/manage/instance/ManagedInstance done


Dynamic libraries:
0x00007ff70af50000 - 0x00007ff70af5a000 	C:\Program Files\Android\Android Studio\jre\bin\java.exe
0x00007ffd80930000 - 0x00007ffd80b44000 	C:\WINDOWS\SYSTEM32\ntdll.dll
0x00007ffd35d40000 - 0x00007ffd35d57000 	C:\Program Files\Avast Software\Avast\aswhook.dll
0x00007ffd7e990000 - 0x00007ffd7ea53000 	C:\WINDOWS\System32\KERNEL32.DLL
0x00007ffd7e380000 - 0x00007ffd7e71d000 	C:\WINDOWS\System32\KERNELBASE.dll
0x00007ffd7de10000 - 0x00007ffd7df21000 	C:\WINDOWS\System32\ucrtbase.dll
0x00007ffd77f60000 - 0x00007ffd77f79000 	C:\Program Files\Android\Android Studio\jre\bin\jli.dll
0x00007ffd76a20000 - 0x00007ffd76a37000 	C:\Program Files\Android\Android Studio\jre\bin\VCRUNTIME140.dll
0x00007ffd80600000 - 0x00007ffd807ad000 	C:\WINDOWS\System32\USER32.dll
0x00007ffd7df30000 - 0x00007ffd7df56000 	C:\WINDOWS\System32\win32u.dll
0x00007ffd80380000 - 0x00007ffd803a9000 	C:\WINDOWS\System32\GDI32.dll
0x00007ffd7e0d0000 - 0x00007ffd7e1e2000 	C:\WINDOWS\System32\gdi32full.dll
0x00007ffd5b770000 - 0x00007ffd5b9fe000 	C:\WINDOWS\WinSxS\amd64_microsoft.windows.common-controls_6595b64144ccf1df_6.0.22621.608_none_a9444ca7c10bb01d\COMCTL32.dll
0x00007ffd807b0000 - 0x00007ffd80857000 	C:\WINDOWS\System32\msvcrt.dll
0x00007ffd7e260000 - 0x00007ffd7e2fa000 	C:\WINDOWS\System32\msvcp_win.dll
0x00007ffd80340000 - 0x00007ffd80372000 	C:\WINDOWS\System32\IMM32.DLL
0x0000000055260000 - 0x000000005526c000 	C:\Program Files (x86)\360\Total Security\safemon\SafeWrapper.dll
0x00007ffd803b0000 - 0x00007ffd8045e000 	C:\WINDOWS\System32\ADVAPI32.dll
0x00007ffd800d0000 - 0x00007ffd80174000 	C:\WINDOWS\System32\sechost.dll
0x00007ffd7fdb0000 - 0x00007ffd7fec5000 	C:\WINDOWS\System32\RPCRT4.dll
0x00007ffcf86f0000 - 0x00007ffcf8782000 	C:\Program Files (x86)\360\Total Security\safemon\libzdtp64.dll
0x00007ffd7f4e0000 - 0x00007ffd7fccf000 	C:\WINDOWS\System32\SHELL32.dll
0x00007ffd7e930000 - 0x00007ffd7e98e000 	C:\WINDOWS\System32\SHLWAPI.dll
0x00007ffd76600000 - 0x00007ffd7660a000 	C:\WINDOWS\SYSTEM32\VERSION.dll
0x00007ffd627d0000 - 0x00007ffd6286d000 	C:\Program Files\Android\Android Studio\jre\bin\msvcp140.dll
0x00007ffd24d20000 - 0x00007ffd25822000 	C:\Program Files\Android\Android Studio\jre\bin\server\jvm.dll
0x00007ffd7e920000 - 0x00007ffd7e928000 	C:\WINDOWS\System32\PSAPI.DLL
0x00007ffd76850000 - 0x00007ffd76884000 	C:\WINDOWS\SYSTEM32\WINMM.dll
0x00007ffd68c70000 - 0x00007ffd68c79000 	C:\WINDOWS\SYSTEM32\WSOCK32.dll
0x00007ffd7fd30000 - 0x00007ffd7fda1000 	C:\WINDOWS\System32\WS2_32.dll
0x00007ffd7ce90000 - 0x00007ffd7cea8000 	C:\WINDOWS\SYSTEM32\kernel.appcore.dll
0x00007ffd76a00000 - 0x00007ffd76a11000 	C:\Program Files\Android\Android Studio\jre\bin\verify.dll
0x00007ffd7b7b0000 - 0x00007ffd7b9de000 	C:\WINDOWS\SYSTEM32\DBGHELP.DLL
0x00007ffd7f150000 - 0x00007ffd7f4da000 	C:\WINDOWS\System32\combase.dll
0x00007ffd7fff0000 - 0x00007ffd800c7000 	C:\WINDOWS\System32\OLEAUT32.dll
0x00007ffd726e0000 - 0x00007ffd72712000 	C:\WINDOWS\SYSTEM32\dbgcore.DLL
0x00007ffd7e300000 - 0x00007ffd7e37b000 	C:\WINDOWS\System32\bcryptPrimitives.dll
0x00007ffd76990000 - 0x00007ffd769b9000 	C:\Program Files\Android\Android Studio\jre\bin\java.dll
0x00007ffd792f0000 - 0x00007ffd792fb000 	C:\Program Files\Android\Android Studio\jre\bin\jimage.dll
0x00007ffd6af40000 - 0x00007ffd6af58000 	C:\Program Files\Android\Android Studio\jre\bin\zip.dll
0x00007ffd7bd80000 - 0x00007ffd7c648000 	C:\WINDOWS\SYSTEM32\windows.storage.dll
0x00007ffd7bc40000 - 0x00007ffd7bd7e000 	C:\WINDOWS\SYSTEM32\wintypes.dll
0x00007ffd7e790000 - 0x00007ffd7e881000 	C:\WINDOWS\System32\SHCORE.dll
0x00007ffd7dc80000 - 0x00007ffd7dca1000 	C:\WINDOWS\SYSTEM32\profapi.dll
0x00007ffd630e0000 - 0x00007ffd630fa000 	C:\Program Files\Android\Android Studio\jre\bin\net.dll
0x00007ffd76610000 - 0x00007ffd7673f000 	C:\WINDOWS\SYSTEM32\WINHTTP.dll
0x00007ffd7d300000 - 0x00007ffd7d369000 	C:\WINDOWS\system32\mswsock.dll
0x00007ffd630c0000 - 0x00007ffd630d4000 	C:\Program Files\Android\Android Studio\jre\bin\nio.dll
0x00007ffce7c50000 - 0x00007ffce7c77000 	C:\Users\Dell\.gradle\native\e1d6ef7f7dcc3fd88c89a11ec53ec762bb8ba0a96d01ffa2cd45eb1d1d8dd5c5\windows-amd64\native-platform.dll
0x00007ffce6fe0000 - 0x00007ffce7124000 	C:\Users\Dell\.gradle\native\0d407fdbe67a94daf76414ababcb853783967236a71b16ec16e742cd7a986fd3\windows-amd64\native-platform-file-events.dll
0x00007ffd769f0000 - 0x00007ffd769fa000 	C:\Program Files\Android\Android Studio\jre\bin\management.dll
0x00007ffd76980000 - 0x00007ffd7698d000 	C:\Program Files\Android\Android Studio\jre\bin\management_ext.dll
0x00007ffd7d550000 - 0x00007ffd7d56b000 	C:\WINDOWS\SYSTEM32\CRYPTSP.dll
0x00007ffd7ce00000 - 0x00007ffd7ce35000 	C:\WINDOWS\system32\rsaenh.dll
0x00007ffd7d3f0000 - 0x00007ffd7d418000 	C:\WINDOWS\SYSTEM32\USERENV.dll
0x00007ffd7d710000 - 0x00007ffd7d738000 	C:\WINDOWS\SYSTEM32\bcrypt.dll
0x00007ffd7d570000 - 0x00007ffd7d57c000 	C:\WINDOWS\SYSTEM32\CRYPTBASE.dll
0x00007ffd7c910000 - 0x00007ffd7c93d000 	C:\WINDOWS\SYSTEM32\IPHLPAPI.DLL
0x00007ffd7fcd0000 - 0x00007ffd7fcd9000 	C:\WINDOWS\System32\NSI.dll
0x00007ffd75f30000 - 0x00007ffd75f49000 	C:\WINDOWS\SYSTEM32\dhcpcsvc6.DLL
0x00007ffd75f10000 - 0x00007ffd75f2f000 	C:\WINDOWS\SYSTEM32\dhcpcsvc.DLL
0x00007ffd7c980000 - 0x00007ffd7ca72000 	C:\WINDOWS\SYSTEM32\DNSAPI.dll

dbghelp: loaded successfully - version: 4.0.5 - missing functions: none
symbol engine: initialized successfully - sym options: 0x614 - pdb path: .;C:\Program Files\Android\Android Studio\jre\bin;C:\WINDOWS\SYSTEM32;C:\Program Files\Avast Software\Avast;C:\WINDOWS\WinSxS\amd64_microsoft.windows.common-controls_6595b64144ccf1df_6.0.22621.608_none_a9444ca7c10bb01d;C:\Program Files (x86)\360\Total Security\safemon;C:\Program Files\Android\Android Studio\jre\bin\server;C:\Users\Dell\.gradle\native\e1d6ef7f7dcc3fd88c89a11ec53ec762bb8ba0a96d01ffa2cd45eb1d1d8dd5c5\windows-amd64;C:\Users\Dell\.gradle\native\0d407fdbe67a94daf76414ababcb853783967236a71b16ec16e742cd7a986fd3\windows-amd64

VM Arguments:
jvm_args: --add-opens=java.base/java.util=ALL-UNNAMED --add-opens=java.base/java.lang=ALL-UNNAMED --add-opens=java.base/java.lang.invoke=ALL-UNNAMED --add-opens=java.base/java.util=ALL-UNNAMED --add-opens=java.prefs/java.util.prefs=ALL-UNNAMED --add-opens=java.prefs/java.util.prefs=ALL-UNNAMED --add-opens=java.base/java.nio.charset=ALL-UNNAMED --add-opens=java.base/java.net=ALL-UNNAMED --add-opens=java.base/java.util.concurrent.atomic=ALL-UNNAMED -Xmx1536M -Dfile.encoding=windows-1252 -Duser.country=US -Duser.language=en -Duser.variant 
java_command: org.gradle.launcher.daemon.bootstrap.GradleDaemon 7.4
java_class_path (initial): C:\Users\Dell\.gradle\wrapper\dists\gradle-7.4-all\aadb4xli5jkdsnukm30eibyiu\gradle-7.4\lib\gradle-launcher-7.4.jar
Launcher Type: SUN_STANDARD

[Global flags]
     intx CICompilerCount                          = 4                                         {product} {ergonomic}
     uint ConcGCThreads                            = 2                                         {product} {ergonomic}
     uint G1ConcRefinementThreads                  = 8                                         {product} {ergonomic}
   size_t G1HeapRegionSize                         = 1048576                                   {product} {ergonomic}
    uintx GCDrainStackTargetSize                   = 64                                        {product} {ergonomic}
   size_t InitialHeapSize                          = 268435456                                 {product} {ergonomic}
   size_t MarkStackSize                            = 4194304                                   {product} {ergonomic}
   size_t MaxHeapSize                              = 1610612736                                {product} {command line}
   size_t MaxNewSize                               = 965738496                                 {product} {ergonomic}
   size_t MinHeapDeltaBytes                        = 1048576                                   {product} {ergonomic}
    uintx NonNMethodCodeHeapSize                   = 5836300                                {pd product} {ergonomic}
    uintx NonProfiledCodeHeapSize                  = 122910970                              {pd product} {ergonomic}
    uintx ProfiledCodeHeapSize                     = 122910970                              {pd product} {ergonomic}
    uintx ReservedCodeCacheSize                    = 251658240                              {pd product} {ergonomic}
     bool SegmentedCodeCache                       = true                                      {product} {ergonomic}
     bool UseCompressedClassPointers               = true                                 {lp64_product} {ergonomic}
     bool UseCompressedOops                        = true                                 {lp64_product} {ergonomic}
     bool UseG1GC                                  = true                                      {product} {ergonomic}
     bool UseLargePagesIndividualAllocation        = false                                  {pd product} {ergonomic}

Logging:
Log output configuration:
 #0: stdout all=warning uptime,level,tags
 #1: stderr all=off uptime,level,tags

Environment Variables:
JAVA_HOME=C:\Program Files\Android\Android Studio\jre
CLASSPATH=G:\final_dart\android\\gradle\wrapper\gradle-wrapper.jar
PATH=G:\oracle\product\10.2.0\db_8\bin;G:\oracle\product\10.2.0\db_7\bin;G:\oracle\product\10.2.0\db_6\bin;G:\oracle\product\10.2.0\db_1\bin;C:\Users\Dell\AppData\Local\Programs\Python\Python38-32;C:\Program Files\Common Files\Oracle\Java\javapath;C:\Program Files (x86)\Common Files\Oracle\Java\javapath;C:\Windows\system32;C:\Windows;C:\Windows\System32\Wbem;C:\Windows\System32\WindowsPowerShell\v1.0\;C:\Windows\System32\OpenSSH\;C:\Program Files (x86)\NVIDIA Corporation\PhysX\Common;C:\WINDOWS\system32;C:\WINDOWS;C:\WINDOWS\System32\Wbem;C:\WINDOWS\System32\WindowsPowerShell\v1.0\;C:\WINDOWS\System32\OpenSSH\;C:\Program Files (x86)\Windows Live\Shared;G:\MEGA11;C:\src\flutter\bin;C:\Program Files\Git\cmd;C:\Program Files\Microsoft SQL Server\130\Tools\Binn\;C:\Program Files\Java\jdk-15\bin;C:\src\flutter\bin;C:\tools\dart-sdk\bin;F:\Downloads\gradle-7.5.1-bin\gradle-7.5.1\bin;C:\Users\Dell\AppData\Local\Programs\Microsoft VS Code\bin;C:\Users\Dell\AppData\Local\Android\Sdk;C:\Program Files\Java\jdk-15;C:\Program Files\Android\Android Studio2\jre\bin;C:\Program Files (x86)\Java\jre1.8.0_351;F:\Downloads\dartsdk-windows-x64-release\dart-sdk;;C:\moe2014\bin;C:\Users\Dell\AppData\Local\Microsoft\WindowsApps;C:\Program Files\JetBrains\PyCharm 2022.3\bin;;C:\src\flutter\bin\mingit\cmd
USERNAME=Dell
OS=Windows_NT
PROCESSOR_IDENTIFIER=Intel64 Family 6 Model 142 Stepping 12, GenuineIntel



---------------  S Y S T E M  ---------------

OS: Windows 11 , 64 bit Build 22621 (10.0.22621.1105)
OS uptime: 0 days 0:49 hours

CPU:total 8 (initial active 8) (4 cores per cpu, 2 threads per core) family 6 model 142 stepping 12 microcode 0xde, cmov, cx8, fxsr, mmx, sse, sse2, sse3, ssse3, sse4.1, sse4.2, popcnt, avx, avx2, aes, clmul, erms, 3dnowpref, lzcnt, ht, tsc, tscinvbit, bmi1, bmi2, adx, fma

Memory: 4k page, system-wide physical 16257M (3875M free)
TotalPageFile size 17757M (AvailPageFile size 2M)
current process WorkingSet (physical memory assigned to process): 309M, peak: 311M
current process commit charge ("private bytes"): 470M, peak: 474M

vm_info: OpenJDK 64-Bit Server VM (11.0.13+0-b1751.21-8125866) for windows-amd64 JRE (11.0.13+0-b1751.21-8125866), built on Feb  2 2022 03:00:22 by "builder" with MS VC++ 14.0 (VS2015)

END.
